<?xml version="1.0" encoding="UTF-8"?>
<coverage generated="1614570534463" clover="3.2.0">
  <project timestamp="1614570534463" name="All files">
    <metrics statements="186" coveredstatements="92" conditionals="39" coveredconditionals="12" methods="15" coveredmethods="13" elements="240" coveredelements="117" complexity="0" loc="186" ncloc="186" packages="1" files="1" classes="1"/>
    <file name="index.js" path="/Users/Calvin/Desktop/Winter 2021/CSE110/cse110-w21-group3/timer/index.js">
      <metrics statements="186" coveredstatements="92" conditionals="39" coveredconditionals="12" methods="15" coveredmethods="13"/>
      <line num="11" count="9" type="stmt"/>
      <line num="16" count="9" type="stmt"/>
      <line num="21" count="9" type="stmt"/>
      <line num="26" count="9" type="stmt"/>
      <line num="31" count="9" type="stmt"/>
      <line num="36" count="9" type="stmt"/>
      <line num="42" count="9" type="stmt"/>
      <line num="49" count="9" type="stmt"/>
      <line num="54" count="9" type="stmt"/>
      <line num="59" count="9" type="stmt"/>
      <line num="64" count="9" type="stmt"/>
      <line num="69" count="9" type="stmt"/>
      <line num="74" count="9" type="stmt"/>
      <line num="79" count="9" type="stmt"/>
      <line num="84" count="9" type="stmt"/>
      <line num="95" count="9" type="stmt"/>
      <line num="105" count="9" type="stmt"/>
      <line num="117" count="9" type="stmt"/>
      <line num="128" count="9" type="stmt"/>
      <line num="140" count="9" type="stmt"/>
      <line num="146" count="9" type="stmt"/>
      <line num="151" count="9" type="stmt"/>
      <line num="156" count="9" type="stmt"/>
      <line num="161" count="9" type="stmt"/>
      <line num="166" count="9" type="stmt"/>
      <line num="171" count="9" type="stmt"/>
      <line num="177" count="9" type="stmt"/>
      <line num="183" count="9" type="stmt"/>
      <line num="204" count="9" type="stmt"/>
      <line num="225" count="9" type="stmt"/>
      <line num="226" count="9" type="stmt"/>
      <line num="238" count="9" type="stmt"/>
      <line num="241" count="1" type="stmt"/>
      <line num="242" count="1" type="stmt"/>
      <line num="245" count="1" type="cond" truecount="1" falsecount="2"/>
      <line num="247" count="0" type="stmt"/>
      <line num="248" count="0" type="stmt"/>
      <line num="249" count="0" type="stmt"/>
      <line num="251" count="0" type="stmt"/>
      <line num="252" count="0" type="stmt"/>
      <line num="253" count="0" type="stmt"/>
      <line num="255" count="1" type="stmt"/>
      <line num="259" count="1" type="cond" truecount="1" falsecount="1"/>
      <line num="260" count="0" type="cond" truecount="0" falsecount="2"/>
      <line num="261" count="0" type="cond" truecount="0" falsecount="2"/>
      <line num="263" count="0" type="cond" truecount="0" falsecount="2"/>
      <line num="266" count="0" type="stmt"/>
      <line num="267" count="0" type="cond" truecount="0" falsecount="2"/>
      <line num="271" count="0" type="stmt"/>
      <line num="272" count="0" type="stmt"/>
      <line num="273" count="0" type="stmt"/>
      <line num="274" count="0" type="stmt"/>
      <line num="275" count="0" type="stmt"/>
      <line num="280" count="0" type="stmt"/>
      <line num="281" count="0" type="stmt"/>
      <line num="282" count="0" type="stmt"/>
      <line num="283" count="0" type="stmt"/>
      <line num="284" count="0" type="stmt"/>
      <line num="290" count="0" type="stmt"/>
      <line num="291" count="0" type="stmt"/>
      <line num="292" count="0" type="stmt"/>
      <line num="293" count="0" type="stmt"/>
      <line num="294" count="0" type="stmt"/>
      <line num="297" count="0" type="stmt"/>
      <line num="301" count="0" type="stmt"/>
      <line num="302" count="0" type="stmt"/>
      <line num="305" count="0" type="stmt"/>
      <line num="310" count="0" type="stmt"/>
      <line num="313" count="0" type="stmt"/>
      <line num="318" count="1" type="stmt"/>
      <line num="319" count="1" type="stmt"/>
      <line num="320" count="1" type="stmt"/>
      <line num="321" count="1" type="stmt"/>
      <line num="322" count="1" type="stmt"/>
      <line num="326" count="1" type="stmt"/>
      <line num="332" count="9" type="stmt"/>
      <line num="333" count="9" type="stmt"/>
      <line num="342" count="1" type="stmt"/>
      <line num="344" count="1" type="stmt"/>
      <line num="345" count="1" type="stmt"/>
      <line num="346" count="1" type="stmt"/>
      <line num="349" count="1" type="stmt"/>
      <line num="350" count="1" type="stmt"/>
      <line num="351" count="1" type="stmt"/>
      <line num="353" count="1" type="cond" truecount="1" falsecount="1"/>
      <line num="354" count="0" type="stmt"/>
      <line num="355" count="0" type="stmt"/>
      <line num="358" count="1" type="stmt"/>
      <line num="359" count="1" type="stmt"/>
      <line num="363" count="1" type="cond" truecount="2" falsecount="2"/>
      <line num="364" count="1" type="stmt"/>
      <line num="365" count="0" type="cond" truecount="0" falsecount="2"/>
      <line num="367" count="0" type="stmt"/>
      <line num="370" count="0" type="stmt"/>
      <line num="380" count="1" type="stmt"/>
      <line num="381" count="1" type="stmt"/>
      <line num="382" count="1" type="stmt"/>
      <line num="391" count="9" type="stmt"/>
      <line num="392" count="9" type="stmt"/>
      <line num="393" count="9" type="stmt"/>
      <line num="394" count="9" type="stmt"/>
      <line num="395" count="9" type="stmt"/>
      <line num="397" count="9" type="stmt"/>
      <line num="400" count="0" type="cond" truecount="0" falsecount="2"/>
      <line num="401" count="0" type="stmt"/>
      <line num="402" count="0" type="stmt"/>
      <line num="403" count="0" type="stmt"/>
      <line num="404" count="0" type="stmt"/>
      <line num="405" count="0" type="stmt"/>
      <line num="406" count="0" type="stmt"/>
      <line num="410" count="0" type="stmt"/>
      <line num="411" count="0" type="stmt"/>
      <line num="412" count="0" type="stmt"/>
      <line num="413" count="0" type="stmt"/>
      <line num="414" count="0" type="stmt"/>
      <line num="415" count="0" type="stmt"/>
      <line num="416" count="0" type="stmt"/>
      <line num="417" count="0" type="stmt"/>
      <line num="420" count="0" type="stmt"/>
      <line num="427" count="9" type="stmt"/>
      <line num="429" count="0" type="stmt"/>
      <line num="430" count="0" type="cond" truecount="0" falsecount="2"/>
      <line num="432" count="0" type="stmt"/>
      <line num="433" count="0" type="stmt"/>
      <line num="434" count="0" type="stmt"/>
      <line num="435" count="0" type="stmt"/>
      <line num="436" count="0" type="stmt"/>
      <line num="437" count="0" type="cond" truecount="0" falsecount="2"/>
      <line num="439" count="0" type="stmt"/>
      <line num="440" count="0" type="stmt"/>
      <line num="441" count="0" type="stmt"/>
      <line num="442" count="0" type="stmt"/>
      <line num="443" count="0" type="stmt"/>
      <line num="444" count="0" type="cond" truecount="0" falsecount="2"/>
      <line num="446" count="0" type="stmt"/>
      <line num="447" count="0" type="stmt"/>
      <line num="448" count="0" type="stmt"/>
      <line num="449" count="0" type="stmt"/>
      <line num="450" count="0" type="stmt"/>
      <line num="451" count="0" type="cond" truecount="0" falsecount="2"/>
      <line num="453" count="0" type="stmt"/>
      <line num="454" count="0" type="stmt"/>
      <line num="455" count="0" type="stmt"/>
      <line num="456" count="0" type="stmt"/>
      <line num="457" count="0" type="stmt"/>
      <line num="461" count="0" type="stmt"/>
      <line num="463" count="0" type="stmt"/>
      <line num="469" count="11" type="stmt"/>
      <line num="471" count="9" type="stmt"/>
      <line num="473" count="9" type="stmt"/>
      <line num="474" count="8" type="cond" truecount="2" falsecount="0"/>
      <line num="475" count="4" type="stmt"/>
      <line num="491" count="11" type="stmt"/>
      <line num="493" count="11" type="stmt"/>
      <line num="495" count="11" type="stmt"/>
      <line num="498" count="11" type="cond" truecount="2" falsecount="0"/>
      <line num="501" count="10" type="stmt"/>
      <line num="503" count="11" type="stmt"/>
      <line num="505" count="11" type="stmt"/>
      <line num="507" count="11" type="stmt"/>
      <line num="509" count="11" type="stmt"/>
      <line num="510" count="11" type="stmt"/>
      <line num="512" count="11" type="stmt"/>
      <line num="521" count="11" type="stmt"/>
      <line num="524" count="11" type="stmt"/>
      <line num="525" count="12" type="stmt"/>
      <line num="527" count="4" type="stmt"/>
      <line num="529" count="4" type="stmt"/>
      <line num="542" count="2" type="cond" truecount="2" falsecount="0"/>
      <line num="543" count="1" type="stmt"/>
      <line num="546" count="1" type="stmt"/>
      <line num="550" count="9" type="cond" truecount="1" falsecount="1"/>
      <line num="551" count="0" type="stmt"/>
      <line num="552" count="0" type="stmt"/>
      <line num="553" count="0" type="stmt"/>
      <line num="554" count="0" type="stmt"/>
      <line num="555" count="0" type="stmt"/>
      <line num="556" count="0" type="stmt"/>
      <line num="557" count="0" type="stmt"/>
      <line num="558" count="0" type="stmt"/>
      <line num="559" count="0" type="stmt"/>
      <line num="560" count="0" type="stmt"/>
      <line num="561" count="0" type="stmt"/>
      <line num="562" count="0" type="stmt"/>
      <line num="563" count="0" type="stmt"/>
      <line num="564" count="0" type="stmt"/>
    </file>
  </project>
</coverage>
