<?xml version="1.0" encoding="UTF-8"?>
<coverage generated="1615100770195" clover="3.2.0">
  <project timestamp="1615100770195" name="All files">
    <metrics statements="239" coveredstatements="161" conditionals="49" coveredconditionals="28" methods="21" coveredmethods="20" elements="309" coveredelements="209" complexity="0" loc="239" ncloc="239" packages="1" files="1" classes="1"/>
    <file name="index.js" path="/Users/ruanjun/Documents/GitHub/cse110-w21-group3/timer/index.js">
      <metrics statements="239" coveredstatements="161" conditionals="49" coveredconditionals="28" methods="21" coveredmethods="20"/>
      <line num="11" count="22" type="stmt"/>
      <line num="16" count="22" type="stmt"/>
      <line num="21" count="22" type="stmt"/>
      <line num="26" count="22" type="stmt"/>
      <line num="31" count="22" type="stmt"/>
      <line num="36" count="22" type="stmt"/>
      <line num="42" count="22" type="stmt"/>
      <line num="49" count="22" type="stmt"/>
      <line num="54" count="22" type="stmt"/>
      <line num="59" count="22" type="stmt"/>
      <line num="64" count="22" type="stmt"/>
      <line num="69" count="22" type="stmt"/>
      <line num="74" count="22" type="stmt"/>
      <line num="79" count="22" type="stmt"/>
      <line num="84" count="22" type="stmt"/>
      <line num="95" count="22" type="stmt"/>
      <line num="105" count="22" type="stmt"/>
      <line num="117" count="22" type="stmt"/>
      <line num="128" count="22" type="stmt"/>
      <line num="140" count="22" type="stmt"/>
      <line num="146" count="22" type="stmt"/>
      <line num="151" count="22" type="stmt"/>
      <line num="156" count="22" type="stmt"/>
      <line num="161" count="22" type="stmt"/>
      <line num="166" count="22" type="stmt"/>
      <line num="171" count="22" type="stmt"/>
      <line num="177" count="22" type="stmt"/>
      <line num="183" count="22" type="stmt"/>
      <line num="204" count="22" type="stmt"/>
      <line num="225" count="22" type="stmt"/>
      <line num="226" count="22" type="stmt"/>
      <line num="238" count="22" type="stmt"/>
      <line num="241" count="906" type="stmt"/>
      <line num="242" count="906" type="stmt"/>
      <line num="245" count="906" type="cond" truecount="1" falsecount="2"/>
      <line num="247" count="0" type="stmt"/>
      <line num="248" count="0" type="stmt"/>
      <line num="249" count="0" type="stmt"/>
      <line num="251" count="0" type="stmt"/>
      <line num="252" count="0" type="stmt"/>
      <line num="253" count="0" type="stmt"/>
      <line num="255" count="906" type="stmt"/>
      <line num="259" count="906" type="cond" truecount="2" falsecount="0"/>
      <line num="260" count="900" type="cond" truecount="2" falsecount="0"/>
      <line num="261" count="15" type="cond" truecount="1" falsecount="1"/>
      <line num="263" count="0" type="cond" truecount="0" falsecount="2"/>
      <line num="266" count="0" type="stmt"/>
      <line num="267" count="0" type="cond" truecount="0" falsecount="2"/>
      <line num="271" count="0" type="stmt"/>
      <line num="272" count="0" type="stmt"/>
      <line num="273" count="0" type="stmt"/>
      <line num="274" count="0" type="stmt"/>
      <line num="275" count="0" type="stmt"/>
      <line num="280" count="0" type="stmt"/>
      <line num="281" count="0" type="stmt"/>
      <line num="282" count="0" type="stmt"/>
      <line num="283" count="0" type="stmt"/>
      <line num="284" count="0" type="stmt"/>
      <line num="290" count="0" type="stmt"/>
      <line num="291" count="0" type="stmt"/>
      <line num="292" count="0" type="stmt"/>
      <line num="293" count="0" type="stmt"/>
      <line num="294" count="0" type="stmt"/>
      <line num="297" count="0" type="stmt"/>
      <line num="301" count="15" type="stmt"/>
      <line num="302" count="15" type="stmt"/>
      <line num="305" count="15" type="stmt"/>
      <line num="310" count="885" type="stmt"/>
      <line num="313" count="885" type="stmt"/>
      <line num="318" count="6" type="stmt"/>
      <line num="319" count="6" type="stmt"/>
      <line num="320" count="6" type="stmt"/>
      <line num="321" count="6" type="stmt"/>
      <line num="322" count="6" type="stmt"/>
      <line num="326" count="906" type="stmt"/>
      <line num="332" count="22" type="stmt"/>
      <line num="333" count="22" type="stmt"/>
      <line num="342" count="909" type="stmt"/>
      <line num="344" count="909" type="stmt"/>
      <line num="345" count="909" type="stmt"/>
      <line num="346" count="909" type="stmt"/>
      <line num="349" count="909" type="stmt"/>
      <line num="350" count="909" type="stmt"/>
      <line num="351" count="909" type="stmt"/>
      <line num="356" count="909" type="cond" truecount="2" falsecount="0"/>
      <line num="357" count="903" type="stmt"/>
      <line num="358" count="903" type="stmt"/>
      <line num="361" count="6" type="stmt"/>
      <line num="362" count="6" type="stmt"/>
      <line num="364" count="909" type="cond" truecount="2" falsecount="0"/>
      <line num="365" count="903" type="stmt"/>
      <line num="366" count="903" type="stmt"/>
      <line num="367" count="903" type="stmt"/>
      <line num="368" count="903" type="stmt"/>
      <line num="369" count="903" type="stmt"/>
      <line num="370" count="602" type="stmt"/>
      <line num="373" count="6" type="stmt"/>
      <line num="374" count="6" type="stmt"/>
      <line num="375" count="6" type="stmt"/>
      <line num="376" count="6" type="stmt"/>
      <line num="377" count="6" type="stmt"/>
      <line num="378" count="6" type="stmt"/>
      <line num="383" count="909" type="cond" truecount="3" falsecount="1"/>
      <line num="384" count="909" type="stmt"/>
      <line num="385" count="0" type="cond" truecount="0" falsecount="2"/>
      <line num="387" count="0" type="stmt"/>
      <line num="390" count="0" type="stmt"/>
      <line num="400" count="909" type="stmt"/>
      <line num="401" count="909" type="stmt"/>
      <line num="402" count="909" type="stmt"/>
      <line num="411" count="22" type="stmt"/>
      <line num="412" count="22" type="stmt"/>
      <line num="413" count="22" type="stmt"/>
      <line num="414" count="22" type="stmt"/>
      <line num="415" count="22" type="stmt"/>
      <line num="417" count="22" type="stmt"/>
      <line num="420" count="3" type="cond" truecount="1" falsecount="1"/>
      <line num="421" count="3" type="stmt"/>
      <line num="422" count="3" type="stmt"/>
      <line num="423" count="3" type="stmt"/>
      <line num="424" count="3" type="stmt"/>
      <line num="425" count="3" type="stmt"/>
      <line num="426" count="3" type="stmt"/>
      <line num="430" count="0" type="stmt"/>
      <line num="431" count="0" type="stmt"/>
      <line num="432" count="0" type="stmt"/>
      <line num="433" count="0" type="stmt"/>
      <line num="434" count="0" type="stmt"/>
      <line num="435" count="0" type="stmt"/>
      <line num="436" count="0" type="stmt"/>
      <line num="437" count="0" type="stmt"/>
      <line num="440" count="3" type="stmt"/>
      <line num="447" count="22" type="stmt"/>
      <line num="449" count="0" type="stmt"/>
      <line num="450" count="0" type="cond" truecount="0" falsecount="2"/>
      <line num="452" count="0" type="stmt"/>
      <line num="453" count="0" type="stmt"/>
      <line num="454" count="0" type="stmt"/>
      <line num="455" count="0" type="stmt"/>
      <line num="456" count="0" type="stmt"/>
      <line num="457" count="0" type="cond" truecount="0" falsecount="2"/>
      <line num="459" count="0" type="stmt"/>
      <line num="460" count="0" type="stmt"/>
      <line num="461" count="0" type="stmt"/>
      <line num="462" count="0" type="stmt"/>
      <line num="463" count="0" type="stmt"/>
      <line num="464" count="0" type="cond" truecount="0" falsecount="2"/>
      <line num="466" count="0" type="stmt"/>
      <line num="467" count="0" type="stmt"/>
      <line num="468" count="0" type="stmt"/>
      <line num="469" count="0" type="stmt"/>
      <line num="470" count="0" type="stmt"/>
      <line num="471" count="0" type="cond" truecount="0" falsecount="2"/>
      <line num="473" count="0" type="stmt"/>
      <line num="474" count="0" type="stmt"/>
      <line num="475" count="0" type="stmt"/>
      <line num="476" count="0" type="stmt"/>
      <line num="477" count="0" type="stmt"/>
      <line num="481" count="0" type="stmt"/>
      <line num="483" count="0" type="stmt"/>
      <line num="487" count="22" type="stmt"/>
      <line num="488" count="18" type="stmt"/>
      <line num="492" count="22" type="stmt"/>
      <line num="495" count="22" type="stmt"/>
      <line num="496" count="10" type="cond" truecount="2" falsecount="0"/>
      <line num="497" count="5" type="stmt"/>
      <line num="498" count="5" type="stmt"/>
      <line num="499" count="5" type="stmt"/>
      <line num="500" count="5" type="stmt"/>
      <line num="501" count="5" type="stmt"/>
      <line num="502" count="5" type="cond" truecount="1" falsecount="1"/>
      <line num="503" count="5" type="stmt"/>
      <line num="506" count="5" type="stmt"/>
      <line num="510" count="22" type="cond" truecount="2" falsecount="0"/>
      <line num="511" count="6" type="stmt"/>
      <line num="521" count="6" type="stmt"/>
      <line num="522" count="6" type="stmt"/>
      <line num="523" count="6" type="stmt"/>
      <line num="524" count="6" type="stmt"/>
      <line num="525" count="6" type="stmt"/>
      <line num="526" count="6" type="stmt"/>
      <line num="527" count="6" type="stmt"/>
      <line num="528" count="6" type="cond" truecount="2" falsecount="0"/>
      <line num="529" count="2" type="stmt"/>
      <line num="531" count="6" type="stmt"/>
      <line num="532" count="6" type="stmt"/>
      <line num="534" count="6" type="stmt"/>
      <line num="536" count="6" type="stmt"/>
      <line num="537" count="6" type="stmt"/>
      <line num="539" count="6" type="stmt"/>
      <line num="554" count="18" type="stmt"/>
      <line num="556" count="18" type="stmt"/>
      <line num="558" count="18" type="stmt"/>
      <line num="561" count="18" type="stmt"/>
      <line num="562" count="18" type="stmt"/>
      <line num="563" count="18" type="cond" truecount="2" falsecount="0"/>
      <line num="566" count="16" type="stmt"/>
      <line num="567" count="16" type="stmt"/>
      <line num="568" count="16" type="stmt"/>
      <line num="569" count="16" type="cond" truecount="2" falsecount="0"/>
      <line num="570" count="4" type="stmt"/>
      <line num="572" count="16" type="stmt"/>
      <line num="577" count="16" type="stmt"/>
      <line num="580" count="18" type="stmt"/>
      <line num="582" count="18" type="stmt"/>
      <line num="584" count="18" type="stmt"/>
      <line num="586" count="18" type="stmt"/>
      <line num="587" count="18" type="stmt"/>
      <line num="589" count="18" type="stmt"/>
      <line num="598" count="24" type="stmt"/>
      <line num="601" count="24" type="stmt"/>
      <line num="602" count="26" type="stmt"/>
      <line num="604" count="5" type="stmt"/>
      <line num="606" count="5" type="stmt"/>
      <line num="607" count="5" type="stmt"/>
      <line num="608" count="5" type="stmt"/>
      <line num="609" count="5" type="stmt"/>
      <line num="610" count="5" type="stmt"/>
      <line num="611" count="8" type="stmt"/>
      <line num="613" count="5" type="stmt"/>
      <line num="626" count="1818" type="cond" truecount="2" falsecount="0"/>
      <line num="627" count="159" type="stmt"/>
      <line num="630" count="1659" type="stmt"/>
      <line num="634" count="22" type="cond" truecount="1" falsecount="1"/>
      <line num="635" count="0" type="stmt"/>
      <line num="636" count="0" type="stmt"/>
      <line num="637" count="0" type="stmt"/>
      <line num="638" count="0" type="stmt"/>
      <line num="639" count="0" type="stmt"/>
      <line num="640" count="0" type="stmt"/>
      <line num="641" count="0" type="stmt"/>
      <line num="642" count="0" type="stmt"/>
      <line num="643" count="0" type="stmt"/>
      <line num="644" count="0" type="stmt"/>
      <line num="645" count="0" type="stmt"/>
      <line num="646" count="0" type="stmt"/>
      <line num="647" count="0" type="stmt"/>
      <line num="648" count="0" type="stmt"/>
      <line num="649" count="0" type="stmt"/>
    </file>
  </project>
</coverage>
