{"total": {"lines":{"total":226,"covered":211,"skipped":0,"pct":93.36},"statements":{"total":228,"covered":213,"skipped":0,"pct":93.42},"functions":{"total":19,"covered":19,"skipped":0,"pct":100},"branches":{"total":47,"covered":44,"skipped":0,"pct":93.62}}
,"/Users/Calvin/Desktop/Winter 2021/CSE110/cse110-w21-group3/timer/index.js": {"lines":{"total":226,"covered":211,"skipped":0,"pct":93.36},"functions":{"total":19,"covered":19,"skipped":0,"pct":100},"statements":{"total":228,"covered":213,"skipped":0,"pct":93.42},"branches":{"total":47,"covered":44,"skipped":0,"pct":93.62}}
}
