{"total": {"lines":{"total":186,"covered":172,"skipped":0,"pct":92.47},"statements":{"total":188,"covered":174,"skipped":0,"pct":92.55},"functions":{"total":15,"covered":15,"skipped":0,"pct":100},"branches":{"total":39,"covered":37,"skipped":0,"pct":94.87}}
,"/Users/Calvin/Desktop/Winter 2021/CSE110/cse110-w21-group3/timer/index.js": {"lines":{"total":186,"covered":172,"skipped":0,"pct":92.47},"functions":{"total":15,"covered":15,"skipped":0,"pct":100},"statements":{"total":188,"covered":174,"skipped":0,"pct":92.55},"branches":{"total":39,"covered":37,"skipped":0,"pct":94.87}}
}
