TN:
SF:index.js
FN:224,(anonymous_0)
FN:236,update
FN:238,(anonymous_2)
FN:332,(anonymous_3)
FN:340,updateDOM
FN:379,setProgress
FN:389,initDOM
FN:397,(anonymous_7)
FN:427,(anonymous_8)
FN:467,(anonymous_9)
FN:473,(anonymous_10)
FN:479,(anonymous_11)
FN:498,addSaved
FN:500,(anonymous_13)
FN:530,addTask
FN:574,createCloseButtons
FN:580,(anonymous_16)
FN:588,(anonymous_17)
FN:601,doubleDigit
FNF:19
FNH:19
FNDA:138,(anonymous_0)
FNDA:138,update
FNDA:267085,(anonymous_2)
FNDA:138,(anonymous_3)
FNDA:267349,updateDOM
FNDA:267349,setProgress
FNDA:138,initDOM
FNDA:96,(anonymous_7)
FNDA:168,(anonymous_8)
FNDA:16,(anonymous_9)
FNDA:10,(anonymous_10)
FNDA:5,(anonymous_11)
FNDA:5,addSaved
FNDA:5,(anonymous_13)
FNDA:16,addTask
FNDA:21,createCloseButtons
FNDA:5,(anonymous_16)
FNDA:8,(anonymous_17)
FNDA:534698,doubleDigit
DA:11,138
DA:16,138
DA:21,138
DA:26,138
DA:31,138
DA:36,138
DA:42,138
DA:49,138
DA:54,138
DA:59,138
DA:64,138
DA:69,138
DA:74,138
DA:79,138
DA:84,138
DA:95,138
DA:105,138
DA:117,138
DA:128,138
DA:140,138
DA:146,138
DA:151,138
DA:156,138
DA:161,138
DA:166,138
DA:171,138
DA:177,138
DA:183,138
DA:204,138
DA:225,138
DA:226,138
DA:238,138
DA:241,267085
DA:242,267085
DA:245,267085
DA:247,28352
DA:248,28352
DA:249,28352
DA:251,3242
DA:252,3242
DA:253,3242
DA:255,235491
DA:259,267085
DA:260,267082
DA:261,4720
DA:263,246
DA:266,152
DA:267,152
DA:271,30
DA:272,30
DA:273,30
DA:274,30
DA:275,30
DA:280,122
DA:281,122
DA:282,122
DA:283,122
DA:284,122
DA:290,94
DA:291,94
DA:292,94
DA:293,94
DA:294,94
DA:297,246
DA:301,4474
DA:302,4474
DA:305,4474
DA:310,262362
DA:313,262362
DA:318,3
DA:319,3
DA:320,3
DA:321,3
DA:322,3
DA:326,267085
DA:332,138
DA:333,138
DA:342,267349
DA:344,267349
DA:345,267349
DA:346,267349
DA:349,267349
DA:350,267349
DA:351,267349
DA:353,267349
DA:354,267248
DA:355,267248
DA:358,101
DA:359,101
DA:363,267349
DA:364,235649
DA:365,31700
DA:367,28406
DA:370,3294
DA:380,267349
DA:381,267349
DA:382,267349
DA:391,138
DA:392,138
DA:393,138
DA:394,138
DA:395,138
DA:397,138
DA:400,96
DA:401,94
DA:402,94
DA:403,94
DA:404,94
DA:405,94
DA:406,94
DA:410,2
DA:411,2
DA:412,2
DA:413,2
DA:414,2
DA:415,2
DA:416,2
DA:417,2
DA:420,96
DA:427,138
DA:429,168
DA:430,168
DA:432,48
DA:433,48
DA:434,48
DA:435,48
DA:436,48
DA:437,120
DA:439,48
DA:440,48
DA:441,48
DA:442,48
DA:443,48
DA:444,72
DA:446,48
DA:447,48
DA:448,48
DA:449,48
DA:450,48
DA:451,24
DA:453,24
DA:454,24
DA:455,24
DA:456,24
DA:457,24
DA:461,168
DA:463,168
DA:467,138
DA:470,138
DA:473,138
DA:474,10
DA:475,5
DA:476,5
DA:477,5
DA:478,5
DA:479,5
DA:480,5
DA:481,5
DA:484,5
DA:488,138
DA:489,5
DA:499,5
DA:500,5
DA:501,5
DA:502,5
DA:503,5
DA:504,5
DA:505,5
DA:506,5
DA:507,2
DA:509,5
DA:510,5
DA:512,5
DA:514,5
DA:515,5
DA:517,5
DA:532,16
DA:534,16
DA:536,16
DA:539,16
DA:540,16
DA:541,16
DA:544,14
DA:545,14
DA:546,14
DA:547,14
DA:548,3
DA:550,14
DA:555,14
DA:558,16
DA:560,16
DA:562,16
DA:564,16
DA:565,16
DA:567,16
DA:576,21
DA:579,21
DA:580,22
DA:582,5
DA:584,5
DA:585,5
DA:586,5
DA:587,5
DA:588,5
DA:589,8
DA:591,5
DA:604,534698
DA:605,167537
DA:608,367161
DA:612,138
DA:613,0
DA:614,0
DA:615,0
DA:616,0
DA:617,0
DA:618,0
DA:619,0
DA:620,0
DA:621,0
DA:622,0
DA:623,0
DA:624,0
DA:625,0
DA:626,0
DA:627,0
LF:225
LH:210
BRDA:245,0,0,28352
BRDA:245,0,1,3242
BRDA:245,0,2,235491
BRDA:259,1,0,267082
BRDA:259,1,1,3
BRDA:260,2,0,4720
BRDA:260,2,1,262362
BRDA:261,3,0,246
BRDA:261,3,1,4474
BRDA:263,4,0,152
BRDA:263,4,1,94
BRDA:267,5,0,30
BRDA:267,5,1,122
BRDA:353,6,0,267248
BRDA:353,6,1,101
BRDA:363,7,0,235649
BRDA:363,7,1,31700
BRDA:363,8,0,267349
BRDA:363,8,1,267248
BRDA:365,9,0,28406
BRDA:365,9,1,3294
BRDA:400,10,0,94
BRDA:400,10,1,2
BRDA:430,11,0,48
BRDA:430,11,1,120
BRDA:437,12,0,48
BRDA:437,12,1,72
BRDA:444,13,0,48
BRDA:444,13,1,24
BRDA:451,14,0,24
BRDA:451,14,1,0
BRDA:474,15,0,5
BRDA:474,15,1,5
BRDA:480,16,0,5
BRDA:480,16,1,0
BRDA:488,17,0,5
BRDA:488,17,1,133
BRDA:506,18,0,2
BRDA:506,18,1,3
BRDA:541,19,0,2
BRDA:541,19,1,14
BRDA:547,20,0,3
BRDA:547,20,1,11
BRDA:604,21,0,167537
BRDA:604,21,1,367161
BRDA:612,22,0,0
BRDA:612,22,1,138
BRF:47
BRH:44
end_of_record
