TN:
SF:index.js
FN:224,(anonymous_0)
FN:236,update
FN:238,(anonymous_2)
FN:332,(anonymous_3)
FN:340,updateDOM
FN:369,(anonymous_5)
FN:377,(anonymous_6)
FN:399,setProgress
FN:409,initDOM
FN:417,(anonymous_9)
FN:447,(anonymous_10)
FN:487,(anonymous_11)
FN:495,(anonymous_12)
FN:501,(anonymous_13)
FN:520,addSaved
FN:522,(anonymous_15)
FN:552,addTask
FN:596,createCloseButtons
FN:602,(anonymous_18)
FN:610,(anonymous_19)
FN:623,doubleDigit
FNF:21
FNH:21
FNDA:118,(anonymous_0)
FNDA:118,update
FNDA:267963,(anonymous_2)
FNDA:118,(anonymous_3)
FNDA:268164,updateDOM
FNDA:602,(anonymous_5)
FNDA:3,(anonymous_6)
FNDA:268164,setProgress
FNDA:118,initDOM
FNDA:75,(anonymous_9)
FNDA:126,(anonymous_10)
FNDA:18,(anonymous_11)
FNDA:10,(anonymous_12)
FNDA:5,(anonymous_13)
FNDA:6,addSaved
FNDA:6,(anonymous_15)
FNDA:18,addTask
FNDA:24,createCloseButtons
FNDA:5,(anonymous_18)
FNDA:8,(anonymous_19)
FNDA:536328,doubleDigit
DA:11,118
DA:16,118
DA:21,118
DA:26,118
DA:31,118
DA:36,118
DA:42,118
DA:49,118
DA:54,118
DA:59,118
DA:64,118
DA:69,118
DA:74,118
DA:79,118
DA:84,118
DA:95,118
DA:105,118
DA:117,118
DA:128,118
DA:140,118
DA:146,118
DA:151,118
DA:156,118
DA:161,118
DA:166,118
DA:171,118
DA:177,118
DA:183,118
DA:204,118
DA:225,118
DA:226,118
DA:238,118
DA:241,267963
DA:242,267963
DA:245,267963
DA:247,28352
DA:248,28352
DA:249,28352
DA:251,3242
DA:252,3242
DA:253,3242
DA:255,236369
DA:259,267963
DA:260,267958
DA:261,4711
DA:263,246
DA:266,152
DA:267,152
DA:271,30
DA:272,30
DA:273,30
DA:274,30
DA:275,30
DA:280,122
DA:281,122
DA:282,122
DA:283,122
DA:284,122
DA:290,94
DA:291,94
DA:292,94
DA:293,94
DA:294,94
DA:297,246
DA:301,4465
DA:302,4465
DA:305,4465
DA:310,263247
DA:313,263247
DA:318,5
DA:319,5
DA:320,5
DA:321,5
DA:322,5
DA:326,267963
DA:332,118
DA:333,118
DA:342,268164
DA:344,268164
DA:345,268164
DA:346,268164
DA:349,268164
DA:350,268164
DA:351,268164
DA:356,268164
DA:357,268079
DA:358,268079
DA:361,85
DA:362,85
DA:364,268164
DA:365,236379
DA:366,236379
DA:367,236379
DA:368,236379
DA:369,236379
DA:370,602
DA:373,31785
DA:374,31785
DA:375,31785
DA:376,31785
DA:377,31785
DA:378,3
DA:383,268164
DA:384,236464
DA:385,31700
DA:387,28406
DA:390,3294
DA:400,268164
DA:401,268164
DA:402,268164
DA:411,118
DA:412,118
DA:413,118
DA:414,118
DA:415,118
DA:417,118
DA:420,75
DA:421,73
DA:422,73
DA:423,73
DA:424,73
DA:425,73
DA:426,73
DA:430,2
DA:431,2
DA:432,2
DA:433,2
DA:434,2
DA:435,2
DA:436,2
DA:437,2
DA:440,75
DA:447,118
DA:449,126
DA:450,126
DA:452,36
DA:453,36
DA:454,36
DA:455,36
DA:456,36
DA:457,90
DA:459,36
DA:460,36
DA:461,36
DA:462,36
DA:463,36
DA:464,54
DA:466,36
DA:467,36
DA:468,36
DA:469,36
DA:470,36
DA:473,18
DA:474,18
DA:475,18
DA:476,18
DA:477,18
DA:481,126
DA:483,126
DA:487,118
DA:488,18
DA:492,118
DA:495,118
DA:496,10
DA:497,5
DA:498,5
DA:499,5
DA:500,5
DA:501,5
DA:502,5
DA:503,5
DA:506,5
DA:510,118
DA:511,6
DA:521,6
DA:522,6
DA:523,6
DA:524,6
DA:525,6
DA:526,6
DA:527,6
DA:528,6
DA:529,2
DA:531,6
DA:532,6
DA:534,6
DA:536,6
DA:537,6
DA:539,6
DA:554,18
DA:556,18
DA:558,18
DA:561,18
DA:562,18
DA:563,18
DA:566,16
DA:567,16
DA:568,16
DA:569,16
DA:570,4
DA:572,16
DA:577,16
DA:580,18
DA:582,18
DA:584,18
DA:586,18
DA:587,18
DA:589,18
DA:598,24
DA:601,24
DA:602,26
DA:604,5
DA:606,5
DA:607,5
DA:608,5
DA:609,5
DA:610,5
DA:611,8
DA:613,5
DA:626,536328
DA:627,167650
DA:630,368678
DA:634,118
DA:635,0
DA:636,0
DA:637,0
DA:638,0
DA:639,0
DA:640,0
DA:641,0
DA:642,0
DA:643,0
DA:644,0
DA:645,0
DA:646,0
DA:647,0
DA:648,0
DA:649,0
LF:238
LH:223
BRDA:245,0,0,28352
BRDA:245,0,1,3242
BRDA:245,0,2,236369
BRDA:259,1,0,267958
BRDA:259,1,1,5
BRDA:260,2,0,4711
BRDA:260,2,1,263247
BRDA:261,3,0,246
BRDA:261,3,1,4465
BRDA:263,4,0,152
BRDA:263,4,1,94
BRDA:267,5,0,30
BRDA:267,5,1,122
BRDA:356,6,0,268079
BRDA:356,6,1,85
BRDA:364,7,0,236379
BRDA:364,7,1,31785
BRDA:383,8,0,236464
BRDA:383,8,1,31700
BRDA:383,9,0,268164
BRDA:383,9,1,268079
BRDA:385,10,0,28406
BRDA:385,10,1,3294
BRDA:420,11,0,73
BRDA:420,11,1,2
BRDA:450,12,0,36
BRDA:450,12,1,90
BRDA:457,13,0,36
BRDA:457,13,1,54
BRDA:464,14,0,36
BRDA:464,14,1,18
BRDA:496,15,0,5
BRDA:496,15,1,5
BRDA:502,16,0,5
BRDA:502,16,1,0
BRDA:510,17,0,6
BRDA:510,17,1,112
BRDA:528,18,0,2
BRDA:528,18,1,4
BRDA:563,19,0,2
BRDA:563,19,1,16
BRDA:569,20,0,4
BRDA:569,20,1,12
BRDA:626,21,0,167650
BRDA:626,21,1,368678
BRDA:634,22,0,0
BRDA:634,22,1,118
BRF:47
BRH:45
end_of_record
