{"/Users/ruanjun/Documents/GitHub/cse110-w21-group3/timer/index.js": {"path":"/Users/ruanjun/Documents/GitHub/cse110-w21-group3/timer/index.js","statementMap":{"0":{"start":{"line":11,"column":20},"end":{"line":11,"column":22}},"1":{"start":{"line":16,"column":20},"end":{"line":16,"column":21}},"2":{"start":{"line":21,"column":20},"end":{"line":21,"column":21}},"3":{"start":{"line":26,"column":20},"end":{"line":26,"column":21}},"4":{"start":{"line":31,"column":21},"end":{"line":31,"column":23}},"5":{"start":{"line":36,"column":21},"end":{"line":36,"column":22}},"6":{"start":{"line":42,"column":22},"end":{"line":42,"column":75}},"7":{"start":{"line":49,"column":23},"end":{"line":49,"column":40}},"8":{"start":{"line":54,"column":22},"end":{"line":54,"column":49}},"9":{"start":{"line":59,"column":21},"end":{"line":59,"column":53}},"10":{"start":{"line":64,"column":23},"end":{"line":64,"column":58}},"11":{"start":{"line":69,"column":23},"end":{"line":69,"column":35}},"12":{"start":{"line":74,"column":22},"end":{"line":74,"column":34}},"13":{"start":{"line":79,"column":24},"end":{"line":79,"column":36}},"14":{"start":{"line":84,"column":15},"end":{"line":89,"column":1}},"15":{"start":{"line":95,"column":16},"end":{"line":100,"column":1}},"16":{"start":{"line":105,"column":16},"end":{"line":110,"column":1}},"17":{"start":{"line":117,"column":14},"end":{"line":122,"column":1}},"18":{"start":{"line":128,"column":17},"end":{"line":133,"column":1}},"19":{"start":{"line":140,"column":18},"end":{"line":140,"column":28}},"20":{"start":{"line":146,"column":19},"end":{"line":146,"column":30}},"21":{"start":{"line":151,"column":18},"end":{"line":151,"column":52}},"22":{"start":{"line":156,"column":13},"end":{"line":156,"column":42}},"23":{"start":{"line":161,"column":19},"end":{"line":161,"column":54}},"24":{"start":{"line":166,"column":17},"end":{"line":166,"column":50}},"25":{"start":{"line":171,"column":14},"end":{"line":171,"column":42}},"26":{"start":{"line":177,"column":12},"end":{"line":177,"column":40}},"27":{"start":{"line":183,"column":12},"end":{"line":183,"column":16}},"28":{"start":{"line":204,"column":13},"end":{"line":228,"column":1}},"29":{"start":{"line":225,"column":4},"end":{"line":225,"column":13}},"30":{"start":{"line":226,"column":4},"end":{"line":226,"column":21}},"31":{"start":{"line":238,"column":2},"end":{"line":327,"column":10}},"32":{"start":{"line":241,"column":18},"end":{"line":241,"column":29}},"33":{"start":{"line":242,"column":18},"end":{"line":242,"column":29}},"34":{"start":{"line":245,"column":4},"end":{"line":256,"column":5}},"35":{"start":{"line":247,"column":8},"end":{"line":247,"column":29}},"36":{"start":{"line":248,"column":8},"end":{"line":248,"column":29}},"37":{"start":{"line":249,"column":8},"end":{"line":249,"column":13}},"38":{"start":{"line":251,"column":8},"end":{"line":251,"column":30}},"39":{"start":{"line":252,"column":8},"end":{"line":252,"column":30}},"40":{"start":{"line":253,"column":8},"end":{"line":253,"column":13}},"41":{"start":{"line":255,"column":8},"end":{"line":255,"column":13}},"42":{"start":{"line":259,"column":4},"end":{"line":323,"column":5}},"43":{"start":{"line":260,"column":6},"end":{"line":314,"column":7}},"44":{"start":{"line":261,"column":8},"end":{"line":306,"column":9}},"45":{"start":{"line":263,"column":10},"end":{"line":295,"column":11}},"46":{"start":{"line":266,"column":12},"end":{"line":266,"column":24}},"47":{"start":{"line":267,"column":12},"end":{"line":285,"column":13}},"48":{"start":{"line":271,"column":14},"end":{"line":271,"column":41}},"49":{"start":{"line":272,"column":14},"end":{"line":272,"column":41}},"50":{"start":{"line":273,"column":14},"end":{"line":273,"column":41}},"51":{"start":{"line":274,"column":14},"end":{"line":274,"column":32}},"52":{"start":{"line":275,"column":14},"end":{"line":275,"column":26}},"53":{"start":{"line":280,"column":14},"end":{"line":280,"column":40}},"54":{"start":{"line":281,"column":14},"end":{"line":281,"column":40}},"55":{"start":{"line":282,"column":14},"end":{"line":282,"column":41}},"56":{"start":{"line":283,"column":14},"end":{"line":283,"column":27}},"57":{"start":{"line":284,"column":14},"end":{"line":284,"column":26}},"58":{"start":{"line":290,"column":12},"end":{"line":290,"column":38}},"59":{"start":{"line":291,"column":12},"end":{"line":291,"column":38}},"60":{"start":{"line":292,"column":12},"end":{"line":292,"column":39}},"61":{"start":{"line":293,"column":12},"end":{"line":293,"column":29}},"62":{"start":{"line":294,"column":12},"end":{"line":294,"column":24}},"63":{"start":{"line":297,"column":10},"end":{"line":297,"column":23}},"64":{"start":{"line":301,"column":10},"end":{"line":301,"column":27}},"65":{"start":{"line":302,"column":10},"end":{"line":302,"column":24}},"66":{"start":{"line":305,"column":10},"end":{"line":305,"column":122}},"67":{"start":{"line":310,"column":8},"end":{"line":310,"column":22}},"68":{"start":{"line":313,"column":8},"end":{"line":313,"column":120}},"69":{"start":{"line":318,"column":6},"end":{"line":318,"column":19}},"70":{"start":{"line":319,"column":6},"end":{"line":319,"column":32}},"71":{"start":{"line":320,"column":6},"end":{"line":320,"column":32}},"72":{"start":{"line":321,"column":6},"end":{"line":321,"column":20}},"73":{"start":{"line":322,"column":6},"end":{"line":322,"column":33}},"74":{"start":{"line":326,"column":4},"end":{"line":326,"column":26}},"75":{"start":{"line":332,"column":0},"end":{"line":334,"column":1}},"76":{"start":{"line":333,"column":2},"end":{"line":333,"column":31}},"77":{"start":{"line":342,"column":2},"end":{"line":342,"column":24}},"78":{"start":{"line":344,"column":2},"end":{"line":344,"column":88}},"79":{"start":{"line":345,"column":2},"end":{"line":345,"column":40}},"80":{"start":{"line":346,"column":2},"end":{"line":346,"column":42}},"81":{"start":{"line":349,"column":2},"end":{"line":349,"column":59}},"82":{"start":{"line":350,"column":2},"end":{"line":350,"column":69}},"83":{"start":{"line":351,"column":2},"end":{"line":351,"column":69}},"84":{"start":{"line":356,"column":2},"end":{"line":363,"column":3}},"85":{"start":{"line":357,"column":4},"end":{"line":357,"column":67}},"86":{"start":{"line":358,"column":4},"end":{"line":358,"column":67}},"87":{"start":{"line":361,"column":4},"end":{"line":361,"column":67}},"88":{"start":{"line":362,"column":4},"end":{"line":362,"column":71}},"89":{"start":{"line":364,"column":2},"end":{"line":380,"column":3}},"90":{"start":{"line":365,"column":4},"end":{"line":365,"column":59}},"91":{"start":{"line":366,"column":4},"end":{"line":366,"column":68}},"92":{"start":{"line":367,"column":4},"end":{"line":367,"column":71}},"93":{"start":{"line":368,"column":25},"end":{"line":368,"column":65}},"94":{"start":{"line":369,"column":4},"end":{"line":371,"column":6}},"95":{"start":{"line":370,"column":6},"end":{"line":370,"column":34}},"96":{"start":{"line":373,"column":4},"end":{"line":373,"column":55}},"97":{"start":{"line":374,"column":4},"end":{"line":374,"column":64}},"98":{"start":{"line":375,"column":4},"end":{"line":375,"column":67}},"99":{"start":{"line":376,"column":25},"end":{"line":376,"column":65}},"100":{"start":{"line":377,"column":4},"end":{"line":379,"column":6}},"101":{"start":{"line":378,"column":6},"end":{"line":378,"column":30}},"102":{"start":{"line":383,"column":2},"end":{"line":391,"column":3}},"103":{"start":{"line":384,"column":4},"end":{"line":384,"column":35}},"104":{"start":{"line":385,"column":9},"end":{"line":391,"column":3}},"105":{"start":{"line":387,"column":4},"end":{"line":387,"column":35}},"106":{"start":{"line":390,"column":4},"end":{"line":390,"column":35}},"107":{"start":{"line":400,"column":14},"end":{"line":400,"column":25}},"108":{"start":{"line":401,"column":2},"end":{"line":401,"column":33}},"109":{"start":{"line":402,"column":2},"end":{"line":402,"column":55}},"110":{"start":{"line":411,"column":2},"end":{"line":411,"column":48}},"111":{"start":{"line":412,"column":2},"end":{"line":412,"column":50}},"112":{"start":{"line":413,"column":2},"end":{"line":413,"column":52}},"113":{"start":{"line":414,"column":2},"end":{"line":414,"column":46}},"114":{"start":{"line":415,"column":2},"end":{"line":415,"column":51}},"115":{"start":{"line":417,"column":2},"end":{"line":441,"column":4}},"116":{"start":{"line":420,"column":4},"end":{"line":438,"column":5}},"117":{"start":{"line":421,"column":6},"end":{"line":421,"column":33}},"118":{"start":{"line":422,"column":6},"end":{"line":422,"column":32}},"119":{"start":{"line":423,"column":6},"end":{"line":423,"column":32}},"120":{"start":{"line":424,"column":6},"end":{"line":424,"column":25}},"121":{"start":{"line":425,"column":6},"end":{"line":425,"column":17}},"122":{"start":{"line":426,"column":6},"end":{"line":426,"column":18}},"123":{"start":{"line":430,"column":6},"end":{"line":430,"column":26}},"124":{"start":{"line":431,"column":6},"end":{"line":431,"column":22}},"125":{"start":{"line":432,"column":6},"end":{"line":432,"column":18}},"126":{"start":{"line":433,"column":6},"end":{"line":433,"column":19}},"127":{"start":{"line":434,"column":6},"end":{"line":434,"column":32}},"128":{"start":{"line":435,"column":6},"end":{"line":435,"column":32}},"129":{"start":{"line":436,"column":6},"end":{"line":436,"column":33}},"130":{"start":{"line":437,"column":6},"end":{"line":437,"column":20}},"131":{"start":{"line":440,"column":4},"end":{"line":440,"column":26}},"132":{"start":{"line":447,"column":2},"end":{"line":484,"column":3}},"133":{"start":{"line":449,"column":18},"end":{"line":449,"column":49}},"134":{"start":{"line":450,"column":4},"end":{"line":478,"column":5}},"135":{"start":{"line":452,"column":6},"end":{"line":452,"column":29}},"136":{"start":{"line":453,"column":6},"end":{"line":453,"column":31}},"137":{"start":{"line":454,"column":6},"end":{"line":454,"column":32}},"138":{"start":{"line":455,"column":6},"end":{"line":455,"column":29}},"139":{"start":{"line":456,"column":6},"end":{"line":456,"column":38}},"140":{"start":{"line":457,"column":11},"end":{"line":478,"column":5}},"141":{"start":{"line":459,"column":6},"end":{"line":459,"column":29}},"142":{"start":{"line":460,"column":6},"end":{"line":460,"column":31}},"143":{"start":{"line":461,"column":6},"end":{"line":461,"column":32}},"144":{"start":{"line":462,"column":6},"end":{"line":462,"column":29}},"145":{"start":{"line":463,"column":6},"end":{"line":463,"column":38}},"146":{"start":{"line":464,"column":11},"end":{"line":478,"column":5}},"147":{"start":{"line":466,"column":6},"end":{"line":466,"column":29}},"148":{"start":{"line":467,"column":6},"end":{"line":467,"column":31}},"149":{"start":{"line":468,"column":6},"end":{"line":468,"column":32}},"150":{"start":{"line":469,"column":6},"end":{"line":469,"column":29}},"151":{"start":{"line":470,"column":6},"end":{"line":470,"column":38}},"152":{"start":{"line":473,"column":6},"end":{"line":473,"column":30}},"153":{"start":{"line":474,"column":6},"end":{"line":474,"column":32}},"154":{"start":{"line":475,"column":6},"end":{"line":475,"column":33}},"155":{"start":{"line":476,"column":6},"end":{"line":476,"column":30}},"156":{"start":{"line":477,"column":6},"end":{"line":477,"column":39}},"157":{"start":{"line":481,"column":4},"end":{"line":481,"column":35}},"158":{"start":{"line":483,"column":4},"end":{"line":483,"column":26}},"159":{"start":{"line":487,"column":2},"end":{"line":489,"column":4}},"160":{"start":{"line":488,"column":6},"end":{"line":488,"column":33}},"161":{"start":{"line":492,"column":19},"end":{"line":492,"column":47}},"162":{"start":{"line":495,"column":2},"end":{"line":508,"column":11}},"163":{"start":{"line":496,"column":4},"end":{"line":507,"column":5}},"164":{"start":{"line":497,"column":6},"end":{"line":497,"column":42}},"165":{"start":{"line":498,"column":17},"end":{"line":498,"column":44}},"166":{"start":{"line":499,"column":24},"end":{"line":499,"column":43}},"167":{"start":{"line":500,"column":20},"end":{"line":500,"column":58}},"168":{"start":{"line":501,"column":6},"end":{"line":505,"column":8}},"169":{"start":{"line":502,"column":8},"end":{"line":504,"column":9}},"170":{"start":{"line":503,"column":10},"end":{"line":503,"column":42}},"171":{"start":{"line":506,"column":6},"end":{"line":506,"column":55}},"172":{"start":{"line":510,"column":2},"end":{"line":512,"column":3}},"173":{"start":{"line":511,"column":4},"end":{"line":511,"column":32}},"174":{"start":{"line":521,"column":16},"end":{"line":521,"column":64}},"175":{"start":{"line":522,"column":2},"end":{"line":540,"column":4}},"176":{"start":{"line":523,"column":17},"end":{"line":523,"column":52}},"177":{"start":{"line":524,"column":22},"end":{"line":524,"column":50}},"178":{"start":{"line":525,"column":21},"end":{"line":525,"column":30}},"179":{"start":{"line":526,"column":4},"end":{"line":526,"column":60}},"180":{"start":{"line":527,"column":4},"end":{"line":527,"column":41}},"181":{"start":{"line":528,"column":4},"end":{"line":530,"column":5}},"182":{"start":{"line":529,"column":6},"end":{"line":529,"column":43}},"183":{"start":{"line":531,"column":4},"end":{"line":531,"column":31}},"184":{"start":{"line":532,"column":17},"end":{"line":532,"column":47}},"185":{"start":{"line":534,"column":4},"end":{"line":534,"column":28}},"186":{"start":{"line":536,"column":4},"end":{"line":536,"column":50}},"187":{"start":{"line":537,"column":4},"end":{"line":537,"column":31}},"188":{"start":{"line":539,"column":4},"end":{"line":539,"column":24}},"189":{"start":{"line":554,"column":15},"end":{"line":554,"column":43}},"190":{"start":{"line":556,"column":19},"end":{"line":556,"column":61}},"191":{"start":{"line":558,"column":2},"end":{"line":558,"column":53}},"192":{"start":{"line":561,"column":13},"end":{"line":561,"column":23}},"193":{"start":{"line":562,"column":2},"end":{"line":562,"column":29}},"194":{"start":{"line":563,"column":2},"end":{"line":578,"column":3}},"195":{"start":{"line":566,"column":4},"end":{"line":566,"column":57}},"196":{"start":{"line":567,"column":22},"end":{"line":567,"column":41}},"197":{"start":{"line":568,"column":16},"end":{"line":568,"column":18}},"198":{"start":{"line":569,"column":4},"end":{"line":571,"column":5}},"199":{"start":{"line":570,"column":6},"end":{"line":570,"column":52}},"200":{"start":{"line":572,"column":4},"end":{"line":576,"column":6}},"201":{"start":{"line":577,"column":4},"end":{"line":577,"column":53}},"202":{"start":{"line":580,"column":2},"end":{"line":580,"column":49}},"203":{"start":{"line":582,"column":15},"end":{"line":582,"column":45}},"204":{"start":{"line":584,"column":2},"end":{"line":584,"column":26}},"205":{"start":{"line":586,"column":2},"end":{"line":586,"column":48}},"206":{"start":{"line":587,"column":2},"end":{"line":587,"column":24}},"207":{"start":{"line":589,"column":2},"end":{"line":589,"column":22}},"208":{"start":{"line":598,"column":16},"end":{"line":598,"column":56}},"209":{"start":{"line":601,"column":2},"end":{"line":615,"column":3}},"210":{"start":{"line":601,"column":15},"end":{"line":601,"column":16}},"211":{"start":{"line":602,"column":4},"end":{"line":614,"column":6}},"212":{"start":{"line":604,"column":18},"end":{"line":604,"column":36}},"213":{"start":{"line":606,"column":6},"end":{"line":606,"column":32}},"214":{"start":{"line":607,"column":24},"end":{"line":607,"column":43}},"215":{"start":{"line":608,"column":18},"end":{"line":608,"column":56}},"216":{"start":{"line":609,"column":17},"end":{"line":609,"column":39}},"217":{"start":{"line":610,"column":6},"end":{"line":612,"column":8}},"218":{"start":{"line":611,"column":8},"end":{"line":611,"column":28}},"219":{"start":{"line":613,"column":6},"end":{"line":613,"column":55}},"220":{"start":{"line":626,"column":2},"end":{"line":628,"column":3}},"221":{"start":{"line":627,"column":4},"end":{"line":627,"column":20}},"222":{"start":{"line":630,"column":2},"end":{"line":630,"column":23}},"223":{"start":{"line":634,"column":0},"end":{"line":650,"column":1}},"224":{"start":{"line":635,"column":2},"end":{"line":635,"column":25}},"225":{"start":{"line":636,"column":2},"end":{"line":636,"column":21}},"226":{"start":{"line":637,"column":2},"end":{"line":637,"column":27}},"227":{"start":{"line":638,"column":2},"end":{"line":638,"column":35}},"228":{"start":{"line":639,"column":2},"end":{"line":639,"column":31}},"229":{"start":{"line":640,"column":2},"end":{"line":640,"column":35}},"230":{"start":{"line":641,"column":2},"end":{"line":641,"column":35}},"231":{"start":{"line":642,"column":2},"end":{"line":642,"column":35}},"232":{"start":{"line":643,"column":2},"end":{"line":643,"column":35}},"233":{"start":{"line":644,"column":2},"end":{"line":644,"column":37}},"234":{"start":{"line":645,"column":2},"end":{"line":645,"column":37}},"235":{"start":{"line":646,"column":2},"end":{"line":646,"column":35}},"236":{"start":{"line":647,"column":2},"end":{"line":647,"column":35}},"237":{"start":{"line":648,"column":2},"end":{"line":648,"column":27}},"238":{"start":{"line":649,"column":2},"end":{"line":649,"column":29}}},"fnMap":{"0":{"name":"(anonymous_0)","decl":{"start":{"line":224,"column":8},"end":{"line":224,"column":9}},"loc":{"start":{"line":224,"column":38},"end":{"line":227,"column":3}},"line":224},"1":{"name":"update","decl":{"start":{"line":236,"column":9},"end":{"line":236,"column":15}},"loc":{"start":{"line":236,"column":28},"end":{"line":328,"column":1}},"line":236},"2":{"name":"(anonymous_2)","decl":{"start":{"line":238,"column":14},"end":{"line":238,"column":15}},"loc":{"start":{"line":238,"column":20},"end":{"line":327,"column":3}},"line":238},"3":{"name":"(anonymous_3)","decl":{"start":{"line":332,"column":16},"end":{"line":332,"column":17}},"loc":{"start":{"line":332,"column":22},"end":{"line":334,"column":1}},"line":332},"4":{"name":"updateDOM","decl":{"start":{"line":340,"column":9},"end":{"line":340,"column":18}},"loc":{"start":{"line":340,"column":33},"end":{"line":392,"column":1}},"line":340},"5":{"name":"(anonymous_5)","decl":{"start":{"line":369,"column":37},"end":{"line":369,"column":38}},"loc":{"start":{"line":369,"column":46},"end":{"line":371,"column":5}},"line":369},"6":{"name":"(anonymous_6)","decl":{"start":{"line":377,"column":37},"end":{"line":377,"column":38}},"loc":{"start":{"line":377,"column":46},"end":{"line":379,"column":5}},"line":377},"7":{"name":"setProgress","decl":{"start":{"line":399,"column":9},"end":{"line":399,"column":20}},"loc":{"start":{"line":399,"column":31},"end":{"line":403,"column":1}},"line":399},"8":{"name":"initDOM","decl":{"start":{"line":409,"column":9},"end":{"line":409,"column":16}},"loc":{"start":{"line":409,"column":20},"end":{"line":513,"column":1}},"line":409},"9":{"name":"(anonymous_9)","decl":{"start":{"line":417,"column":62},"end":{"line":417,"column":63}},"loc":{"start":{"line":417,"column":68},"end":{"line":441,"column":3}},"line":417},"10":{"name":"(anonymous_10)","decl":{"start":{"line":447,"column":63},"end":{"line":447,"column":64}},"loc":{"start":{"line":447,"column":75},"end":{"line":484,"column":3}},"line":447},"11":{"name":"(anonymous_11)","decl":{"start":{"line":487,"column":59},"end":{"line":487,"column":60}},"loc":{"start":{"line":487,"column":65},"end":{"line":489,"column":3}},"line":487},"12":{"name":"(anonymous_12)","decl":{"start":{"line":495,"column":37},"end":{"line":495,"column":38}},"loc":{"start":{"line":495,"column":44},"end":{"line":508,"column":3}},"line":495},"13":{"name":"(anonymous_13)","decl":{"start":{"line":501,"column":20},"end":{"line":501,"column":21}},"loc":{"start":{"line":501,"column":28},"end":{"line":505,"column":7}},"line":501},"14":{"name":"addSaved","decl":{"start":{"line":520,"column":9},"end":{"line":520,"column":17}},"loc":{"start":{"line":520,"column":39},"end":{"line":541,"column":1}},"line":520},"15":{"name":"(anonymous_15)","decl":{"start":{"line":522,"column":16},"end":{"line":522,"column":17}},"loc":{"start":{"line":522,"column":24},"end":{"line":540,"column":3}},"line":522},"16":{"name":"addTask","decl":{"start":{"line":552,"column":9},"end":{"line":552,"column":16}},"loc":{"start":{"line":552,"column":38},"end":{"line":590,"column":1}},"line":552},"17":{"name":"createCloseButtons","decl":{"start":{"line":596,"column":9},"end":{"line":596,"column":27}},"loc":{"start":{"line":596,"column":31},"end":{"line":616,"column":1}},"line":596},"18":{"name":"(anonymous_18)","decl":{"start":{"line":602,"column":39},"end":{"line":602,"column":40}},"loc":{"start":{"line":602,"column":51},"end":{"line":614,"column":5}},"line":602},"19":{"name":"(anonymous_19)","decl":{"start":{"line":610,"column":27},"end":{"line":610,"column":28}},"loc":{"start":{"line":610,"column":43},"end":{"line":612,"column":7}},"line":610},"20":{"name":"doubleDigit","decl":{"start":{"line":623,"column":9},"end":{"line":623,"column":20}},"loc":{"start":{"line":623,"column":27},"end":{"line":631,"column":1}},"line":623}},"branchMap":{"0":{"loc":{"start":{"line":245,"column":4},"end":{"line":256,"column":5}},"type":"switch","locations":[{"start":{"line":246,"column":6},"end":{"line":249,"column":13}},{"start":{"line":250,"column":6},"end":{"line":253,"column":13}},{"start":{"line":254,"column":6},"end":{"line":255,"column":13}}],"line":245},"1":{"loc":{"start":{"line":259,"column":4},"end":{"line":323,"column":5}},"type":"if","locations":[{"start":{"line":259,"column":4},"end":{"line":323,"column":5}},{"start":{"line":259,"column":4},"end":{"line":323,"column":5}}],"line":259},"2":{"loc":{"start":{"line":260,"column":6},"end":{"line":314,"column":7}},"type":"if","locations":[{"start":{"line":260,"column":6},"end":{"line":314,"column":7}},{"start":{"line":260,"column":6},"end":{"line":314,"column":7}}],"line":260},"3":{"loc":{"start":{"line":261,"column":8},"end":{"line":306,"column":9}},"type":"if","locations":[{"start":{"line":261,"column":8},"end":{"line":306,"column":9}},{"start":{"line":261,"column":8},"end":{"line":306,"column":9}}],"line":261},"4":{"loc":{"start":{"line":263,"column":10},"end":{"line":295,"column":11}},"type":"if","locations":[{"start":{"line":263,"column":10},"end":{"line":295,"column":11}},{"start":{"line":263,"column":10},"end":{"line":295,"column":11}}],"line":263},"5":{"loc":{"start":{"line":267,"column":12},"end":{"line":285,"column":13}},"type":"if","locations":[{"start":{"line":267,"column":12},"end":{"line":285,"column":13}},{"start":{"line":267,"column":12},"end":{"line":285,"column":13}}],"line":267},"6":{"loc":{"start":{"line":356,"column":2},"end":{"line":363,"column":3}},"type":"if","locations":[{"start":{"line":356,"column":2},"end":{"line":363,"column":3}},{"start":{"line":356,"column":2},"end":{"line":363,"column":3}}],"line":356},"7":{"loc":{"start":{"line":364,"column":2},"end":{"line":380,"column":3}},"type":"if","locations":[{"start":{"line":364,"column":2},"end":{"line":380,"column":3}},{"start":{"line":364,"column":2},"end":{"line":380,"column":3}}],"line":364},"8":{"loc":{"start":{"line":383,"column":2},"end":{"line":391,"column":3}},"type":"if","locations":[{"start":{"line":383,"column":2},"end":{"line":391,"column":3}},{"start":{"line":383,"column":2},"end":{"line":391,"column":3}}],"line":383},"9":{"loc":{"start":{"line":383,"column":6},"end":{"line":383,"column":68}},"type":"binary-expr","locations":[{"start":{"line":383,"column":6},"end":{"line":383,"column":35}},{"start":{"line":383,"column":39},"end":{"line":383,"column":68}}],"line":383},"10":{"loc":{"start":{"line":385,"column":9},"end":{"line":391,"column":3}},"type":"if","locations":[{"start":{"line":385,"column":9},"end":{"line":391,"column":3}},{"start":{"line":385,"column":9},"end":{"line":391,"column":3}}],"line":385},"11":{"loc":{"start":{"line":420,"column":4},"end":{"line":438,"column":5}},"type":"if","locations":[{"start":{"line":420,"column":4},"end":{"line":438,"column":5}},{"start":{"line":420,"column":4},"end":{"line":438,"column":5}}],"line":420},"12":{"loc":{"start":{"line":450,"column":4},"end":{"line":478,"column":5}},"type":"if","locations":[{"start":{"line":450,"column":4},"end":{"line":478,"column":5}},{"start":{"line":450,"column":4},"end":{"line":478,"column":5}}],"line":450},"13":{"loc":{"start":{"line":457,"column":11},"end":{"line":478,"column":5}},"type":"if","locations":[{"start":{"line":457,"column":11},"end":{"line":478,"column":5}},{"start":{"line":457,"column":11},"end":{"line":478,"column":5}}],"line":457},"14":{"loc":{"start":{"line":464,"column":11},"end":{"line":478,"column":5}},"type":"if","locations":[{"start":{"line":464,"column":11},"end":{"line":478,"column":5}},{"start":{"line":464,"column":11},"end":{"line":478,"column":5}}],"line":464},"15":{"loc":{"start":{"line":496,"column":4},"end":{"line":507,"column":5}},"type":"if","locations":[{"start":{"line":496,"column":4},"end":{"line":507,"column":5}},{"start":{"line":496,"column":4},"end":{"line":507,"column":5}}],"line":496},"16":{"loc":{"start":{"line":502,"column":8},"end":{"line":504,"column":9}},"type":"if","locations":[{"start":{"line":502,"column":8},"end":{"line":504,"column":9}},{"start":{"line":502,"column":8},"end":{"line":504,"column":9}}],"line":502},"17":{"loc":{"start":{"line":510,"column":2},"end":{"line":512,"column":3}},"type":"if","locations":[{"start":{"line":510,"column":2},"end":{"line":512,"column":3}},{"start":{"line":510,"column":2},"end":{"line":512,"column":3}}],"line":510},"18":{"loc":{"start":{"line":528,"column":4},"end":{"line":530,"column":5}},"type":"if","locations":[{"start":{"line":528,"column":4},"end":{"line":530,"column":5}},{"start":{"line":528,"column":4},"end":{"line":530,"column":5}}],"line":528},"19":{"loc":{"start":{"line":563,"column":2},"end":{"line":578,"column":3}},"type":"if","locations":[{"start":{"line":563,"column":2},"end":{"line":578,"column":3}},{"start":{"line":563,"column":2},"end":{"line":578,"column":3}}],"line":563},"20":{"loc":{"start":{"line":569,"column":4},"end":{"line":571,"column":5}},"type":"if","locations":[{"start":{"line":569,"column":4},"end":{"line":571,"column":5}},{"start":{"line":569,"column":4},"end":{"line":571,"column":5}}],"line":569},"21":{"loc":{"start":{"line":626,"column":2},"end":{"line":628,"column":3}},"type":"if","locations":[{"start":{"line":626,"column":2},"end":{"line":628,"column":3}},{"start":{"line":626,"column":2},"end":{"line":628,"column":3}}],"line":626},"22":{"loc":{"start":{"line":634,"column":0},"end":{"line":650,"column":1}},"type":"if","locations":[{"start":{"line":634,"column":0},"end":{"line":650,"column":1}},{"start":{"line":634,"column":0},"end":{"line":650,"column":1}}],"line":634}},"s":{"0":3,"1":3,"2":3,"3":3,"4":3,"5":3,"6":3,"7":3,"8":3,"9":3,"10":3,"11":3,"12":3,"13":3,"14":3,"15":3,"16":3,"17":3,"18":3,"19":3,"20":3,"21":3,"22":3,"23":3,"24":3,"25":3,"26":3,"27":3,"28":3,"29":3,"30":2,"31":3,"32":18328,"33":18328,"34":18328,"35":2107,"36":2107,"37":2107,"38":901,"39":901,"40":901,"41":15320,"42":18328,"43":18318,"44":323,"45":18,"46":10,"47":10,"48":2,"49":2,"50":2,"51":2,"52":2,"53":8,"54":8,"55":8,"56":8,"57":8,"58":8,"59":8,"60":8,"61":8,"62":8,"63":18,"64":305,"65":305,"66":305,"67":17995,"68":17995,"69":10,"70":10,"71":10,"72":10,"73":10,"74":18328,"75":3,"76":3,"77":4,"78":4,"79":4,"80":4,"81":4,"82":4,"83":4,"84":4,"85":3,"86":3,"87":1,"88":1,"89":4,"90":1,"91":1,"92":1,"93":1,"94":1,"95":0,"96":3,"97":3,"98":3,"99":3,"100":3,"101":0,"102":4,"103":2,"104":2,"105":1,"106":1,"107":4,"108":4,"109":4,"110":7,"111":7,"112":7,"113":7,"114":7,"115":7,"116":0,"117":0,"118":0,"119":0,"120":0,"121":0,"122":0,"123":0,"124":0,"125":0,"126":0,"127":0,"128":0,"129":0,"130":0,"131":0,"132":6,"133":0,"134":0,"135":0,"136":0,"137":0,"138":0,"139":0,"140":0,"141":0,"142":0,"143":0,"144":0,"145":0,"146":0,"147":0,"148":0,"149":0,"150":0,"151":0,"152":0,"153":0,"154":0,"155":0,"156":0,"157":0,"158":0,"159":6,"160":0,"161":6,"162":6,"163":0,"164":0,"165":0,"166":0,"167":0,"168":0,"169":0,"170":0,"171":0,"172":6,"173":0,"174":2,"175":2,"176":2,"177":2,"178":2,"179":2,"180":2,"181":2,"182":1,"183":2,"184":2,"185":2,"186":2,"187":2,"188":2,"189":6,"190":6,"191":6,"192":6,"193":6,"194":6,"195":5,"196":5,"197":5,"198":5,"199":1,"200":5,"201":5,"202":6,"203":6,"204":6,"205":6,"206":6,"207":6,"208":0,"209":0,"210":0,"211":0,"212":0,"213":0,"214":0,"215":0,"216":0,"217":0,"218":0,"219":0,"220":10,"221":7,"222":3,"223":3,"224":3,"225":3,"226":3,"227":3,"228":3,"229":3,"230":3,"231":3,"232":3,"233":3,"234":3,"235":3,"236":3,"237":3,"238":3},"f":{"0":3,"1":3,"2":18328,"3":3,"4":4,"5":0,"6":0,"7":4,"8":7,"9":0,"10":0,"11":0,"12":0,"13":0,"14":2,"15":2,"16":6,"17":0,"18":0,"19":0,"20":10},"b":{"0":[2107,901,15320],"1":[18318,10],"2":[323,17995],"3":[18,305],"4":[10,8],"5":[2,8],"6":[3,1],"7":[1,3],"8":[2,2],"9":[4,3],"10":[1,1],"11":[0,0],"12":[0,0],"13":[0,0],"14":[0,0],"15":[0,0],"16":[0,0],"17":[0,6],"18":[1,1],"19":[1,5],"20":[1,4],"21":[7,3],"22":[3,0]},"_coverageSchema":"1a1c01bbd47fc00a2c39e90264f33305004495a9","hash":"a3eae20d9a18bffac30e40e0d675a87df69caeed"}
}
