<?xml version="1.0" encoding="UTF-8"?>
<coverage generated="1614761254013" clover="3.2.0">
  <project timestamp="1614761254013" name="All files">
    <metrics statements="226" coveredstatements="161" conditionals="47" coveredconditionals="31" methods="19" coveredmethods="11" elements="292" coveredelements="203" complexity="0" loc="226" ncloc="226" packages="1" files="1" classes="1"/>
    <file name="index.js" path="/Users/Calvin/Desktop/Winter 2021/CSE110/cse110-w21-group3/timer/index.js">
      <metrics statements="226" coveredstatements="161" conditionals="47" coveredconditionals="31" methods="19" coveredmethods="11"/>
      <line num="11" count="3" type="stmt"/>
      <line num="16" count="3" type="stmt"/>
      <line num="21" count="3" type="stmt"/>
      <line num="26" count="3" type="stmt"/>
      <line num="31" count="3" type="stmt"/>
      <line num="36" count="3" type="stmt"/>
      <line num="42" count="3" type="stmt"/>
      <line num="49" count="3" type="stmt"/>
      <line num="54" count="3" type="stmt"/>
      <line num="59" count="3" type="stmt"/>
      <line num="64" count="3" type="stmt"/>
      <line num="69" count="3" type="stmt"/>
      <line num="74" count="3" type="stmt"/>
      <line num="79" count="3" type="stmt"/>
      <line num="84" count="3" type="stmt"/>
      <line num="95" count="3" type="stmt"/>
      <line num="105" count="3" type="stmt"/>
      <line num="117" count="3" type="stmt"/>
      <line num="128" count="3" type="stmt"/>
      <line num="140" count="3" type="stmt"/>
      <line num="146" count="3" type="stmt"/>
      <line num="151" count="3" type="stmt"/>
      <line num="156" count="3" type="stmt"/>
      <line num="161" count="3" type="stmt"/>
      <line num="166" count="3" type="stmt"/>
      <line num="171" count="3" type="stmt"/>
      <line num="177" count="3" type="stmt"/>
      <line num="183" count="3" type="stmt"/>
      <line num="204" count="3" type="stmt"/>
      <line num="225" count="3" type="stmt"/>
      <line num="226" count="2" type="stmt"/>
      <line num="238" count="3" type="stmt"/>
      <line num="241" count="18328" type="stmt"/>
      <line num="242" count="18328" type="stmt"/>
      <line num="245" count="18328" type="cond" truecount="3" falsecount="0"/>
      <line num="247" count="2107" type="stmt"/>
      <line num="248" count="2107" type="stmt"/>
      <line num="249" count="2107" type="stmt"/>
      <line num="251" count="901" type="stmt"/>
      <line num="252" count="901" type="stmt"/>
      <line num="253" count="901" type="stmt"/>
      <line num="255" count="15320" type="stmt"/>
      <line num="259" count="18328" type="cond" truecount="2" falsecount="0"/>
      <line num="260" count="18318" type="cond" truecount="2" falsecount="0"/>
      <line num="261" count="323" type="cond" truecount="2" falsecount="0"/>
      <line num="263" count="18" type="cond" truecount="2" falsecount="0"/>
      <line num="266" count="10" type="stmt"/>
      <line num="267" count="10" type="cond" truecount="2" falsecount="0"/>
      <line num="271" count="2" type="stmt"/>
      <line num="272" count="2" type="stmt"/>
      <line num="273" count="2" type="stmt"/>
      <line num="274" count="2" type="stmt"/>
      <line num="275" count="2" type="stmt"/>
      <line num="280" count="8" type="stmt"/>
      <line num="281" count="8" type="stmt"/>
      <line num="282" count="8" type="stmt"/>
      <line num="283" count="8" type="stmt"/>
      <line num="284" count="8" type="stmt"/>
      <line num="290" count="8" type="stmt"/>
      <line num="291" count="8" type="stmt"/>
      <line num="292" count="8" type="stmt"/>
      <line num="293" count="8" type="stmt"/>
      <line num="294" count="8" type="stmt"/>
      <line num="297" count="18" type="stmt"/>
      <line num="301" count="305" type="stmt"/>
      <line num="302" count="305" type="stmt"/>
      <line num="305" count="305" type="stmt"/>
      <line num="310" count="17995" type="stmt"/>
      <line num="313" count="17995" type="stmt"/>
      <line num="318" count="10" type="stmt"/>
      <line num="319" count="10" type="stmt"/>
      <line num="320" count="10" type="stmt"/>
      <line num="321" count="10" type="stmt"/>
      <line num="322" count="10" type="stmt"/>
      <line num="326" count="18328" type="stmt"/>
      <line num="332" count="3" type="stmt"/>
      <line num="333" count="3" type="stmt"/>
      <line num="342" count="4" type="stmt"/>
      <line num="344" count="4" type="stmt"/>
      <line num="345" count="4" type="stmt"/>
      <line num="346" count="4" type="stmt"/>
      <line num="349" count="4" type="stmt"/>
      <line num="350" count="4" type="stmt"/>
      <line num="351" count="4" type="stmt"/>
      <line num="353" count="4" type="cond" truecount="2" falsecount="0"/>
      <line num="354" count="3" type="stmt"/>
      <line num="355" count="3" type="stmt"/>
      <line num="358" count="1" type="stmt"/>
      <line num="359" count="1" type="stmt"/>
      <line num="363" count="4" type="cond" truecount="4" falsecount="0"/>
      <line num="364" count="2" type="stmt"/>
      <line num="365" count="2" type="cond" truecount="2" falsecount="0"/>
      <line num="367" count="1" type="stmt"/>
      <line num="370" count="1" type="stmt"/>
      <line num="380" count="4" type="stmt"/>
      <line num="381" count="4" type="stmt"/>
      <line num="382" count="4" type="stmt"/>
      <line num="391" count="7" type="stmt"/>
      <line num="392" count="7" type="stmt"/>
      <line num="393" count="7" type="stmt"/>
      <line num="394" count="7" type="stmt"/>
      <line num="395" count="7" type="stmt"/>
      <line num="397" count="7" type="stmt"/>
      <line num="400" count="0" type="cond" truecount="0" falsecount="2"/>
      <line num="401" count="0" type="stmt"/>
      <line num="402" count="0" type="stmt"/>
      <line num="403" count="0" type="stmt"/>
      <line num="404" count="0" type="stmt"/>
      <line num="405" count="0" type="stmt"/>
      <line num="406" count="0" type="stmt"/>
      <line num="410" count="0" type="stmt"/>
      <line num="411" count="0" type="stmt"/>
      <line num="412" count="0" type="stmt"/>
      <line num="413" count="0" type="stmt"/>
      <line num="414" count="0" type="stmt"/>
      <line num="415" count="0" type="stmt"/>
      <line num="416" count="0" type="stmt"/>
      <line num="417" count="0" type="stmt"/>
      <line num="420" count="0" type="stmt"/>
      <line num="427" count="6" type="stmt"/>
      <line num="429" count="0" type="stmt"/>
      <line num="430" count="0" type="cond" truecount="0" falsecount="2"/>
      <line num="432" count="0" type="stmt"/>
      <line num="433" count="0" type="stmt"/>
      <line num="434" count="0" type="stmt"/>
      <line num="435" count="0" type="stmt"/>
      <line num="436" count="0" type="stmt"/>
      <line num="437" count="0" type="cond" truecount="0" falsecount="2"/>
      <line num="439" count="0" type="stmt"/>
      <line num="440" count="0" type="stmt"/>
      <line num="441" count="0" type="stmt"/>
      <line num="442" count="0" type="stmt"/>
      <line num="443" count="0" type="stmt"/>
      <line num="444" count="0" type="cond" truecount="0" falsecount="2"/>
      <line num="446" count="0" type="stmt"/>
      <line num="447" count="0" type="stmt"/>
      <line num="448" count="0" type="stmt"/>
      <line num="449" count="0" type="stmt"/>
      <line num="450" count="0" type="stmt"/>
      <line num="451" count="0" type="cond" truecount="0" falsecount="2"/>
      <line num="453" count="0" type="stmt"/>
      <line num="454" count="0" type="stmt"/>
      <line num="455" count="0" type="stmt"/>
      <line num="456" count="0" type="stmt"/>
      <line num="457" count="0" type="stmt"/>
      <line num="461" count="0" type="stmt"/>
      <line num="463" count="0" type="stmt"/>
      <line num="469" count="6" type="stmt"/>
      <line num="472" count="6" type="stmt"/>
      <line num="475" count="6" type="stmt"/>
      <line num="476" count="0" type="cond" truecount="0" falsecount="2"/>
      <line num="477" count="0" type="stmt"/>
      <line num="478" count="0" type="stmt"/>
      <line num="479" count="0" type="stmt"/>
      <line num="480" count="0" type="stmt"/>
      <line num="481" count="0" type="stmt"/>
      <line num="482" count="0" type="cond" truecount="0" falsecount="2"/>
      <line num="483" count="0" type="stmt"/>
      <line num="484" count="0" type="stmt"/>
      <line num="487" count="0" type="stmt"/>
      <line num="491" count="6" type="cond" truecount="1" falsecount="1"/>
      <line num="492" count="0" type="stmt"/>
      <line num="502" count="2" type="stmt"/>
      <line num="503" count="2" type="stmt"/>
      <line num="504" count="2" type="stmt"/>
      <line num="505" count="2" type="stmt"/>
      <line num="506" count="2" type="stmt"/>
      <line num="507" count="2" type="stmt"/>
      <line num="508" count="2" type="stmt"/>
      <line num="509" count="2" type="cond" truecount="2" falsecount="0"/>
      <line num="510" count="1" type="stmt"/>
      <line num="512" count="2" type="stmt"/>
      <line num="513" count="2" type="stmt"/>
      <line num="515" count="2" type="stmt"/>
      <line num="517" count="2" type="stmt"/>
      <line num="518" count="2" type="stmt"/>
      <line num="520" count="2" type="stmt"/>
      <line num="535" count="6" type="stmt"/>
      <line num="537" count="6" type="stmt"/>
      <line num="539" count="6" type="stmt"/>
      <line num="542" count="6" type="stmt"/>
      <line num="543" count="6" type="stmt"/>
      <line num="544" count="6" type="cond" truecount="2" falsecount="0"/>
      <line num="547" count="5" type="stmt"/>
      <line num="548" count="5" type="stmt"/>
      <line num="549" count="5" type="stmt"/>
      <line num="550" count="5" type="cond" truecount="2" falsecount="0"/>
      <line num="551" count="1" type="stmt"/>
      <line num="553" count="5" type="stmt"/>
      <line num="558" count="5" type="stmt"/>
      <line num="561" count="6" type="stmt"/>
      <line num="563" count="6" type="stmt"/>
      <line num="565" count="6" type="stmt"/>
      <line num="567" count="6" type="stmt"/>
      <line num="568" count="6" type="stmt"/>
      <line num="570" count="6" type="stmt"/>
      <line num="579" count="0" type="stmt"/>
      <line num="582" count="0" type="stmt"/>
      <line num="583" count="0" type="stmt"/>
      <line num="585" count="0" type="stmt"/>
      <line num="587" count="0" type="stmt"/>
      <line num="588" count="0" type="stmt"/>
      <line num="589" count="0" type="stmt"/>
      <line num="590" count="0" type="stmt"/>
      <line num="591" count="0" type="stmt"/>
      <line num="592" count="0" type="stmt"/>
      <line num="594" count="0" type="stmt"/>
      <line num="607" count="10" type="cond" truecount="2" falsecount="0"/>
      <line num="608" count="7" type="stmt"/>
      <line num="611" count="3" type="stmt"/>
      <line num="615" count="3" type="cond" truecount="1" falsecount="1"/>
      <line num="616" count="3" type="stmt"/>
      <line num="617" count="3" type="stmt"/>
      <line num="618" count="3" type="stmt"/>
      <line num="619" count="3" type="stmt"/>
      <line num="620" count="3" type="stmt"/>
      <line num="621" count="3" type="stmt"/>
      <line num="622" count="3" type="stmt"/>
      <line num="623" count="3" type="stmt"/>
      <line num="624" count="3" type="stmt"/>
      <line num="625" count="3" type="stmt"/>
      <line num="626" count="3" type="stmt"/>
      <line num="627" count="3" type="stmt"/>
      <line num="628" count="3" type="stmt"/>
      <line num="629" count="3" type="stmt"/>
      <line num="630" count="3" type="stmt"/>
    </file>
  </project>
</coverage>
