{"/Users/Calvin/Desktop/Winter 2021/CSE110/cse110-w21-group3/timer/index.js": {"path":"/Users/Calvin/Desktop/Winter 2021/CSE110/cse110-w21-group3/timer/index.js","statementMap":{"0":{"start":{"line":1,"column":20},"end":{"line":1,"column":22}},"1":{"start":{"line":2,"column":20},"end":{"line":2,"column":21}},"2":{"start":{"line":3,"column":20},"end":{"line":3,"column":21}},"3":{"start":{"line":4,"column":20},"end":{"line":4,"column":21}},"4":{"start":{"line":5,"column":21},"end":{"line":5,"column":23}},"5":{"start":{"line":6,"column":21},"end":{"line":6,"column":22}},"6":{"start":{"line":7,"column":22},"end":{"line":7,"column":75}},"7":{"start":{"line":8,"column":23},"end":{"line":8,"column":40}},"8":{"start":{"line":9,"column":22},"end":{"line":9,"column":49}},"9":{"start":{"line":10,"column":21},"end":{"line":10,"column":53}},"10":{"start":{"line":11,"column":23},"end":{"line":11,"column":58}},"11":{"start":{"line":12,"column":23},"end":{"line":12,"column":35}},"12":{"start":{"line":13,"column":22},"end":{"line":13,"column":34}},"13":{"start":{"line":14,"column":24},"end":{"line":14,"column":36}},"14":{"start":{"line":16,"column":15},"end":{"line":21,"column":1}},"15":{"start":{"line":23,"column":16},"end":{"line":28,"column":1}},"16":{"start":{"line":30,"column":16},"end":{"line":35,"column":1}},"17":{"start":{"line":37,"column":14},"end":{"line":42,"column":1}},"18":{"start":{"line":44,"column":17},"end":{"line":49,"column":1}},"19":{"start":{"line":51,"column":18},"end":{"line":51,"column":28}},"20":{"start":{"line":52,"column":19},"end":{"line":52,"column":30}},"21":{"start":{"line":53,"column":18},"end":{"line":53,"column":52}},"22":{"start":{"line":54,"column":13},"end":{"line":54,"column":42}},"23":{"start":{"line":55,"column":19},"end":{"line":55,"column":54}},"24":{"start":{"line":56,"column":17},"end":{"line":56,"column":50}},"25":{"start":{"line":57,"column":14},"end":{"line":57,"column":42}},"26":{"start":{"line":58,"column":12},"end":{"line":58,"column":40}},"27":{"start":{"line":59,"column":12},"end":{"line":59,"column":16}},"28":{"start":{"line":61,"column":13},"end":{"line":80,"column":1}},"29":{"start":{"line":77,"column":4},"end":{"line":77,"column":13}},"30":{"start":{"line":78,"column":4},"end":{"line":78,"column":21}},"31":{"start":{"line":88,"column":2},"end":{"line":150,"column":10}},"32":{"start":{"line":89,"column":18},"end":{"line":89,"column":29}},"33":{"start":{"line":90,"column":18},"end":{"line":90,"column":29}},"34":{"start":{"line":91,"column":4},"end":{"line":102,"column":5}},"35":{"start":{"line":93,"column":8},"end":{"line":93,"column":29}},"36":{"start":{"line":94,"column":8},"end":{"line":94,"column":29}},"37":{"start":{"line":95,"column":8},"end":{"line":95,"column":13}},"38":{"start":{"line":97,"column":8},"end":{"line":97,"column":30}},"39":{"start":{"line":98,"column":8},"end":{"line":98,"column":30}},"40":{"start":{"line":99,"column":8},"end":{"line":99,"column":13}},"41":{"start":{"line":101,"column":8},"end":{"line":101,"column":13}},"42":{"start":{"line":103,"column":4},"end":{"line":148,"column":5}},"43":{"start":{"line":104,"column":6},"end":{"line":141,"column":7}},"44":{"start":{"line":105,"column":8},"end":{"line":137,"column":9}},"45":{"start":{"line":107,"column":10},"end":{"line":131,"column":11}},"46":{"start":{"line":109,"column":12},"end":{"line":109,"column":24}},"47":{"start":{"line":110,"column":12},"end":{"line":123,"column":13}},"48":{"start":{"line":112,"column":14},"end":{"line":112,"column":41}},"49":{"start":{"line":113,"column":14},"end":{"line":113,"column":41}},"50":{"start":{"line":114,"column":14},"end":{"line":114,"column":41}},"51":{"start":{"line":115,"column":14},"end":{"line":115,"column":32}},"52":{"start":{"line":116,"column":14},"end":{"line":116,"column":26}},"53":{"start":{"line":118,"column":14},"end":{"line":118,"column":40}},"54":{"start":{"line":119,"column":14},"end":{"line":119,"column":40}},"55":{"start":{"line":120,"column":14},"end":{"line":120,"column":41}},"56":{"start":{"line":121,"column":14},"end":{"line":121,"column":27}},"57":{"start":{"line":122,"column":14},"end":{"line":122,"column":26}},"58":{"start":{"line":126,"column":12},"end":{"line":126,"column":38}},"59":{"start":{"line":127,"column":12},"end":{"line":127,"column":38}},"60":{"start":{"line":128,"column":12},"end":{"line":128,"column":39}},"61":{"start":{"line":129,"column":12},"end":{"line":129,"column":29}},"62":{"start":{"line":130,"column":12},"end":{"line":130,"column":24}},"63":{"start":{"line":132,"column":10},"end":{"line":132,"column":23}},"64":{"start":{"line":134,"column":10},"end":{"line":134,"column":27}},"65":{"start":{"line":135,"column":10},"end":{"line":135,"column":24}},"66":{"start":{"line":136,"column":10},"end":{"line":136,"column":122}},"67":{"start":{"line":139,"column":8},"end":{"line":139,"column":22}},"68":{"start":{"line":140,"column":8},"end":{"line":140,"column":120}},"69":{"start":{"line":143,"column":6},"end":{"line":143,"column":19}},"70":{"start":{"line":144,"column":6},"end":{"line":144,"column":32}},"71":{"start":{"line":145,"column":6},"end":{"line":145,"column":32}},"72":{"start":{"line":146,"column":6},"end":{"line":146,"column":20}},"73":{"start":{"line":147,"column":6},"end":{"line":147,"column":33}},"74":{"start":{"line":149,"column":4},"end":{"line":149,"column":26}},"75":{"start":{"line":155,"column":0},"end":{"line":157,"column":1}},"76":{"start":{"line":156,"column":2},"end":{"line":156,"column":31}},"77":{"start":{"line":165,"column":2},"end":{"line":165,"column":24}},"78":{"start":{"line":166,"column":2},"end":{"line":166,"column":88}},"79":{"start":{"line":167,"column":2},"end":{"line":167,"column":40}},"80":{"start":{"line":168,"column":2},"end":{"line":168,"column":42}},"81":{"start":{"line":169,"column":2},"end":{"line":169,"column":59}},"82":{"start":{"line":170,"column":2},"end":{"line":170,"column":69}},"83":{"start":{"line":171,"column":2},"end":{"line":171,"column":69}},"84":{"start":{"line":172,"column":2},"end":{"line":178,"column":3}},"85":{"start":{"line":173,"column":4},"end":{"line":173,"column":67}},"86":{"start":{"line":174,"column":4},"end":{"line":174,"column":67}},"87":{"start":{"line":176,"column":4},"end":{"line":176,"column":67}},"88":{"start":{"line":177,"column":4},"end":{"line":177,"column":71}},"89":{"start":{"line":179,"column":2},"end":{"line":185,"column":3}},"90":{"start":{"line":180,"column":4},"end":{"line":180,"column":35}},"91":{"start":{"line":181,"column":9},"end":{"line":185,"column":3}},"92":{"start":{"line":182,"column":4},"end":{"line":182,"column":35}},"93":{"start":{"line":184,"column":4},"end":{"line":184,"column":35}},"94":{"start":{"line":189,"column":14},"end":{"line":189,"column":25}},"95":{"start":{"line":190,"column":2},"end":{"line":190,"column":33}},"96":{"start":{"line":191,"column":2},"end":{"line":191,"column":55}},"97":{"start":{"line":195,"column":2},"end":{"line":195,"column":48}},"98":{"start":{"line":196,"column":2},"end":{"line":196,"column":50}},"99":{"start":{"line":197,"column":2},"end":{"line":197,"column":52}},"100":{"start":{"line":198,"column":2},"end":{"line":198,"column":46}},"101":{"start":{"line":199,"column":2},"end":{"line":199,"column":51}},"102":{"start":{"line":200,"column":2},"end":{"line":219,"column":4}},"103":{"start":{"line":201,"column":4},"end":{"line":217,"column":5}},"104":{"start":{"line":202,"column":6},"end":{"line":202,"column":33}},"105":{"start":{"line":203,"column":6},"end":{"line":203,"column":32}},"106":{"start":{"line":204,"column":6},"end":{"line":204,"column":32}},"107":{"start":{"line":205,"column":6},"end":{"line":205,"column":25}},"108":{"start":{"line":206,"column":6},"end":{"line":206,"column":17}},"109":{"start":{"line":207,"column":6},"end":{"line":207,"column":18}},"110":{"start":{"line":209,"column":6},"end":{"line":209,"column":26}},"111":{"start":{"line":210,"column":6},"end":{"line":210,"column":22}},"112":{"start":{"line":211,"column":6},"end":{"line":211,"column":18}},"113":{"start":{"line":212,"column":6},"end":{"line":212,"column":19}},"114":{"start":{"line":213,"column":6},"end":{"line":213,"column":32}},"115":{"start":{"line":214,"column":6},"end":{"line":214,"column":32}},"116":{"start":{"line":215,"column":6},"end":{"line":215,"column":33}},"117":{"start":{"line":216,"column":6},"end":{"line":216,"column":20}},"118":{"start":{"line":218,"column":4},"end":{"line":218,"column":26}},"119":{"start":{"line":221,"column":2},"end":{"line":250,"column":3}},"120":{"start":{"line":222,"column":18},"end":{"line":222,"column":49}},"121":{"start":{"line":223,"column":4},"end":{"line":247,"column":5}},"122":{"start":{"line":224,"column":6},"end":{"line":224,"column":29}},"123":{"start":{"line":225,"column":6},"end":{"line":225,"column":31}},"124":{"start":{"line":226,"column":6},"end":{"line":226,"column":32}},"125":{"start":{"line":227,"column":6},"end":{"line":227,"column":29}},"126":{"start":{"line":228,"column":6},"end":{"line":228,"column":38}},"127":{"start":{"line":229,"column":11},"end":{"line":247,"column":5}},"128":{"start":{"line":230,"column":6},"end":{"line":230,"column":29}},"129":{"start":{"line":231,"column":6},"end":{"line":231,"column":31}},"130":{"start":{"line":232,"column":6},"end":{"line":232,"column":32}},"131":{"start":{"line":233,"column":6},"end":{"line":233,"column":29}},"132":{"start":{"line":234,"column":6},"end":{"line":234,"column":38}},"133":{"start":{"line":235,"column":11},"end":{"line":247,"column":5}},"134":{"start":{"line":236,"column":6},"end":{"line":236,"column":29}},"135":{"start":{"line":237,"column":6},"end":{"line":237,"column":31}},"136":{"start":{"line":238,"column":6},"end":{"line":238,"column":32}},"137":{"start":{"line":239,"column":6},"end":{"line":239,"column":29}},"138":{"start":{"line":240,"column":6},"end":{"line":240,"column":38}},"139":{"start":{"line":241,"column":11},"end":{"line":247,"column":5}},"140":{"start":{"line":242,"column":6},"end":{"line":242,"column":30}},"141":{"start":{"line":243,"column":6},"end":{"line":243,"column":32}},"142":{"start":{"line":244,"column":6},"end":{"line":244,"column":33}},"143":{"start":{"line":245,"column":6},"end":{"line":245,"column":30}},"144":{"start":{"line":246,"column":6},"end":{"line":246,"column":39}},"145":{"start":{"line":248,"column":4},"end":{"line":248,"column":35}},"146":{"start":{"line":249,"column":4},"end":{"line":249,"column":26}},"147":{"start":{"line":253,"column":2},"end":{"line":253,"column":97}},"148":{"start":{"line":253,"column":67},"end":{"line":253,"column":94}},"149":{"start":{"line":254,"column":19},"end":{"line":254,"column":47}},"150":{"start":{"line":255,"column":2},"end":{"line":259,"column":11}},"151":{"start":{"line":256,"column":4},"end":{"line":258,"column":5}},"152":{"start":{"line":257,"column":6},"end":{"line":257,"column":42}},"153":{"start":{"line":266,"column":15},"end":{"line":266,"column":43}},"154":{"start":{"line":267,"column":19},"end":{"line":267,"column":61}},"155":{"start":{"line":268,"column":2},"end":{"line":268,"column":53}},"156":{"start":{"line":269,"column":2},"end":{"line":273,"column":3}},"157":{"start":{"line":270,"column":4},"end":{"line":270,"column":41}},"158":{"start":{"line":272,"column":4},"end":{"line":272,"column":57}},"159":{"start":{"line":274,"column":2},"end":{"line":274,"column":49}},"160":{"start":{"line":276,"column":15},"end":{"line":276,"column":45}},"161":{"start":{"line":277,"column":2},"end":{"line":277,"column":26}},"162":{"start":{"line":278,"column":2},"end":{"line":278,"column":48}},"163":{"start":{"line":279,"column":2},"end":{"line":279,"column":24}},"164":{"start":{"line":280,"column":2},"end":{"line":280,"column":22}},"165":{"start":{"line":284,"column":16},"end":{"line":284,"column":56}},"166":{"start":{"line":285,"column":2},"end":{"line":290,"column":3}},"167":{"start":{"line":286,"column":4},"end":{"line":289,"column":6}},"168":{"start":{"line":287,"column":18},"end":{"line":287,"column":36}},"169":{"start":{"line":288,"column":6},"end":{"line":288,"column":32}},"170":{"start":{"line":298,"column":2},"end":{"line":300,"column":3}},"171":{"start":{"line":299,"column":4},"end":{"line":299,"column":20}},"172":{"start":{"line":301,"column":2},"end":{"line":301,"column":23}},"173":{"start":{"line":304,"column":0},"end":{"line":318,"column":1}},"174":{"start":{"line":305,"column":2},"end":{"line":305,"column":25}},"175":{"start":{"line":306,"column":2},"end":{"line":306,"column":21}},"176":{"start":{"line":307,"column":2},"end":{"line":307,"column":27}},"177":{"start":{"line":308,"column":2},"end":{"line":308,"column":35}},"178":{"start":{"line":309,"column":2},"end":{"line":309,"column":31}},"179":{"start":{"line":310,"column":2},"end":{"line":310,"column":35}},"180":{"start":{"line":311,"column":2},"end":{"line":311,"column":35}},"181":{"start":{"line":312,"column":2},"end":{"line":312,"column":35}},"182":{"start":{"line":313,"column":2},"end":{"line":313,"column":35}},"183":{"start":{"line":314,"column":2},"end":{"line":314,"column":37}},"184":{"start":{"line":315,"column":2},"end":{"line":315,"column":37}},"185":{"start":{"line":316,"column":2},"end":{"line":316,"column":35}},"186":{"start":{"line":317,"column":2},"end":{"line":317,"column":35}}},"fnMap":{"0":{"name":"(anonymous_0)","decl":{"start":{"line":76,"column":8},"end":{"line":76,"column":9}},"loc":{"start":{"line":76,"column":38},"end":{"line":79,"column":3}},"line":76},"1":{"name":"update","decl":{"start":{"line":87,"column":9},"end":{"line":87,"column":15}},"loc":{"start":{"line":87,"column":28},"end":{"line":151,"column":1}},"line":87},"2":{"name":"(anonymous_2)","decl":{"start":{"line":88,"column":14},"end":{"line":88,"column":15}},"loc":{"start":{"line":88,"column":20},"end":{"line":150,"column":3}},"line":88},"3":{"name":"(anonymous_3)","decl":{"start":{"line":155,"column":16},"end":{"line":155,"column":17}},"loc":{"start":{"line":155,"column":22},"end":{"line":157,"column":1}},"line":155},"4":{"name":"updateDOM","decl":{"start":{"line":164,"column":9},"end":{"line":164,"column":18}},"loc":{"start":{"line":164,"column":33},"end":{"line":186,"column":1}},"line":164},"5":{"name":"setProgress","decl":{"start":{"line":188,"column":9},"end":{"line":188,"column":20}},"loc":{"start":{"line":188,"column":31},"end":{"line":192,"column":1}},"line":188},"6":{"name":"initDOM","decl":{"start":{"line":194,"column":9},"end":{"line":194,"column":16}},"loc":{"start":{"line":194,"column":20},"end":{"line":260,"column":1}},"line":194},"7":{"name":"(anonymous_7)","decl":{"start":{"line":200,"column":62},"end":{"line":200,"column":63}},"loc":{"start":{"line":200,"column":68},"end":{"line":219,"column":3}},"line":200},"8":{"name":"(anonymous_8)","decl":{"start":{"line":221,"column":63},"end":{"line":221,"column":64}},"loc":{"start":{"line":221,"column":75},"end":{"line":250,"column":3}},"line":221},"9":{"name":"(anonymous_9)","decl":{"start":{"line":253,"column":59},"end":{"line":253,"column":60}},"loc":{"start":{"line":253,"column":65},"end":{"line":253,"column":96}},"line":253},"10":{"name":"(anonymous_10)","decl":{"start":{"line":255,"column":37},"end":{"line":255,"column":38}},"loc":{"start":{"line":255,"column":44},"end":{"line":259,"column":3}},"line":255},"11":{"name":"addTask","decl":{"start":{"line":265,"column":9},"end":{"line":265,"column":16}},"loc":{"start":{"line":265,"column":38},"end":{"line":281,"column":1}},"line":265},"12":{"name":"createCloseButtons","decl":{"start":{"line":283,"column":9},"end":{"line":283,"column":27}},"loc":{"start":{"line":283,"column":31},"end":{"line":291,"column":1}},"line":283},"13":{"name":"(anonymous_13)","decl":{"start":{"line":286,"column":39},"end":{"line":286,"column":40}},"loc":{"start":{"line":286,"column":51},"end":{"line":289,"column":5}},"line":286},"14":{"name":"doubleDigit","decl":{"start":{"line":297,"column":9},"end":{"line":297,"column":20}},"loc":{"start":{"line":297,"column":27},"end":{"line":302,"column":1}},"line":297}},"branchMap":{"0":{"loc":{"start":{"line":91,"column":4},"end":{"line":102,"column":5}},"type":"switch","locations":[{"start":{"line":92,"column":6},"end":{"line":95,"column":13}},{"start":{"line":96,"column":6},"end":{"line":99,"column":13}},{"start":{"line":100,"column":6},"end":{"line":101,"column":13}}],"line":91},"1":{"loc":{"start":{"line":103,"column":4},"end":{"line":148,"column":5}},"type":"if","locations":[{"start":{"line":103,"column":4},"end":{"line":148,"column":5}},{"start":{"line":103,"column":4},"end":{"line":148,"column":5}}],"line":103},"2":{"loc":{"start":{"line":104,"column":6},"end":{"line":141,"column":7}},"type":"if","locations":[{"start":{"line":104,"column":6},"end":{"line":141,"column":7}},{"start":{"line":104,"column":6},"end":{"line":141,"column":7}}],"line":104},"3":{"loc":{"start":{"line":105,"column":8},"end":{"line":137,"column":9}},"type":"if","locations":[{"start":{"line":105,"column":8},"end":{"line":137,"column":9}},{"start":{"line":105,"column":8},"end":{"line":137,"column":9}}],"line":105},"4":{"loc":{"start":{"line":107,"column":10},"end":{"line":131,"column":11}},"type":"if","locations":[{"start":{"line":107,"column":10},"end":{"line":131,"column":11}},{"start":{"line":107,"column":10},"end":{"line":131,"column":11}}],"line":107},"5":{"loc":{"start":{"line":110,"column":12},"end":{"line":123,"column":13}},"type":"if","locations":[{"start":{"line":110,"column":12},"end":{"line":123,"column":13}},{"start":{"line":110,"column":12},"end":{"line":123,"column":13}}],"line":110},"6":{"loc":{"start":{"line":172,"column":2},"end":{"line":178,"column":3}},"type":"if","locations":[{"start":{"line":172,"column":2},"end":{"line":178,"column":3}},{"start":{"line":172,"column":2},"end":{"line":178,"column":3}}],"line":172},"7":{"loc":{"start":{"line":179,"column":2},"end":{"line":185,"column":3}},"type":"if","locations":[{"start":{"line":179,"column":2},"end":{"line":185,"column":3}},{"start":{"line":179,"column":2},"end":{"line":185,"column":3}}],"line":179},"8":{"loc":{"start":{"line":179,"column":6},"end":{"line":179,"column":68}},"type":"binary-expr","locations":[{"start":{"line":179,"column":6},"end":{"line":179,"column":35}},{"start":{"line":179,"column":39},"end":{"line":179,"column":68}}],"line":179},"9":{"loc":{"start":{"line":181,"column":9},"end":{"line":185,"column":3}},"type":"if","locations":[{"start":{"line":181,"column":9},"end":{"line":185,"column":3}},{"start":{"line":181,"column":9},"end":{"line":185,"column":3}}],"line":181},"10":{"loc":{"start":{"line":201,"column":4},"end":{"line":217,"column":5}},"type":"if","locations":[{"start":{"line":201,"column":4},"end":{"line":217,"column":5}},{"start":{"line":201,"column":4},"end":{"line":217,"column":5}}],"line":201},"11":{"loc":{"start":{"line":223,"column":4},"end":{"line":247,"column":5}},"type":"if","locations":[{"start":{"line":223,"column":4},"end":{"line":247,"column":5}},{"start":{"line":223,"column":4},"end":{"line":247,"column":5}}],"line":223},"12":{"loc":{"start":{"line":229,"column":11},"end":{"line":247,"column":5}},"type":"if","locations":[{"start":{"line":229,"column":11},"end":{"line":247,"column":5}},{"start":{"line":229,"column":11},"end":{"line":247,"column":5}}],"line":229},"13":{"loc":{"start":{"line":235,"column":11},"end":{"line":247,"column":5}},"type":"if","locations":[{"start":{"line":235,"column":11},"end":{"line":247,"column":5}},{"start":{"line":235,"column":11},"end":{"line":247,"column":5}}],"line":235},"14":{"loc":{"start":{"line":241,"column":11},"end":{"line":247,"column":5}},"type":"if","locations":[{"start":{"line":241,"column":11},"end":{"line":247,"column":5}},{"start":{"line":241,"column":11},"end":{"line":247,"column":5}}],"line":241},"15":{"loc":{"start":{"line":256,"column":4},"end":{"line":258,"column":5}},"type":"if","locations":[{"start":{"line":256,"column":4},"end":{"line":258,"column":5}},{"start":{"line":256,"column":4},"end":{"line":258,"column":5}}],"line":256},"16":{"loc":{"start":{"line":269,"column":2},"end":{"line":273,"column":3}},"type":"if","locations":[{"start":{"line":269,"column":2},"end":{"line":273,"column":3}},{"start":{"line":269,"column":2},"end":{"line":273,"column":3}}],"line":269},"17":{"loc":{"start":{"line":298,"column":2},"end":{"line":300,"column":3}},"type":"if","locations":[{"start":{"line":298,"column":2},"end":{"line":300,"column":3}},{"start":{"line":298,"column":2},"end":{"line":300,"column":3}}],"line":298},"18":{"loc":{"start":{"line":304,"column":0},"end":{"line":318,"column":1}},"type":"if","locations":[{"start":{"line":304,"column":0},"end":{"line":318,"column":1}},{"start":{"line":304,"column":0},"end":{"line":318,"column":1}}],"line":304}},"s":{"0":2,"1":2,"2":2,"3":2,"4":2,"5":2,"6":2,"7":2,"8":2,"9":2,"10":2,"11":2,"12":2,"13":2,"14":2,"15":2,"16":2,"17":2,"18":2,"19":2,"20":2,"21":2,"22":2,"23":2,"24":2,"25":2,"26":2,"27":2,"28":2,"29":2,"30":1,"31":2,"32":18328,"33":18328,"34":18328,"35":2107,"36":2107,"37":2107,"38":901,"39":901,"40":901,"41":15320,"42":18328,"43":18318,"44":323,"45":18,"46":10,"47":10,"48":2,"49":2,"50":2,"51":2,"52":2,"53":8,"54":8,"55":8,"56":8,"57":8,"58":8,"59":8,"60":8,"61":8,"62":8,"63":18,"64":305,"65":305,"66":305,"67":17995,"68":17995,"69":10,"70":10,"71":10,"72":10,"73":10,"74":18328,"75":2,"76":2,"77":4,"78":4,"79":4,"80":4,"81":4,"82":4,"83":4,"84":4,"85":3,"86":3,"87":1,"88":1,"89":4,"90":2,"91":2,"92":1,"93":1,"94":4,"95":4,"96":4,"97":6,"98":6,"99":6,"100":6,"101":6,"102":6,"103":0,"104":0,"105":0,"106":0,"107":0,"108":0,"109":0,"110":0,"111":0,"112":0,"113":0,"114":0,"115":0,"116":0,"117":0,"118":0,"119":5,"120":0,"121":0,"122":0,"123":0,"124":0,"125":0,"126":0,"127":0,"128":0,"129":0,"130":0,"131":0,"132":0,"133":0,"134":0,"135":0,"136":0,"137":0,"138":0,"139":0,"140":0,"141":0,"142":0,"143":0,"144":0,"145":0,"146":0,"147":5,"148":0,"149":5,"150":5,"151":0,"152":0,"153":0,"154":0,"155":0,"156":0,"157":0,"158":0,"159":0,"160":0,"161":0,"162":0,"163":0,"164":0,"165":0,"166":0,"167":0,"168":0,"169":0,"170":10,"171":7,"172":3,"173":2,"174":2,"175":2,"176":2,"177":2,"178":2,"179":2,"180":2,"181":2,"182":2,"183":2,"184":2,"185":2,"186":2},"f":{"0":2,"1":2,"2":18328,"3":2,"4":4,"5":4,"6":6,"7":0,"8":0,"9":0,"10":0,"11":0,"12":0,"13":0,"14":10},"b":{"0":[2107,901,15320],"1":[18318,10],"2":[323,17995],"3":[18,305],"4":[10,8],"5":[2,8],"6":[3,1],"7":[2,2],"8":[4,3],"9":[1,1],"10":[0,0],"11":[0,0],"12":[0,0],"13":[0,0],"14":[0,0],"15":[0,0],"16":[0,0],"17":[7,3],"18":[2,0]},"_coverageSchema":"1a1c01bbd47fc00a2c39e90264f33305004495a9","hash":"1e5de57f00b880736a009e71e834182db70b1478"}
}
