TN:
SF:index.js
FN:76,(anonymous_0)
FN:87,update
FN:88,(anonymous_2)
FN:155,(anonymous_3)
FN:164,updateDOM
FN:188,setProgress
FN:194,initDOM
FN:200,(anonymous_7)
FN:221,(anonymous_8)
FN:253,(anonymous_9)
FN:255,(anonymous_10)
FN:265,addTask
FN:283,createCloseButtons
FN:286,(anonymous_13)
FN:297,doubleDigit
FNF:15
FNH:9
FNDA:3,(anonymous_0)
FNDA:3,update
FNDA:18328,(anonymous_2)
FNDA:3,(anonymous_3)
FNDA:4,updateDOM
FNDA:4,setProgress
FNDA:7,initDOM
FNDA:0,(anonymous_7)
FNDA:0,(anonymous_8)
FNDA:0,(anonymous_9)
FNDA:0,(anonymous_10)
FNDA:2,addTask
FNDA:0,createCloseButtons
FNDA:0,(anonymous_13)
FNDA:10,doubleDigit
DA:1,3
DA:2,3
DA:3,3
DA:4,3
DA:5,3
DA:6,3
DA:7,3
DA:8,3
DA:9,3
DA:10,3
DA:11,3
DA:12,3
DA:13,3
DA:14,3
DA:16,3
DA:23,3
DA:30,3
DA:37,3
DA:44,3
DA:51,3
DA:52,3
DA:53,3
DA:54,3
DA:55,3
DA:56,3
DA:57,3
DA:58,3
DA:59,3
DA:61,3
DA:77,3
DA:78,2
DA:88,3
DA:89,18328
DA:90,18328
DA:91,18328
DA:93,2107
DA:94,2107
DA:95,2107
DA:97,901
DA:98,901
DA:99,901
DA:101,15320
DA:103,18328
DA:104,18318
DA:105,323
DA:107,18
DA:109,10
DA:110,10
DA:112,2
DA:113,2
DA:114,2
DA:115,2
DA:116,2
DA:118,8
DA:119,8
DA:120,8
DA:121,8
DA:122,8
DA:126,8
DA:127,8
DA:128,8
DA:129,8
DA:130,8
DA:132,18
DA:134,305
DA:135,305
DA:136,305
DA:139,17995
DA:140,17995
DA:143,10
DA:144,10
DA:145,10
DA:146,10
DA:147,10
DA:149,18328
DA:155,3
DA:156,3
DA:165,4
DA:166,4
DA:167,4
DA:168,4
DA:169,4
DA:170,4
DA:171,4
DA:172,4
DA:173,3
DA:174,3
DA:176,1
DA:177,1
DA:179,4
DA:180,2
DA:181,2
DA:182,1
DA:184,1
DA:189,4
DA:190,4
DA:191,4
DA:195,7
DA:196,7
DA:197,7
DA:198,7
DA:199,7
DA:200,7
DA:201,0
DA:202,0
DA:203,0
DA:204,0
DA:205,0
DA:206,0
DA:207,0
DA:209,0
DA:210,0
DA:211,0
DA:212,0
DA:213,0
DA:214,0
DA:215,0
DA:216,0
DA:218,0
DA:221,6
DA:222,0
DA:223,0
DA:224,0
DA:225,0
DA:226,0
DA:227,0
DA:228,0
DA:229,0
DA:230,0
DA:231,0
DA:232,0
DA:233,0
DA:234,0
DA:235,0
DA:236,0
DA:237,0
DA:238,0
DA:239,0
DA:240,0
DA:241,0
DA:242,0
DA:243,0
DA:244,0
DA:245,0
DA:246,0
DA:248,0
DA:249,0
DA:253,6
DA:254,6
DA:255,6
DA:256,0
DA:257,0
DA:266,2
DA:267,2
DA:268,2
DA:269,2
DA:272,1
DA:274,2
DA:276,2
DA:277,2
DA:278,2
DA:279,2
DA:280,2
DA:284,0
DA:285,0
DA:286,0
DA:287,0
DA:288,0
DA:298,10
DA:299,7
DA:301,3
DA:304,3
DA:305,3
DA:306,3
DA:307,3
DA:308,3
DA:309,3
DA:310,3
DA:311,3
DA:312,3
DA:313,3
DA:314,3
DA:315,3
DA:316,3
DA:317,3
DA:318,3
LF:186
LH:136
BRDA:91,0,0,2107
BRDA:91,0,1,901
BRDA:91,0,2,15320
BRDA:103,1,0,18318
BRDA:103,1,1,10
BRDA:104,2,0,323
BRDA:104,2,1,17995
BRDA:105,3,0,18
BRDA:105,3,1,305
BRDA:107,4,0,10
BRDA:107,4,1,8
BRDA:110,5,0,2
BRDA:110,5,1,8
BRDA:172,6,0,3
BRDA:172,6,1,1
BRDA:179,7,0,2
BRDA:179,7,1,2
BRDA:179,8,0,4
BRDA:179,8,1,3
BRDA:181,9,0,1
BRDA:181,9,1,1
BRDA:201,10,0,0
BRDA:201,10,1,0
BRDA:223,11,0,0
BRDA:223,11,1,0
BRDA:229,12,0,0
BRDA:229,12,1,0
BRDA:235,13,0,0
BRDA:235,13,1,0
BRDA:241,14,0,0
BRDA:241,14,1,0
BRDA:256,15,0,0
BRDA:256,15,1,0
BRDA:269,16,0,1
BRDA:269,16,1,1
BRDA:298,17,0,7
BRDA:298,17,1,3
BRDA:304,18,0,3
BRDA:304,18,1,0
BRF:39
BRH:26
end_of_record
