TN:
SF:index.js
FN:224,(anonymous_0)
FN:236,update
FN:238,(anonymous_2)
FN:332,(anonymous_3)
FN:340,updateDOM
FN:376,(anonymous_5)
FN:382,(anonymous_6)
FN:394,setProgress
FN:404,initDOM
FN:412,(anonymous_9)
FN:442,(anonymous_10)
FN:482,(anonymous_11)
FN:490,(anonymous_12)
FN:496,(anonymous_13)
FN:515,addSaved
FN:517,(anonymous_15)
FN:547,addTask
FN:591,createCloseButtons
FN:597,(anonymous_18)
FN:605,(anonymous_19)
FN:618,doubleDigit
FNF:21
FNH:11
FNDA:3,(anonymous_0)
FNDA:3,update
FNDA:18328,(anonymous_2)
FNDA:3,(anonymous_3)
FNDA:4,updateDOM
FNDA:0,(anonymous_5)
FNDA:0,(anonymous_6)
FNDA:4,setProgress
FNDA:7,initDOM
FNDA:0,(anonymous_9)
FNDA:0,(anonymous_10)
FNDA:0,(anonymous_11)
FNDA:0,(anonymous_12)
FNDA:0,(anonymous_13)
FNDA:2,addSaved
FNDA:2,(anonymous_15)
FNDA:6,addTask
FNDA:0,createCloseButtons
FNDA:0,(anonymous_18)
FNDA:0,(anonymous_19)
FNDA:10,doubleDigit
DA:11,3
DA:16,3
DA:21,3
DA:26,3
DA:31,3
DA:36,3
DA:42,3
DA:49,3
DA:54,3
DA:59,3
DA:64,3
DA:69,3
DA:74,3
DA:79,3
DA:84,3
DA:95,3
DA:105,3
DA:117,3
DA:128,3
DA:140,3
DA:146,3
DA:151,3
DA:156,3
DA:161,3
DA:166,3
DA:171,3
DA:177,3
DA:183,3
DA:204,3
DA:225,3
DA:226,2
DA:238,3
DA:241,18328
DA:242,18328
DA:245,18328
DA:247,2107
DA:248,2107
DA:249,2107
DA:251,901
DA:252,901
DA:253,901
DA:255,15320
DA:259,18328
DA:260,18318
DA:261,323
DA:263,18
DA:266,10
DA:267,10
DA:271,2
DA:272,2
DA:273,2
DA:274,2
DA:275,2
DA:280,8
DA:281,8
DA:282,8
DA:283,8
DA:284,8
DA:290,8
DA:291,8
DA:292,8
DA:293,8
DA:294,8
DA:297,18
DA:301,305
DA:302,305
DA:305,305
DA:310,17995
DA:313,17995
DA:318,10
DA:319,10
DA:320,10
DA:321,10
DA:322,10
DA:326,18328
DA:332,3
DA:333,3
DA:342,4
DA:344,4
DA:345,4
DA:346,4
DA:349,4
DA:350,4
DA:351,4
DA:353,4
DA:354,3
DA:355,3
DA:358,1
DA:359,1
DA:363,4
DA:364,2
DA:365,2
DA:367,1
DA:370,1
DA:373,4
DA:374,3
DA:375,3
DA:376,3
DA:377,0
DA:380,1
DA:381,1
DA:382,1
DA:383,0
DA:395,4
DA:396,4
DA:397,4
DA:406,7
DA:407,7
DA:408,7
DA:409,7
DA:410,7
DA:412,7
DA:415,0
DA:416,0
DA:417,0
DA:418,0
DA:419,0
DA:420,0
DA:421,0
DA:425,0
DA:426,0
DA:427,0
DA:428,0
DA:429,0
DA:430,0
DA:431,0
DA:432,0
DA:435,0
DA:442,6
DA:444,0
DA:445,0
DA:447,0
DA:448,0
DA:449,0
DA:450,0
DA:451,0
DA:452,0
DA:454,0
DA:455,0
DA:456,0
DA:457,0
DA:458,0
DA:459,0
DA:461,0
DA:462,0
DA:463,0
DA:464,0
DA:465,0
DA:466,0
DA:468,0
DA:469,0
DA:470,0
DA:471,0
DA:472,0
DA:476,0
DA:478,0
DA:482,6
DA:483,0
DA:487,6
DA:490,6
DA:491,0
DA:492,0
DA:493,0
DA:494,0
DA:495,0
DA:496,0
DA:497,0
DA:498,0
DA:501,0
DA:505,6
DA:506,0
DA:516,2
DA:517,2
DA:518,2
DA:519,2
DA:520,2
DA:521,2
DA:522,2
DA:523,2
DA:524,1
DA:526,2
DA:527,2
DA:529,2
DA:531,2
DA:532,2
DA:534,2
DA:549,6
DA:551,6
DA:553,6
DA:556,6
DA:557,6
DA:558,6
DA:561,5
DA:562,5
DA:563,5
DA:564,5
DA:565,1
DA:567,5
DA:572,5
DA:575,6
DA:577,6
DA:579,6
DA:581,6
DA:582,6
DA:584,6
DA:593,0
DA:596,0
DA:597,0
DA:599,0
DA:601,0
DA:602,0
DA:603,0
DA:604,0
DA:605,0
DA:606,0
DA:608,0
DA:621,10
DA:622,7
DA:625,3
DA:629,3
DA:630,3
DA:631,3
DA:632,3
DA:633,3
DA:634,3
DA:635,3
DA:636,3
DA:637,3
DA:638,3
DA:639,3
DA:640,3
DA:641,3
DA:642,3
DA:643,3
DA:644,3
LF:235
LH:168
BRDA:245,0,0,2107
BRDA:245,0,1,901
BRDA:245,0,2,15320
BRDA:259,1,0,18318
BRDA:259,1,1,10
BRDA:260,2,0,323
BRDA:260,2,1,17995
BRDA:261,3,0,18
BRDA:261,3,1,305
BRDA:263,4,0,10
BRDA:263,4,1,8
BRDA:267,5,0,2
BRDA:267,5,1,8
BRDA:353,6,0,3
BRDA:353,6,1,1
BRDA:363,7,0,2
BRDA:363,7,1,2
BRDA:363,8,0,4
BRDA:363,8,1,3
BRDA:365,9,0,1
BRDA:365,9,1,1
BRDA:373,10,0,3
BRDA:373,10,1,1
BRDA:415,11,0,0
BRDA:415,11,1,0
BRDA:445,12,0,0
BRDA:445,12,1,0
BRDA:452,13,0,0
BRDA:452,13,1,0
BRDA:459,14,0,0
BRDA:459,14,1,0
BRDA:466,15,0,0
BRDA:466,15,1,0
BRDA:491,16,0,0
BRDA:491,16,1,0
BRDA:497,17,0,0
BRDA:497,17,1,0
BRDA:505,18,0,0
BRDA:505,18,1,6
BRDA:523,19,0,1
BRDA:523,19,1,1
BRDA:558,20,0,1
BRDA:558,20,1,5
BRDA:564,21,0,1
BRDA:564,21,1,4
BRDA:621,22,0,7
BRDA:621,22,1,3
BRDA:629,23,0,3
BRDA:629,23,1,0
BRF:49
BRH:33
end_of_record
