<?xml version="1.0" encoding="UTF-8"?>
<coverage generated="1614151933520" clover="3.2.0">
  <project timestamp="1614151933521" name="All files">
    <metrics statements="160" coveredstatements="120" conditionals="35" coveredconditionals="24" methods="10" coveredmethods="7" elements="205" coveredelements="151" complexity="0" loc="160" ncloc="160" packages="1" files="1" classes="1"/>
    <file name="index.js" path="/Users/Calvin/Desktop/Winter 2021/CSE110/cse110-w21-group3/timer/index.js">
      <metrics statements="160" coveredstatements="120" conditionals="35" coveredconditionals="24" methods="10" coveredmethods="7"/>
      <line num="1" count="2" type="stmt"/>
      <line num="2" count="2" type="stmt"/>
      <line num="3" count="2" type="stmt"/>
      <line num="4" count="2" type="stmt"/>
      <line num="5" count="2" type="stmt"/>
      <line num="6" count="2" type="stmt"/>
      <line num="7" count="2" type="stmt"/>
      <line num="8" count="2" type="stmt"/>
      <line num="9" count="2" type="stmt"/>
      <line num="10" count="2" type="stmt"/>
      <line num="11" count="2" type="stmt"/>
      <line num="12" count="2" type="stmt"/>
      <line num="13" count="2" type="stmt"/>
      <line num="14" count="2" type="stmt"/>
      <line num="16" count="2" type="stmt"/>
      <line num="23" count="2" type="stmt"/>
      <line num="30" count="2" type="stmt"/>
      <line num="37" count="2" type="stmt"/>
      <line num="44" count="2" type="stmt"/>
      <line num="51" count="2" type="stmt"/>
      <line num="52" count="2" type="stmt"/>
      <line num="53" count="2" type="stmt"/>
      <line num="54" count="2" type="stmt"/>
      <line num="55" count="2" type="stmt"/>
      <line num="56" count="2" type="stmt"/>
      <line num="57" count="2" type="stmt"/>
      <line num="58" count="2" type="stmt"/>
      <line num="59" count="2" type="stmt"/>
      <line num="61" count="2" type="stmt"/>
      <line num="77" count="1" type="stmt"/>
      <line num="78" count="1" type="stmt"/>
      <line num="88" count="1" type="stmt"/>
      <line num="89" count="18328" type="stmt"/>
      <line num="90" count="18328" type="stmt"/>
      <line num="91" count="18328" type="cond" truecount="3" falsecount="0"/>
      <line num="93" count="2107" type="stmt"/>
      <line num="94" count="2107" type="stmt"/>
      <line num="95" count="2107" type="stmt"/>
      <line num="97" count="901" type="stmt"/>
      <line num="98" count="901" type="stmt"/>
      <line num="99" count="901" type="stmt"/>
      <line num="101" count="15320" type="stmt"/>
      <line num="103" count="18328" type="cond" truecount="2" falsecount="0"/>
      <line num="104" count="18318" type="cond" truecount="2" falsecount="0"/>
      <line num="105" count="323" type="cond" truecount="2" falsecount="0"/>
      <line num="107" count="18" type="cond" truecount="2" falsecount="0"/>
      <line num="109" count="10" type="stmt"/>
      <line num="110" count="10" type="cond" truecount="2" falsecount="0"/>
      <line num="112" count="2" type="stmt"/>
      <line num="113" count="2" type="stmt"/>
      <line num="114" count="2" type="stmt"/>
      <line num="115" count="2" type="stmt"/>
      <line num="116" count="2" type="stmt"/>
      <line num="118" count="8" type="stmt"/>
      <line num="119" count="8" type="stmt"/>
      <line num="120" count="8" type="stmt"/>
      <line num="121" count="8" type="stmt"/>
      <line num="122" count="8" type="stmt"/>
      <line num="126" count="8" type="stmt"/>
      <line num="127" count="8" type="stmt"/>
      <line num="128" count="8" type="stmt"/>
      <line num="129" count="8" type="stmt"/>
      <line num="130" count="8" type="stmt"/>
      <line num="132" count="18" type="stmt"/>
      <line num="134" count="305" type="stmt"/>
      <line num="135" count="305" type="stmt"/>
      <line num="136" count="305" type="stmt"/>
      <line num="139" count="17995" type="stmt"/>
      <line num="140" count="17995" type="stmt"/>
      <line num="143" count="10" type="stmt"/>
      <line num="144" count="10" type="stmt"/>
      <line num="145" count="10" type="stmt"/>
      <line num="146" count="10" type="stmt"/>
      <line num="147" count="10" type="stmt"/>
      <line num="149" count="18328" type="stmt"/>
      <line num="155" count="2" type="stmt"/>
      <line num="156" count="0" type="stmt"/>
      <line num="165" count="4" type="stmt"/>
      <line num="166" count="4" type="stmt"/>
      <line num="167" count="4" type="stmt"/>
      <line num="168" count="4" type="stmt"/>
      <line num="169" count="4" type="stmt"/>
      <line num="170" count="4" type="stmt"/>
      <line num="171" count="4" type="stmt"/>
      <line num="172" count="4" type="cond" truecount="2" falsecount="0"/>
      <line num="173" count="3" type="stmt"/>
      <line num="174" count="3" type="stmt"/>
      <line num="176" count="1" type="stmt"/>
      <line num="177" count="1" type="stmt"/>
      <line num="179" count="4" type="cond" truecount="4" falsecount="0"/>
      <line num="180" count="2" type="stmt"/>
      <line num="181" count="2" type="cond" truecount="2" falsecount="0"/>
      <line num="182" count="1" type="stmt"/>
      <line num="184" count="1" type="stmt"/>
      <line num="189" count="4" type="stmt"/>
      <line num="190" count="4" type="stmt"/>
      <line num="191" count="4" type="stmt"/>
      <line num="195" count="4" type="stmt"/>
      <line num="196" count="4" type="stmt"/>
      <line num="197" count="4" type="stmt"/>
      <line num="198" count="4" type="stmt"/>
      <line num="199" count="4" type="stmt"/>
      <line num="200" count="4" type="stmt"/>
      <line num="201" count="0" type="cond" truecount="0" falsecount="2"/>
      <line num="202" count="0" type="stmt"/>
      <line num="203" count="0" type="stmt"/>
      <line num="204" count="0" type="stmt"/>
      <line num="205" count="0" type="stmt"/>
      <line num="206" count="0" type="stmt"/>
      <line num="207" count="0" type="stmt"/>
      <line num="209" count="0" type="stmt"/>
      <line num="210" count="0" type="stmt"/>
      <line num="211" count="0" type="stmt"/>
      <line num="213" count="0" type="stmt"/>
      <line num="216" count="4" type="stmt"/>
      <line num="217" count="0" type="stmt"/>
      <line num="218" count="0" type="stmt"/>
      <line num="219" count="0" type="cond" truecount="0" falsecount="2"/>
      <line num="220" count="0" type="stmt"/>
      <line num="221" count="0" type="stmt"/>
      <line num="222" count="0" type="stmt"/>
      <line num="223" count="0" type="stmt"/>
      <line num="224" count="0" type="stmt"/>
      <line num="225" count="0" type="cond" truecount="0" falsecount="2"/>
      <line num="226" count="0" type="stmt"/>
      <line num="227" count="0" type="stmt"/>
      <line num="228" count="0" type="stmt"/>
      <line num="229" count="0" type="stmt"/>
      <line num="230" count="0" type="stmt"/>
      <line num="231" count="0" type="cond" truecount="0" falsecount="2"/>
      <line num="232" count="0" type="stmt"/>
      <line num="233" count="0" type="stmt"/>
      <line num="234" count="0" type="stmt"/>
      <line num="235" count="0" type="stmt"/>
      <line num="236" count="0" type="stmt"/>
      <line num="237" count="0" type="cond" truecount="0" falsecount="2"/>
      <line num="238" count="0" type="stmt"/>
      <line num="239" count="0" type="stmt"/>
      <line num="240" count="0" type="stmt"/>
      <line num="241" count="0" type="stmt"/>
      <line num="242" count="0" type="stmt"/>
      <line num="244" count="0" type="stmt"/>
      <line num="245" count="0" type="stmt"/>
      <line num="254" count="10" type="cond" truecount="2" falsecount="0"/>
      <line num="255" count="7" type="stmt"/>
      <line num="257" count="3" type="stmt"/>
      <line num="260" count="2" type="cond" truecount="1" falsecount="1"/>
      <line num="261" count="2" type="stmt"/>
      <line num="262" count="2" type="stmt"/>
      <line num="263" count="2" type="stmt"/>
      <line num="264" count="2" type="stmt"/>
      <line num="265" count="2" type="stmt"/>
      <line num="266" count="2" type="stmt"/>
      <line num="267" count="2" type="stmt"/>
      <line num="268" count="2" type="stmt"/>
      <line num="269" count="2" type="stmt"/>
      <line num="270" count="2" type="stmt"/>
      <line num="271" count="2" type="stmt"/>
      <line num="272" count="2" type="stmt"/>
      <line num="273" count="2" type="stmt"/>
    </file>
  </project>
</coverage>
