{"/Users/Calvin/Desktop/Winter 2021/CSE110/cse110-w21-group3/timer/index.js":{"path":"/Users/Calvin/Desktop/Winter 2021/CSE110/cse110-w21-group3/timer/index.js","statementMap":{"0":{"start":{"line":11,"column":20},"end":{"line":11,"column":22}},"1":{"start":{"line":16,"column":20},"end":{"line":16,"column":21}},"2":{"start":{"line":21,"column":20},"end":{"line":21,"column":21}},"3":{"start":{"line":26,"column":20},"end":{"line":26,"column":21}},"4":{"start":{"line":31,"column":21},"end":{"line":31,"column":23}},"5":{"start":{"line":36,"column":21},"end":{"line":36,"column":22}},"6":{"start":{"line":42,"column":22},"end":{"line":42,"column":75}},"7":{"start":{"line":49,"column":23},"end":{"line":49,"column":40}},"8":{"start":{"line":54,"column":22},"end":{"line":54,"column":49}},"9":{"start":{"line":59,"column":21},"end":{"line":59,"column":53}},"10":{"start":{"line":64,"column":23},"end":{"line":64,"column":58}},"11":{"start":{"line":69,"column":23},"end":{"line":69,"column":35}},"12":{"start":{"line":74,"column":22},"end":{"line":74,"column":34}},"13":{"start":{"line":79,"column":24},"end":{"line":79,"column":36}},"14":{"start":{"line":84,"column":15},"end":{"line":89,"column":1}},"15":{"start":{"line":95,"column":16},"end":{"line":100,"column":1}},"16":{"start":{"line":105,"column":16},"end":{"line":110,"column":1}},"17":{"start":{"line":117,"column":14},"end":{"line":122,"column":1}},"18":{"start":{"line":128,"column":17},"end":{"line":133,"column":1}},"19":{"start":{"line":140,"column":18},"end":{"line":140,"column":28}},"20":{"start":{"line":146,"column":19},"end":{"line":146,"column":30}},"21":{"start":{"line":151,"column":18},"end":{"line":151,"column":52}},"22":{"start":{"line":156,"column":13},"end":{"line":156,"column":42}},"23":{"start":{"line":161,"column":19},"end":{"line":161,"column":54}},"24":{"start":{"line":166,"column":17},"end":{"line":166,"column":50}},"25":{"start":{"line":171,"column":14},"end":{"line":171,"column":42}},"26":{"start":{"line":177,"column":12},"end":{"line":177,"column":40}},"27":{"start":{"line":183,"column":12},"end":{"line":183,"column":16}},"28":{"start":{"line":204,"column":13},"end":{"line":228,"column":1}},"29":{"start":{"line":225,"column":4},"end":{"line":225,"column":13}},"30":{"start":{"line":226,"column":4},"end":{"line":226,"column":21}},"31":{"start":{"line":238,"column":2},"end":{"line":327,"column":10}},"32":{"start":{"line":241,"column":18},"end":{"line":241,"column":29}},"33":{"start":{"line":242,"column":18},"end":{"line":242,"column":29}},"34":{"start":{"line":245,"column":4},"end":{"line":256,"column":5}},"35":{"start":{"line":247,"column":8},"end":{"line":247,"column":29}},"36":{"start":{"line":248,"column":8},"end":{"line":248,"column":29}},"37":{"start":{"line":249,"column":8},"end":{"line":249,"column":13}},"38":{"start":{"line":251,"column":8},"end":{"line":251,"column":30}},"39":{"start":{"line":252,"column":8},"end":{"line":252,"column":30}},"40":{"start":{"line":253,"column":8},"end":{"line":253,"column":13}},"41":{"start":{"line":255,"column":8},"end":{"line":255,"column":13}},"42":{"start":{"line":259,"column":4},"end":{"line":323,"column":5}},"43":{"start":{"line":260,"column":6},"end":{"line":314,"column":7}},"44":{"start":{"line":261,"column":8},"end":{"line":306,"column":9}},"45":{"start":{"line":263,"column":10},"end":{"line":295,"column":11}},"46":{"start":{"line":266,"column":12},"end":{"line":266,"column":24}},"47":{"start":{"line":267,"column":12},"end":{"line":285,"column":13}},"48":{"start":{"line":271,"column":14},"end":{"line":271,"column":41}},"49":{"start":{"line":272,"column":14},"end":{"line":272,"column":41}},"50":{"start":{"line":273,"column":14},"end":{"line":273,"column":41}},"51":{"start":{"line":274,"column":14},"end":{"line":274,"column":32}},"52":{"start":{"line":275,"column":14},"end":{"line":275,"column":26}},"53":{"start":{"line":280,"column":14},"end":{"line":280,"column":40}},"54":{"start":{"line":281,"column":14},"end":{"line":281,"column":40}},"55":{"start":{"line":282,"column":14},"end":{"line":282,"column":41}},"56":{"start":{"line":283,"column":14},"end":{"line":283,"column":27}},"57":{"start":{"line":284,"column":14},"end":{"line":284,"column":26}},"58":{"start":{"line":290,"column":12},"end":{"line":290,"column":38}},"59":{"start":{"line":291,"column":12},"end":{"line":291,"column":38}},"60":{"start":{"line":292,"column":12},"end":{"line":292,"column":39}},"61":{"start":{"line":293,"column":12},"end":{"line":293,"column":29}},"62":{"start":{"line":294,"column":12},"end":{"line":294,"column":24}},"63":{"start":{"line":297,"column":10},"end":{"line":297,"column":23}},"64":{"start":{"line":301,"column":10},"end":{"line":301,"column":27}},"65":{"start":{"line":302,"column":10},"end":{"line":302,"column":24}},"66":{"start":{"line":305,"column":10},"end":{"line":305,"column":122}},"67":{"start":{"line":310,"column":8},"end":{"line":310,"column":22}},"68":{"start":{"line":313,"column":8},"end":{"line":313,"column":120}},"69":{"start":{"line":318,"column":6},"end":{"line":318,"column":19}},"70":{"start":{"line":319,"column":6},"end":{"line":319,"column":32}},"71":{"start":{"line":320,"column":6},"end":{"line":320,"column":32}},"72":{"start":{"line":321,"column":6},"end":{"line":321,"column":20}},"73":{"start":{"line":322,"column":6},"end":{"line":322,"column":33}},"74":{"start":{"line":326,"column":4},"end":{"line":326,"column":26}},"75":{"start":{"line":332,"column":0},"end":{"line":334,"column":1}},"76":{"start":{"line":333,"column":2},"end":{"line":333,"column":31}},"77":{"start":{"line":342,"column":2},"end":{"line":342,"column":24}},"78":{"start":{"line":344,"column":2},"end":{"line":344,"column":88}},"79":{"start":{"line":345,"column":2},"end":{"line":345,"column":40}},"80":{"start":{"line":346,"column":2},"end":{"line":346,"column":42}},"81":{"start":{"line":349,"column":2},"end":{"line":349,"column":59}},"82":{"start":{"line":350,"column":2},"end":{"line":350,"column":69}},"83":{"start":{"line":351,"column":2},"end":{"line":351,"column":69}},"84":{"start":{"line":353,"column":2},"end":{"line":360,"column":3}},"85":{"start":{"line":354,"column":4},"end":{"line":354,"column":67}},"86":{"start":{"line":355,"column":4},"end":{"line":355,"column":67}},"87":{"start":{"line":358,"column":4},"end":{"line":358,"column":67}},"88":{"start":{"line":359,"column":4},"end":{"line":359,"column":71}},"89":{"start":{"line":363,"column":2},"end":{"line":371,"column":3}},"90":{"start":{"line":364,"column":4},"end":{"line":364,"column":35}},"91":{"start":{"line":365,"column":9},"end":{"line":371,"column":3}},"92":{"start":{"line":367,"column":4},"end":{"line":367,"column":35}},"93":{"start":{"line":370,"column":4},"end":{"line":370,"column":35}},"94":{"start":{"line":380,"column":14},"end":{"line":380,"column":25}},"95":{"start":{"line":381,"column":2},"end":{"line":381,"column":33}},"96":{"start":{"line":382,"column":2},"end":{"line":382,"column":55}},"97":{"start":{"line":391,"column":2},"end":{"line":391,"column":48}},"98":{"start":{"line":392,"column":2},"end":{"line":392,"column":50}},"99":{"start":{"line":393,"column":2},"end":{"line":393,"column":52}},"100":{"start":{"line":394,"column":2},"end":{"line":394,"column":46}},"101":{"start":{"line":395,"column":2},"end":{"line":395,"column":51}},"102":{"start":{"line":397,"column":2},"end":{"line":421,"column":4}},"103":{"start":{"line":400,"column":4},"end":{"line":418,"column":5}},"104":{"start":{"line":401,"column":6},"end":{"line":401,"column":33}},"105":{"start":{"line":402,"column":6},"end":{"line":402,"column":32}},"106":{"start":{"line":403,"column":6},"end":{"line":403,"column":32}},"107":{"start":{"line":404,"column":6},"end":{"line":404,"column":25}},"108":{"start":{"line":405,"column":6},"end":{"line":405,"column":17}},"109":{"start":{"line":406,"column":6},"end":{"line":406,"column":18}},"110":{"start":{"line":410,"column":6},"end":{"line":410,"column":26}},"111":{"start":{"line":411,"column":6},"end":{"line":411,"column":22}},"112":{"start":{"line":412,"column":6},"end":{"line":412,"column":18}},"113":{"start":{"line":413,"column":6},"end":{"line":413,"column":19}},"114":{"start":{"line":414,"column":6},"end":{"line":414,"column":32}},"115":{"start":{"line":415,"column":6},"end":{"line":415,"column":32}},"116":{"start":{"line":416,"column":6},"end":{"line":416,"column":33}},"117":{"start":{"line":417,"column":6},"end":{"line":417,"column":20}},"118":{"start":{"line":420,"column":4},"end":{"line":420,"column":26}},"119":{"start":{"line":427,"column":2},"end":{"line":464,"column":3}},"120":{"start":{"line":429,"column":18},"end":{"line":429,"column":49}},"121":{"start":{"line":430,"column":4},"end":{"line":458,"column":5}},"122":{"start":{"line":432,"column":6},"end":{"line":432,"column":29}},"123":{"start":{"line":433,"column":6},"end":{"line":433,"column":31}},"124":{"start":{"line":434,"column":6},"end":{"line":434,"column":32}},"125":{"start":{"line":435,"column":6},"end":{"line":435,"column":29}},"126":{"start":{"line":436,"column":6},"end":{"line":436,"column":38}},"127":{"start":{"line":437,"column":11},"end":{"line":458,"column":5}},"128":{"start":{"line":439,"column":6},"end":{"line":439,"column":29}},"129":{"start":{"line":440,"column":6},"end":{"line":440,"column":31}},"130":{"start":{"line":441,"column":6},"end":{"line":441,"column":32}},"131":{"start":{"line":442,"column":6},"end":{"line":442,"column":29}},"132":{"start":{"line":443,"column":6},"end":{"line":443,"column":38}},"133":{"start":{"line":444,"column":11},"end":{"line":458,"column":5}},"134":{"start":{"line":446,"column":6},"end":{"line":446,"column":29}},"135":{"start":{"line":447,"column":6},"end":{"line":447,"column":31}},"136":{"start":{"line":448,"column":6},"end":{"line":448,"column":32}},"137":{"start":{"line":449,"column":6},"end":{"line":449,"column":29}},"138":{"start":{"line":450,"column":6},"end":{"line":450,"column":38}},"139":{"start":{"line":451,"column":11},"end":{"line":458,"column":5}},"140":{"start":{"line":453,"column":6},"end":{"line":453,"column":30}},"141":{"start":{"line":454,"column":6},"end":{"line":454,"column":32}},"142":{"start":{"line":455,"column":6},"end":{"line":455,"column":33}},"143":{"start":{"line":456,"column":6},"end":{"line":456,"column":30}},"144":{"start":{"line":457,"column":6},"end":{"line":457,"column":39}},"145":{"start":{"line":461,"column":4},"end":{"line":461,"column":35}},"146":{"start":{"line":463,"column":4},"end":{"line":463,"column":26}},"147":{"start":{"line":469,"column":2},"end":{"line":469,"column":97}},"148":{"start":{"line":469,"column":67},"end":{"line":469,"column":94}},"149":{"start":{"line":471,"column":19},"end":{"line":471,"column":47}},"150":{"start":{"line":473,"column":2},"end":{"line":477,"column":11}},"151":{"start":{"line":474,"column":4},"end":{"line":476,"column":5}},"152":{"start":{"line":475,"column":6},"end":{"line":475,"column":42}},"153":{"start":{"line":491,"column":15},"end":{"line":491,"column":43}},"154":{"start":{"line":493,"column":19},"end":{"line":493,"column":61}},"155":{"start":{"line":495,"column":2},"end":{"line":495,"column":53}},"156":{"start":{"line":498,"column":2},"end":{"line":502,"column":3}},"157":{"start":{"line":501,"column":4},"end":{"line":501,"column":57}},"158":{"start":{"line":503,"column":2},"end":{"line":503,"column":49}},"159":{"start":{"line":505,"column":15},"end":{"line":505,"column":45}},"160":{"start":{"line":507,"column":2},"end":{"line":507,"column":26}},"161":{"start":{"line":509,"column":2},"end":{"line":509,"column":48}},"162":{"start":{"line":510,"column":2},"end":{"line":510,"column":24}},"163":{"start":{"line":512,"column":2},"end":{"line":512,"column":22}},"164":{"start":{"line":521,"column":16},"end":{"line":521,"column":56}},"165":{"start":{"line":524,"column":2},"end":{"line":531,"column":3}},"166":{"start":{"line":524,"column":15},"end":{"line":524,"column":16}},"167":{"start":{"line":525,"column":4},"end":{"line":530,"column":6}},"168":{"start":{"line":527,"column":18},"end":{"line":527,"column":36}},"169":{"start":{"line":529,"column":6},"end":{"line":529,"column":32}},"170":{"start":{"line":542,"column":2},"end":{"line":544,"column":3}},"171":{"start":{"line":543,"column":4},"end":{"line":543,"column":20}},"172":{"start":{"line":546,"column":2},"end":{"line":546,"column":23}},"173":{"start":{"line":550,"column":0},"end":{"line":565,"column":1}},"174":{"start":{"line":551,"column":2},"end":{"line":551,"column":25}},"175":{"start":{"line":552,"column":2},"end":{"line":552,"column":21}},"176":{"start":{"line":553,"column":2},"end":{"line":553,"column":27}},"177":{"start":{"line":554,"column":2},"end":{"line":554,"column":35}},"178":{"start":{"line":555,"column":2},"end":{"line":555,"column":31}},"179":{"start":{"line":556,"column":2},"end":{"line":556,"column":35}},"180":{"start":{"line":557,"column":2},"end":{"line":557,"column":35}},"181":{"start":{"line":558,"column":2},"end":{"line":558,"column":35}},"182":{"start":{"line":559,"column":2},"end":{"line":559,"column":35}},"183":{"start":{"line":560,"column":2},"end":{"line":560,"column":37}},"184":{"start":{"line":561,"column":2},"end":{"line":561,"column":37}},"185":{"start":{"line":562,"column":2},"end":{"line":562,"column":35}},"186":{"start":{"line":563,"column":2},"end":{"line":563,"column":35}},"187":{"start":{"line":564,"column":2},"end":{"line":564,"column":27}}},"fnMap":{"0":{"name":"(anonymous_0)","decl":{"start":{"line":224,"column":8},"end":{"line":224,"column":9}},"loc":{"start":{"line":224,"column":38},"end":{"line":227,"column":3}},"line":224},"1":{"name":"update","decl":{"start":{"line":236,"column":9},"end":{"line":236,"column":15}},"loc":{"start":{"line":236,"column":28},"end":{"line":328,"column":1}},"line":236},"2":{"name":"(anonymous_2)","decl":{"start":{"line":238,"column":14},"end":{"line":238,"column":15}},"loc":{"start":{"line":238,"column":20},"end":{"line":327,"column":3}},"line":238},"3":{"name":"(anonymous_3)","decl":{"start":{"line":332,"column":16},"end":{"line":332,"column":17}},"loc":{"start":{"line":332,"column":22},"end":{"line":334,"column":1}},"line":332},"4":{"name":"updateDOM","decl":{"start":{"line":340,"column":9},"end":{"line":340,"column":18}},"loc":{"start":{"line":340,"column":33},"end":{"line":372,"column":1}},"line":340},"5":{"name":"setProgress","decl":{"start":{"line":379,"column":9},"end":{"line":379,"column":20}},"loc":{"start":{"line":379,"column":31},"end":{"line":383,"column":1}},"line":379},"6":{"name":"initDOM","decl":{"start":{"line":389,"column":9},"end":{"line":389,"column":16}},"loc":{"start":{"line":389,"column":20},"end":{"line":478,"column":1}},"line":389},"7":{"name":"(anonymous_7)","decl":{"start":{"line":397,"column":62},"end":{"line":397,"column":63}},"loc":{"start":{"line":397,"column":68},"end":{"line":421,"column":3}},"line":397},"8":{"name":"(anonymous_8)","decl":{"start":{"line":427,"column":63},"end":{"line":427,"column":64}},"loc":{"start":{"line":427,"column":75},"end":{"line":464,"column":3}},"line":427},"9":{"name":"(anonymous_9)","decl":{"start":{"line":469,"column":59},"end":{"line":469,"column":60}},"loc":{"start":{"line":469,"column":65},"end":{"line":469,"column":96}},"line":469},"10":{"name":"(anonymous_10)","decl":{"start":{"line":473,"column":37},"end":{"line":473,"column":38}},"loc":{"start":{"line":473,"column":44},"end":{"line":477,"column":3}},"line":473},"11":{"name":"addTask","decl":{"start":{"line":489,"column":9},"end":{"line":489,"column":16}},"loc":{"start":{"line":489,"column":38},"end":{"line":513,"column":1}},"line":489},"12":{"name":"createCloseButtons","decl":{"start":{"line":519,"column":9},"end":{"line":519,"column":27}},"loc":{"start":{"line":519,"column":31},"end":{"line":532,"column":1}},"line":519},"13":{"name":"(anonymous_13)","decl":{"start":{"line":525,"column":39},"end":{"line":525,"column":40}},"loc":{"start":{"line":525,"column":51},"end":{"line":530,"column":5}},"line":525},"14":{"name":"doubleDigit","decl":{"start":{"line":539,"column":9},"end":{"line":539,"column":20}},"loc":{"start":{"line":539,"column":27},"end":{"line":547,"column":1}},"line":539}},"branchMap":{"0":{"loc":{"start":{"line":245,"column":4},"end":{"line":256,"column":5}},"type":"switch","locations":[{"start":{"line":246,"column":6},"end":{"line":249,"column":13}},{"start":{"line":250,"column":6},"end":{"line":253,"column":13}},{"start":{"line":254,"column":6},"end":{"line":255,"column":13}}],"line":245},"1":{"loc":{"start":{"line":259,"column":4},"end":{"line":323,"column":5}},"type":"if","locations":[{"start":{"line":259,"column":4},"end":{"line":323,"column":5}},{"start":{"line":259,"column":4},"end":{"line":323,"column":5}}],"line":259},"2":{"loc":{"start":{"line":260,"column":6},"end":{"line":314,"column":7}},"type":"if","locations":[{"start":{"line":260,"column":6},"end":{"line":314,"column":7}},{"start":{"line":260,"column":6},"end":{"line":314,"column":7}}],"line":260},"3":{"loc":{"start":{"line":261,"column":8},"end":{"line":306,"column":9}},"type":"if","locations":[{"start":{"line":261,"column":8},"end":{"line":306,"column":9}},{"start":{"line":261,"column":8},"end":{"line":306,"column":9}}],"line":261},"4":{"loc":{"start":{"line":263,"column":10},"end":{"line":295,"column":11}},"type":"if","locations":[{"start":{"line":263,"column":10},"end":{"line":295,"column":11}},{"start":{"line":263,"column":10},"end":{"line":295,"column":11}}],"line":263},"5":{"loc":{"start":{"line":267,"column":12},"end":{"line":285,"column":13}},"type":"if","locations":[{"start":{"line":267,"column":12},"end":{"line":285,"column":13}},{"start":{"line":267,"column":12},"end":{"line":285,"column":13}}],"line":267},"6":{"loc":{"start":{"line":353,"column":2},"end":{"line":360,"column":3}},"type":"if","locations":[{"start":{"line":353,"column":2},"end":{"line":360,"column":3}},{"start":{"line":353,"column":2},"end":{"line":360,"column":3}}],"line":353},"7":{"loc":{"start":{"line":363,"column":2},"end":{"line":371,"column":3}},"type":"if","locations":[{"start":{"line":363,"column":2},"end":{"line":371,"column":3}},{"start":{"line":363,"column":2},"end":{"line":371,"column":3}}],"line":363},"8":{"loc":{"start":{"line":363,"column":6},"end":{"line":363,"column":68}},"type":"binary-expr","locations":[{"start":{"line":363,"column":6},"end":{"line":363,"column":35}},{"start":{"line":363,"column":39},"end":{"line":363,"column":68}}],"line":363},"9":{"loc":{"start":{"line":365,"column":9},"end":{"line":371,"column":3}},"type":"if","locations":[{"start":{"line":365,"column":9},"end":{"line":371,"column":3}},{"start":{"line":365,"column":9},"end":{"line":371,"column":3}}],"line":365},"10":{"loc":{"start":{"line":400,"column":4},"end":{"line":418,"column":5}},"type":"if","locations":[{"start":{"line":400,"column":4},"end":{"line":418,"column":5}},{"start":{"line":400,"column":4},"end":{"line":418,"column":5}}],"line":400},"11":{"loc":{"start":{"line":430,"column":4},"end":{"line":458,"column":5}},"type":"if","locations":[{"start":{"line":430,"column":4},"end":{"line":458,"column":5}},{"start":{"line":430,"column":4},"end":{"line":458,"column":5}}],"line":430},"12":{"loc":{"start":{"line":437,"column":11},"end":{"line":458,"column":5}},"type":"if","locations":[{"start":{"line":437,"column":11},"end":{"line":458,"column":5}},{"start":{"line":437,"column":11},"end":{"line":458,"column":5}}],"line":437},"13":{"loc":{"start":{"line":444,"column":11},"end":{"line":458,"column":5}},"type":"if","locations":[{"start":{"line":444,"column":11},"end":{"line":458,"column":5}},{"start":{"line":444,"column":11},"end":{"line":458,"column":5}}],"line":444},"14":{"loc":{"start":{"line":451,"column":11},"end":{"line":458,"column":5}},"type":"if","locations":[{"start":{"line":451,"column":11},"end":{"line":458,"column":5}},{"start":{"line":451,"column":11},"end":{"line":458,"column":5}}],"line":451},"15":{"loc":{"start":{"line":474,"column":4},"end":{"line":476,"column":5}},"type":"if","locations":[{"start":{"line":474,"column":4},"end":{"line":476,"column":5}},{"start":{"line":474,"column":4},"end":{"line":476,"column":5}}],"line":474},"16":{"loc":{"start":{"line":498,"column":2},"end":{"line":502,"column":3}},"type":"if","locations":[{"start":{"line":498,"column":2},"end":{"line":502,"column":3}},{"start":{"line":498,"column":2},"end":{"line":502,"column":3}}],"line":498},"17":{"loc":{"start":{"line":542,"column":2},"end":{"line":544,"column":3}},"type":"if","locations":[{"start":{"line":542,"column":2},"end":{"line":544,"column":3}},{"start":{"line":542,"column":2},"end":{"line":544,"column":3}}],"line":542},"18":{"loc":{"start":{"line":550,"column":0},"end":{"line":565,"column":1}},"type":"if","locations":[{"start":{"line":550,"column":0},"end":{"line":565,"column":1}},{"start":{"line":550,"column":0},"end":{"line":565,"column":1}}],"line":550}},"s":{"0":129,"1":129,"2":129,"3":129,"4":129,"5":129,"6":129,"7":129,"8":129,"9":129,"10":129,"11":129,"12":129,"13":129,"14":129,"15":129,"16":129,"17":129,"18":129,"19":129,"20":129,"21":129,"22":129,"23":129,"24":129,"25":129,"26":129,"27":129,"28":129,"29":129,"30":128,"31":129,"32":282481,"33":282481,"34":282481,"35":30459,"36":30459,"37":30459,"38":4143,"39":4143,"40":4143,"41":247879,"42":282481,"43":282470,"44":4994,"45":264,"46":162,"47":162,"48":32,"49":32,"50":32,"51":32,"52":32,"53":130,"54":130,"55":130,"56":130,"57":130,"58":102,"59":102,"60":102,"61":102,"62":102,"63":264,"64":4730,"65":4730,"66":4730,"67":277476,"68":277476,"69":11,"70":11,"71":11,"72":11,"73":11,"74":282481,"75":129,"76":129,"77":264418,"78":264418,"79":264418,"80":264418,"81":264418,"82":264418,"83":264418,"84":264418,"85":264318,"86":264318,"87":100,"88":100,"89":264418,"90":232716,"91":31702,"92":28407,"93":3295,"94":264418,"95":264418,"96":264418,"97":133,"98":133,"99":133,"100":133,"101":133,"102":133,"103":93,"104":91,"105":91,"106":91,"107":91,"108":91,"109":91,"110":2,"111":2,"112":2,"113":2,"114":2,"115":2,"116":2,"117":2,"118":93,"119":132,"120":168,"121":168,"122":48,"123":48,"124":48,"125":48,"126":48,"127":120,"128":48,"129":48,"130":48,"131":48,"132":48,"133":72,"134":48,"135":48,"136":48,"137":48,"138":48,"139":24,"140":24,"141":24,"142":24,"143":24,"144":24,"145":168,"146":168,"147":132,"148":11,"149":132,"150":132,"151":8,"152":4,"153":13,"154":13,"155":13,"156":13,"157":11,"158":13,"159":13,"160":13,"161":13,"162":13,"163":13,"164":11,"165":11,"166":11,"167":12,"168":4,"169":4,"170":528838,"171":166229,"172":362609,"173":129,"174":3,"175":3,"176":3,"177":3,"178":3,"179":3,"180":3,"181":3,"182":3,"183":3,"184":3,"185":3,"186":3,"187":3},"f":{"0":129,"1":129,"2":282481,"3":129,"4":264418,"5":264418,"6":133,"7":93,"8":168,"9":11,"10":8,"11":13,"12":11,"13":4,"14":528838},"b":{"0":[30459,4143,247879],"1":[282470,11],"2":[4994,277476],"3":[264,4730],"4":[162,102],"5":[32,130],"6":[264318,100],"7":[232716,31702],"8":[264418,264318],"9":[28407,3295],"10":[91,2],"11":[48,120],"12":[48,72],"13":[48,24],"14":[24,0],"15":[4,4],"16":[2,11],"17":[166229,362609],"18":[3,126]},"_coverageSchema":"1a1c01bbd47fc00a2c39e90264f33305004495a9","hash":"af848c3dc5a59b3f9a082708275e73068fe78634"}}