{"/Users/Calvin/Desktop/Winter 2021/CSE110/cse110-w21-group3/timer/index.js":{"path":"/Users/Calvin/Desktop/Winter 2021/CSE110/cse110-w21-group3/timer/index.js","statementMap":{"0":{"start":{"line":11,"column":20},"end":{"line":11,"column":22}},"1":{"start":{"line":16,"column":20},"end":{"line":16,"column":21}},"2":{"start":{"line":21,"column":20},"end":{"line":21,"column":21}},"3":{"start":{"line":26,"column":20},"end":{"line":26,"column":21}},"4":{"start":{"line":31,"column":21},"end":{"line":31,"column":23}},"5":{"start":{"line":36,"column":21},"end":{"line":36,"column":22}},"6":{"start":{"line":42,"column":22},"end":{"line":42,"column":75}},"7":{"start":{"line":49,"column":23},"end":{"line":49,"column":40}},"8":{"start":{"line":54,"column":22},"end":{"line":54,"column":49}},"9":{"start":{"line":59,"column":21},"end":{"line":59,"column":53}},"10":{"start":{"line":64,"column":23},"end":{"line":64,"column":58}},"11":{"start":{"line":69,"column":23},"end":{"line":69,"column":35}},"12":{"start":{"line":74,"column":22},"end":{"line":74,"column":34}},"13":{"start":{"line":79,"column":24},"end":{"line":79,"column":36}},"14":{"start":{"line":84,"column":15},"end":{"line":89,"column":1}},"15":{"start":{"line":95,"column":16},"end":{"line":100,"column":1}},"16":{"start":{"line":105,"column":16},"end":{"line":110,"column":1}},"17":{"start":{"line":117,"column":14},"end":{"line":122,"column":1}},"18":{"start":{"line":128,"column":17},"end":{"line":133,"column":1}},"19":{"start":{"line":140,"column":18},"end":{"line":140,"column":28}},"20":{"start":{"line":146,"column":19},"end":{"line":146,"column":30}},"21":{"start":{"line":151,"column":18},"end":{"line":151,"column":52}},"22":{"start":{"line":156,"column":13},"end":{"line":156,"column":42}},"23":{"start":{"line":161,"column":19},"end":{"line":161,"column":54}},"24":{"start":{"line":166,"column":17},"end":{"line":166,"column":50}},"25":{"start":{"line":171,"column":14},"end":{"line":171,"column":42}},"26":{"start":{"line":177,"column":12},"end":{"line":177,"column":40}},"27":{"start":{"line":183,"column":12},"end":{"line":183,"column":16}},"28":{"start":{"line":204,"column":13},"end":{"line":228,"column":1}},"29":{"start":{"line":225,"column":4},"end":{"line":225,"column":13}},"30":{"start":{"line":226,"column":4},"end":{"line":226,"column":21}},"31":{"start":{"line":238,"column":2},"end":{"line":327,"column":10}},"32":{"start":{"line":241,"column":18},"end":{"line":241,"column":29}},"33":{"start":{"line":242,"column":18},"end":{"line":242,"column":29}},"34":{"start":{"line":245,"column":4},"end":{"line":256,"column":5}},"35":{"start":{"line":247,"column":8},"end":{"line":247,"column":29}},"36":{"start":{"line":248,"column":8},"end":{"line":248,"column":29}},"37":{"start":{"line":249,"column":8},"end":{"line":249,"column":13}},"38":{"start":{"line":251,"column":8},"end":{"line":251,"column":30}},"39":{"start":{"line":252,"column":8},"end":{"line":252,"column":30}},"40":{"start":{"line":253,"column":8},"end":{"line":253,"column":13}},"41":{"start":{"line":255,"column":8},"end":{"line":255,"column":13}},"42":{"start":{"line":259,"column":4},"end":{"line":323,"column":5}},"43":{"start":{"line":260,"column":6},"end":{"line":314,"column":7}},"44":{"start":{"line":261,"column":8},"end":{"line":306,"column":9}},"45":{"start":{"line":263,"column":10},"end":{"line":295,"column":11}},"46":{"start":{"line":266,"column":12},"end":{"line":266,"column":24}},"47":{"start":{"line":267,"column":12},"end":{"line":285,"column":13}},"48":{"start":{"line":271,"column":14},"end":{"line":271,"column":41}},"49":{"start":{"line":272,"column":14},"end":{"line":272,"column":41}},"50":{"start":{"line":273,"column":14},"end":{"line":273,"column":41}},"51":{"start":{"line":274,"column":14},"end":{"line":274,"column":32}},"52":{"start":{"line":275,"column":14},"end":{"line":275,"column":26}},"53":{"start":{"line":280,"column":14},"end":{"line":280,"column":40}},"54":{"start":{"line":281,"column":14},"end":{"line":281,"column":40}},"55":{"start":{"line":282,"column":14},"end":{"line":282,"column":41}},"56":{"start":{"line":283,"column":14},"end":{"line":283,"column":27}},"57":{"start":{"line":284,"column":14},"end":{"line":284,"column":26}},"58":{"start":{"line":290,"column":12},"end":{"line":290,"column":38}},"59":{"start":{"line":291,"column":12},"end":{"line":291,"column":38}},"60":{"start":{"line":292,"column":12},"end":{"line":292,"column":39}},"61":{"start":{"line":293,"column":12},"end":{"line":293,"column":29}},"62":{"start":{"line":294,"column":12},"end":{"line":294,"column":24}},"63":{"start":{"line":297,"column":10},"end":{"line":297,"column":23}},"64":{"start":{"line":301,"column":10},"end":{"line":301,"column":27}},"65":{"start":{"line":302,"column":10},"end":{"line":302,"column":24}},"66":{"start":{"line":305,"column":10},"end":{"line":305,"column":122}},"67":{"start":{"line":310,"column":8},"end":{"line":310,"column":22}},"68":{"start":{"line":313,"column":8},"end":{"line":313,"column":120}},"69":{"start":{"line":318,"column":6},"end":{"line":318,"column":19}},"70":{"start":{"line":319,"column":6},"end":{"line":319,"column":32}},"71":{"start":{"line":320,"column":6},"end":{"line":320,"column":32}},"72":{"start":{"line":321,"column":6},"end":{"line":321,"column":20}},"73":{"start":{"line":322,"column":6},"end":{"line":322,"column":33}},"74":{"start":{"line":326,"column":4},"end":{"line":326,"column":26}},"75":{"start":{"line":332,"column":0},"end":{"line":334,"column":1}},"76":{"start":{"line":333,"column":2},"end":{"line":333,"column":31}},"77":{"start":{"line":342,"column":2},"end":{"line":342,"column":24}},"78":{"start":{"line":344,"column":2},"end":{"line":344,"column":88}},"79":{"start":{"line":345,"column":2},"end":{"line":345,"column":40}},"80":{"start":{"line":346,"column":2},"end":{"line":346,"column":42}},"81":{"start":{"line":349,"column":2},"end":{"line":349,"column":59}},"82":{"start":{"line":350,"column":2},"end":{"line":350,"column":69}},"83":{"start":{"line":351,"column":2},"end":{"line":351,"column":69}},"84":{"start":{"line":353,"column":2},"end":{"line":360,"column":3}},"85":{"start":{"line":354,"column":4},"end":{"line":354,"column":67}},"86":{"start":{"line":355,"column":4},"end":{"line":355,"column":67}},"87":{"start":{"line":358,"column":4},"end":{"line":358,"column":67}},"88":{"start":{"line":359,"column":4},"end":{"line":359,"column":71}},"89":{"start":{"line":363,"column":2},"end":{"line":371,"column":3}},"90":{"start":{"line":364,"column":4},"end":{"line":364,"column":35}},"91":{"start":{"line":365,"column":9},"end":{"line":371,"column":3}},"92":{"start":{"line":367,"column":4},"end":{"line":367,"column":35}},"93":{"start":{"line":370,"column":4},"end":{"line":370,"column":35}},"94":{"start":{"line":380,"column":14},"end":{"line":380,"column":25}},"95":{"start":{"line":381,"column":2},"end":{"line":381,"column":33}},"96":{"start":{"line":382,"column":2},"end":{"line":382,"column":55}},"97":{"start":{"line":391,"column":2},"end":{"line":391,"column":48}},"98":{"start":{"line":392,"column":2},"end":{"line":392,"column":50}},"99":{"start":{"line":393,"column":2},"end":{"line":393,"column":52}},"100":{"start":{"line":394,"column":2},"end":{"line":394,"column":46}},"101":{"start":{"line":395,"column":2},"end":{"line":395,"column":51}},"102":{"start":{"line":397,"column":2},"end":{"line":421,"column":4}},"103":{"start":{"line":400,"column":4},"end":{"line":418,"column":5}},"104":{"start":{"line":401,"column":6},"end":{"line":401,"column":33}},"105":{"start":{"line":402,"column":6},"end":{"line":402,"column":32}},"106":{"start":{"line":403,"column":6},"end":{"line":403,"column":32}},"107":{"start":{"line":404,"column":6},"end":{"line":404,"column":25}},"108":{"start":{"line":405,"column":6},"end":{"line":405,"column":17}},"109":{"start":{"line":406,"column":6},"end":{"line":406,"column":18}},"110":{"start":{"line":410,"column":6},"end":{"line":410,"column":26}},"111":{"start":{"line":411,"column":6},"end":{"line":411,"column":22}},"112":{"start":{"line":412,"column":6},"end":{"line":412,"column":18}},"113":{"start":{"line":413,"column":6},"end":{"line":413,"column":19}},"114":{"start":{"line":414,"column":6},"end":{"line":414,"column":32}},"115":{"start":{"line":415,"column":6},"end":{"line":415,"column":32}},"116":{"start":{"line":416,"column":6},"end":{"line":416,"column":33}},"117":{"start":{"line":417,"column":6},"end":{"line":417,"column":20}},"118":{"start":{"line":420,"column":4},"end":{"line":420,"column":26}},"119":{"start":{"line":427,"column":2},"end":{"line":464,"column":3}},"120":{"start":{"line":429,"column":18},"end":{"line":429,"column":49}},"121":{"start":{"line":430,"column":4},"end":{"line":458,"column":5}},"122":{"start":{"line":432,"column":6},"end":{"line":432,"column":29}},"123":{"start":{"line":433,"column":6},"end":{"line":433,"column":31}},"124":{"start":{"line":434,"column":6},"end":{"line":434,"column":32}},"125":{"start":{"line":435,"column":6},"end":{"line":435,"column":29}},"126":{"start":{"line":436,"column":6},"end":{"line":436,"column":38}},"127":{"start":{"line":437,"column":11},"end":{"line":458,"column":5}},"128":{"start":{"line":439,"column":6},"end":{"line":439,"column":29}},"129":{"start":{"line":440,"column":6},"end":{"line":440,"column":31}},"130":{"start":{"line":441,"column":6},"end":{"line":441,"column":32}},"131":{"start":{"line":442,"column":6},"end":{"line":442,"column":29}},"132":{"start":{"line":443,"column":6},"end":{"line":443,"column":38}},"133":{"start":{"line":444,"column":11},"end":{"line":458,"column":5}},"134":{"start":{"line":446,"column":6},"end":{"line":446,"column":29}},"135":{"start":{"line":447,"column":6},"end":{"line":447,"column":31}},"136":{"start":{"line":448,"column":6},"end":{"line":448,"column":32}},"137":{"start":{"line":449,"column":6},"end":{"line":449,"column":29}},"138":{"start":{"line":450,"column":6},"end":{"line":450,"column":38}},"139":{"start":{"line":451,"column":11},"end":{"line":458,"column":5}},"140":{"start":{"line":453,"column":6},"end":{"line":453,"column":30}},"141":{"start":{"line":454,"column":6},"end":{"line":454,"column":32}},"142":{"start":{"line":455,"column":6},"end":{"line":455,"column":33}},"143":{"start":{"line":456,"column":6},"end":{"line":456,"column":30}},"144":{"start":{"line":457,"column":6},"end":{"line":457,"column":39}},"145":{"start":{"line":461,"column":4},"end":{"line":461,"column":35}},"146":{"start":{"line":463,"column":4},"end":{"line":463,"column":26}},"147":{"start":{"line":469,"column":2},"end":{"line":469,"column":97}},"148":{"start":{"line":469,"column":67},"end":{"line":469,"column":94}},"149":{"start":{"line":472,"column":19},"end":{"line":472,"column":47}},"150":{"start":{"line":475,"column":2},"end":{"line":489,"column":11}},"151":{"start":{"line":476,"column":4},"end":{"line":488,"column":5}},"152":{"start":{"line":477,"column":6},"end":{"line":477,"column":42}},"153":{"start":{"line":478,"column":17},"end":{"line":478,"column":44}},"154":{"start":{"line":479,"column":22},"end":{"line":479,"column":41}},"155":{"start":{"line":480,"column":18},"end":{"line":480,"column":56}},"156":{"start":{"line":481,"column":6},"end":{"line":486,"column":8}},"157":{"start":{"line":482,"column":8},"end":{"line":485,"column":9}},"158":{"start":{"line":483,"column":10},"end":{"line":483,"column":42}},"159":{"start":{"line":484,"column":10},"end":{"line":484,"column":16}},"160":{"start":{"line":487,"column":6},"end":{"line":487,"column":55}},"161":{"start":{"line":491,"column":2},"end":{"line":493,"column":3}},"162":{"start":{"line":492,"column":4},"end":{"line":492,"column":32}},"163":{"start":{"line":502,"column":14},"end":{"line":502,"column":62}},"164":{"start":{"line":503,"column":4},"end":{"line":521,"column":6}},"165":{"start":{"line":504,"column":21},"end":{"line":504,"column":56}},"166":{"start":{"line":505,"column":24},"end":{"line":505,"column":52}},"167":{"start":{"line":506,"column":25},"end":{"line":506,"column":34}},"168":{"start":{"line":507,"column":8},"end":{"line":507,"column":64}},"169":{"start":{"line":508,"column":8},"end":{"line":508,"column":45}},"170":{"start":{"line":509,"column":8},"end":{"line":511,"column":9}},"171":{"start":{"line":510,"column":10},"end":{"line":510,"column":47}},"172":{"start":{"line":512,"column":8},"end":{"line":512,"column":35}},"173":{"start":{"line":513,"column":21},"end":{"line":513,"column":51}},"174":{"start":{"line":515,"column":8},"end":{"line":515,"column":32}},"175":{"start":{"line":517,"column":8},"end":{"line":517,"column":54}},"176":{"start":{"line":518,"column":8},"end":{"line":518,"column":35}},"177":{"start":{"line":520,"column":8},"end":{"line":520,"column":28}},"178":{"start":{"line":535,"column":15},"end":{"line":535,"column":43}},"179":{"start":{"line":537,"column":19},"end":{"line":537,"column":61}},"180":{"start":{"line":539,"column":2},"end":{"line":539,"column":53}},"181":{"start":{"line":542,"column":13},"end":{"line":542,"column":23}},"182":{"start":{"line":543,"column":2},"end":{"line":543,"column":29}},"183":{"start":{"line":544,"column":2},"end":{"line":559,"column":3}},"184":{"start":{"line":547,"column":4},"end":{"line":547,"column":57}},"185":{"start":{"line":548,"column":20},"end":{"line":548,"column":39}},"186":{"start":{"line":549,"column":16},"end":{"line":549,"column":18}},"187":{"start":{"line":550,"column":4},"end":{"line":552,"column":5}},"188":{"start":{"line":551,"column":6},"end":{"line":551,"column":52}},"189":{"start":{"line":553,"column":4},"end":{"line":557,"column":6}},"190":{"start":{"line":558,"column":4},"end":{"line":558,"column":53}},"191":{"start":{"line":561,"column":2},"end":{"line":561,"column":49}},"192":{"start":{"line":563,"column":15},"end":{"line":563,"column":45}},"193":{"start":{"line":565,"column":2},"end":{"line":565,"column":26}},"194":{"start":{"line":567,"column":2},"end":{"line":567,"column":48}},"195":{"start":{"line":568,"column":2},"end":{"line":568,"column":24}},"196":{"start":{"line":570,"column":2},"end":{"line":570,"column":22}},"197":{"start":{"line":579,"column":17},"end":{"line":579,"column":57}},"198":{"start":{"line":582,"column":3},"end":{"line":596,"column":3}},"199":{"start":{"line":582,"column":16},"end":{"line":582,"column":17}},"200":{"start":{"line":583,"column":5},"end":{"line":595,"column":6}},"201":{"start":{"line":585,"column":19},"end":{"line":585,"column":37}},"202":{"start":{"line":587,"column":7},"end":{"line":587,"column":33}},"203":{"start":{"line":588,"column":23},"end":{"line":588,"column":42}},"204":{"start":{"line":589,"column":19},"end":{"line":589,"column":57}},"205":{"start":{"line":590,"column":18},"end":{"line":590,"column":40}},"206":{"start":{"line":591,"column":7},"end":{"line":593,"column":9}},"207":{"start":{"line":592,"column":9},"end":{"line":592,"column":29}},"208":{"start":{"line":594,"column":7},"end":{"line":594,"column":56}},"209":{"start":{"line":607,"column":2},"end":{"line":609,"column":3}},"210":{"start":{"line":608,"column":4},"end":{"line":608,"column":20}},"211":{"start":{"line":611,"column":2},"end":{"line":611,"column":23}},"212":{"start":{"line":615,"column":0},"end":{"line":631,"column":1}},"213":{"start":{"line":616,"column":2},"end":{"line":616,"column":25}},"214":{"start":{"line":617,"column":2},"end":{"line":617,"column":21}},"215":{"start":{"line":618,"column":2},"end":{"line":618,"column":27}},"216":{"start":{"line":619,"column":2},"end":{"line":619,"column":35}},"217":{"start":{"line":620,"column":2},"end":{"line":620,"column":31}},"218":{"start":{"line":621,"column":2},"end":{"line":621,"column":35}},"219":{"start":{"line":622,"column":2},"end":{"line":622,"column":35}},"220":{"start":{"line":623,"column":2},"end":{"line":623,"column":35}},"221":{"start":{"line":624,"column":2},"end":{"line":624,"column":35}},"222":{"start":{"line":625,"column":2},"end":{"line":625,"column":37}},"223":{"start":{"line":626,"column":2},"end":{"line":626,"column":37}},"224":{"start":{"line":627,"column":2},"end":{"line":627,"column":35}},"225":{"start":{"line":628,"column":2},"end":{"line":628,"column":35}},"226":{"start":{"line":629,"column":2},"end":{"line":629,"column":27}},"227":{"start":{"line":630,"column":2},"end":{"line":630,"column":29}}},"fnMap":{"0":{"name":"(anonymous_0)","decl":{"start":{"line":224,"column":8},"end":{"line":224,"column":9}},"loc":{"start":{"line":224,"column":38},"end":{"line":227,"column":3}},"line":224},"1":{"name":"update","decl":{"start":{"line":236,"column":9},"end":{"line":236,"column":15}},"loc":{"start":{"line":236,"column":28},"end":{"line":328,"column":1}},"line":236},"2":{"name":"(anonymous_2)","decl":{"start":{"line":238,"column":14},"end":{"line":238,"column":15}},"loc":{"start":{"line":238,"column":20},"end":{"line":327,"column":3}},"line":238},"3":{"name":"(anonymous_3)","decl":{"start":{"line":332,"column":16},"end":{"line":332,"column":17}},"loc":{"start":{"line":332,"column":22},"end":{"line":334,"column":1}},"line":332},"4":{"name":"updateDOM","decl":{"start":{"line":340,"column":9},"end":{"line":340,"column":18}},"loc":{"start":{"line":340,"column":33},"end":{"line":372,"column":1}},"line":340},"5":{"name":"setProgress","decl":{"start":{"line":379,"column":9},"end":{"line":379,"column":20}},"loc":{"start":{"line":379,"column":31},"end":{"line":383,"column":1}},"line":379},"6":{"name":"initDOM","decl":{"start":{"line":389,"column":9},"end":{"line":389,"column":16}},"loc":{"start":{"line":389,"column":20},"end":{"line":494,"column":1}},"line":389},"7":{"name":"(anonymous_7)","decl":{"start":{"line":397,"column":62},"end":{"line":397,"column":63}},"loc":{"start":{"line":397,"column":68},"end":{"line":421,"column":3}},"line":397},"8":{"name":"(anonymous_8)","decl":{"start":{"line":427,"column":63},"end":{"line":427,"column":64}},"loc":{"start":{"line":427,"column":75},"end":{"line":464,"column":3}},"line":427},"9":{"name":"(anonymous_9)","decl":{"start":{"line":469,"column":59},"end":{"line":469,"column":60}},"loc":{"start":{"line":469,"column":65},"end":{"line":469,"column":96}},"line":469},"10":{"name":"(anonymous_10)","decl":{"start":{"line":475,"column":37},"end":{"line":475,"column":38}},"loc":{"start":{"line":475,"column":44},"end":{"line":489,"column":3}},"line":475},"11":{"name":"(anonymous_11)","decl":{"start":{"line":481,"column":20},"end":{"line":481,"column":21}},"loc":{"start":{"line":481,"column":28},"end":{"line":486,"column":7}},"line":481},"12":{"name":"addSaved","decl":{"start":{"line":501,"column":9},"end":{"line":501,"column":17}},"loc":{"start":{"line":501,"column":39},"end":{"line":522,"column":1}},"line":501},"13":{"name":"(anonymous_13)","decl":{"start":{"line":503,"column":18},"end":{"line":503,"column":19}},"loc":{"start":{"line":503,"column":26},"end":{"line":521,"column":5}},"line":503},"14":{"name":"addTask","decl":{"start":{"line":533,"column":9},"end":{"line":533,"column":16}},"loc":{"start":{"line":533,"column":38},"end":{"line":571,"column":1}},"line":533},"15":{"name":"createCloseButtons","decl":{"start":{"line":577,"column":9},"end":{"line":577,"column":27}},"loc":{"start":{"line":577,"column":31},"end":{"line":597,"column":1}},"line":577},"16":{"name":"(anonymous_16)","decl":{"start":{"line":583,"column":40},"end":{"line":583,"column":41}},"loc":{"start":{"line":583,"column":52},"end":{"line":595,"column":5}},"line":583},"17":{"name":"(anonymous_17)","decl":{"start":{"line":591,"column":28},"end":{"line":591,"column":29}},"loc":{"start":{"line":591,"column":43},"end":{"line":593,"column":8}},"line":591},"18":{"name":"doubleDigit","decl":{"start":{"line":604,"column":9},"end":{"line":604,"column":20}},"loc":{"start":{"line":604,"column":27},"end":{"line":612,"column":1}},"line":604}},"branchMap":{"0":{"loc":{"start":{"line":245,"column":4},"end":{"line":256,"column":5}},"type":"switch","locations":[{"start":{"line":246,"column":6},"end":{"line":249,"column":13}},{"start":{"line":250,"column":6},"end":{"line":253,"column":13}},{"start":{"line":254,"column":6},"end":{"line":255,"column":13}}],"line":245},"1":{"loc":{"start":{"line":259,"column":4},"end":{"line":323,"column":5}},"type":"if","locations":[{"start":{"line":259,"column":4},"end":{"line":323,"column":5}},{"start":{"line":259,"column":4},"end":{"line":323,"column":5}}],"line":259},"2":{"loc":{"start":{"line":260,"column":6},"end":{"line":314,"column":7}},"type":"if","locations":[{"start":{"line":260,"column":6},"end":{"line":314,"column":7}},{"start":{"line":260,"column":6},"end":{"line":314,"column":7}}],"line":260},"3":{"loc":{"start":{"line":261,"column":8},"end":{"line":306,"column":9}},"type":"if","locations":[{"start":{"line":261,"column":8},"end":{"line":306,"column":9}},{"start":{"line":261,"column":8},"end":{"line":306,"column":9}}],"line":261},"4":{"loc":{"start":{"line":263,"column":10},"end":{"line":295,"column":11}},"type":"if","locations":[{"start":{"line":263,"column":10},"end":{"line":295,"column":11}},{"start":{"line":263,"column":10},"end":{"line":295,"column":11}}],"line":263},"5":{"loc":{"start":{"line":267,"column":12},"end":{"line":285,"column":13}},"type":"if","locations":[{"start":{"line":267,"column":12},"end":{"line":285,"column":13}},{"start":{"line":267,"column":12},"end":{"line":285,"column":13}}],"line":267},"6":{"loc":{"start":{"line":353,"column":2},"end":{"line":360,"column":3}},"type":"if","locations":[{"start":{"line":353,"column":2},"end":{"line":360,"column":3}},{"start":{"line":353,"column":2},"end":{"line":360,"column":3}}],"line":353},"7":{"loc":{"start":{"line":363,"column":2},"end":{"line":371,"column":3}},"type":"if","locations":[{"start":{"line":363,"column":2},"end":{"line":371,"column":3}},{"start":{"line":363,"column":2},"end":{"line":371,"column":3}}],"line":363},"8":{"loc":{"start":{"line":363,"column":6},"end":{"line":363,"column":68}},"type":"binary-expr","locations":[{"start":{"line":363,"column":6},"end":{"line":363,"column":35}},{"start":{"line":363,"column":39},"end":{"line":363,"column":68}}],"line":363},"9":{"loc":{"start":{"line":365,"column":9},"end":{"line":371,"column":3}},"type":"if","locations":[{"start":{"line":365,"column":9},"end":{"line":371,"column":3}},{"start":{"line":365,"column":9},"end":{"line":371,"column":3}}],"line":365},"10":{"loc":{"start":{"line":400,"column":4},"end":{"line":418,"column":5}},"type":"if","locations":[{"start":{"line":400,"column":4},"end":{"line":418,"column":5}},{"start":{"line":400,"column":4},"end":{"line":418,"column":5}}],"line":400},"11":{"loc":{"start":{"line":430,"column":4},"end":{"line":458,"column":5}},"type":"if","locations":[{"start":{"line":430,"column":4},"end":{"line":458,"column":5}},{"start":{"line":430,"column":4},"end":{"line":458,"column":5}}],"line":430},"12":{"loc":{"start":{"line":437,"column":11},"end":{"line":458,"column":5}},"type":"if","locations":[{"start":{"line":437,"column":11},"end":{"line":458,"column":5}},{"start":{"line":437,"column":11},"end":{"line":458,"column":5}}],"line":437},"13":{"loc":{"start":{"line":444,"column":11},"end":{"line":458,"column":5}},"type":"if","locations":[{"start":{"line":444,"column":11},"end":{"line":458,"column":5}},{"start":{"line":444,"column":11},"end":{"line":458,"column":5}}],"line":444},"14":{"loc":{"start":{"line":451,"column":11},"end":{"line":458,"column":5}},"type":"if","locations":[{"start":{"line":451,"column":11},"end":{"line":458,"column":5}},{"start":{"line":451,"column":11},"end":{"line":458,"column":5}}],"line":451},"15":{"loc":{"start":{"line":476,"column":4},"end":{"line":488,"column":5}},"type":"if","locations":[{"start":{"line":476,"column":4},"end":{"line":488,"column":5}},{"start":{"line":476,"column":4},"end":{"line":488,"column":5}}],"line":476},"16":{"loc":{"start":{"line":482,"column":8},"end":{"line":485,"column":9}},"type":"if","locations":[{"start":{"line":482,"column":8},"end":{"line":485,"column":9}},{"start":{"line":482,"column":8},"end":{"line":485,"column":9}}],"line":482},"17":{"loc":{"start":{"line":491,"column":2},"end":{"line":493,"column":3}},"type":"if","locations":[{"start":{"line":491,"column":2},"end":{"line":493,"column":3}},{"start":{"line":491,"column":2},"end":{"line":493,"column":3}}],"line":491},"18":{"loc":{"start":{"line":509,"column":8},"end":{"line":511,"column":9}},"type":"if","locations":[{"start":{"line":509,"column":8},"end":{"line":511,"column":9}},{"start":{"line":509,"column":8},"end":{"line":511,"column":9}}],"line":509},"19":{"loc":{"start":{"line":544,"column":2},"end":{"line":559,"column":3}},"type":"if","locations":[{"start":{"line":544,"column":2},"end":{"line":559,"column":3}},{"start":{"line":544,"column":2},"end":{"line":559,"column":3}}],"line":544},"20":{"loc":{"start":{"line":550,"column":4},"end":{"line":552,"column":5}},"type":"if","locations":[{"start":{"line":550,"column":4},"end":{"line":552,"column":5}},{"start":{"line":550,"column":4},"end":{"line":552,"column":5}}],"line":550},"21":{"loc":{"start":{"line":607,"column":2},"end":{"line":609,"column":3}},"type":"if","locations":[{"start":{"line":607,"column":2},"end":{"line":609,"column":3}},{"start":{"line":607,"column":2},"end":{"line":609,"column":3}}],"line":607},"22":{"loc":{"start":{"line":615,"column":0},"end":{"line":631,"column":1}},"type":"if","locations":[{"start":{"line":615,"column":0},"end":{"line":631,"column":1}},{"start":{"line":615,"column":0},"end":{"line":631,"column":1}}],"line":615}},"s":{"0":141,"1":141,"2":141,"3":141,"4":141,"5":141,"6":141,"7":141,"8":141,"9":141,"10":141,"11":141,"12":141,"13":141,"14":141,"15":141,"16":141,"17":141,"18":141,"19":141,"20":141,"21":141,"22":141,"23":141,"24":141,"25":141,"26":141,"27":141,"28":141,"29":141,"30":140,"31":141,"32":285413,"33":285413,"34":285413,"35":30459,"36":30459,"37":30459,"38":4143,"39":4143,"40":4143,"41":250811,"42":285413,"43":285400,"44":5043,"45":264,"46":162,"47":162,"48":32,"49":32,"50":32,"51":32,"52":32,"53":130,"54":130,"55":130,"56":130,"57":130,"58":102,"59":102,"60":102,"61":102,"62":102,"63":264,"64":4779,"65":4779,"66":4779,"67":280357,"68":280357,"69":13,"70":13,"71":13,"72":13,"73":13,"74":285413,"75":141,"76":141,"77":267353,"78":267353,"79":267353,"80":267353,"81":267353,"82":267353,"83":267353,"84":267353,"85":267251,"86":267251,"87":102,"88":102,"89":267353,"90":235651,"91":31702,"92":28407,"93":3295,"94":267353,"95":267353,"96":267353,"97":145,"98":145,"99":145,"100":145,"101":145,"102":145,"103":96,"104":94,"105":94,"106":94,"107":94,"108":94,"109":94,"110":2,"111":2,"112":2,"113":2,"114":2,"115":2,"116":2,"117":2,"118":96,"119":144,"120":168,"121":168,"122":48,"123":48,"124":48,"125":48,"126":48,"127":120,"128":48,"129":48,"130":48,"131":48,"132":48,"133":72,"134":48,"135":48,"136":48,"137":48,"138":48,"139":24,"140":24,"141":24,"142":24,"143":24,"144":24,"145":168,"146":168,"147":144,"148":16,"149":144,"150":144,"151":10,"152":5,"153":5,"154":5,"155":5,"156":5,"157":5,"158":5,"159":5,"160":5,"161":144,"162":5,"163":7,"164":7,"165":7,"166":7,"167":7,"168":7,"169":7,"170":7,"171":3,"172":7,"173":7,"174":7,"175":7,"176":7,"177":7,"178":22,"179":22,"180":22,"181":22,"182":22,"183":22,"184":19,"185":19,"186":19,"187":19,"188":4,"189":19,"190":19,"191":22,"192":22,"193":22,"194":22,"195":22,"196":22,"197":21,"198":21,"199":21,"200":22,"201":5,"202":5,"203":5,"204":5,"205":5,"206":5,"207":8,"208":5,"209":534708,"210":167544,"211":367164,"212":141,"213":3,"214":3,"215":3,"216":3,"217":3,"218":3,"219":3,"220":3,"221":3,"222":3,"223":3,"224":3,"225":3,"226":3,"227":3},"f":{"0":141,"1":141,"2":285413,"3":141,"4":267353,"5":267353,"6":145,"7":96,"8":168,"9":16,"10":10,"11":5,"12":7,"13":7,"14":22,"15":21,"16":5,"17":8,"18":534708},"b":{"0":[30459,4143,250811],"1":[285400,13],"2":[5043,280357],"3":[264,4779],"4":[162,102],"5":[32,130],"6":[267251,102],"7":[235651,31702],"8":[267353,267251],"9":[28407,3295],"10":[94,2],"11":[48,120],"12":[48,72],"13":[48,24],"14":[24,0],"15":[5,5],"16":[5,0],"17":[5,139],"18":[3,4],"19":[3,19],"20":[4,15],"21":[167544,367164],"22":[3,138]},"_coverageSchema":"1a1c01bbd47fc00a2c39e90264f33305004495a9","hash":"27b6c49b5d4c97632f3c504d4961580877598654"}}