TN:
SF:index.js
FN:224,(anonymous_0)
FN:236,update
FN:238,(anonymous_2)
FN:332,(anonymous_3)
FN:340,updateDOM
FN:369,(anonymous_5)
FN:377,(anonymous_6)
FN:399,setProgress
FN:409,initDOM
FN:417,(anonymous_9)
FN:447,(anonymous_10)
FN:487,(anonymous_11)
FN:495,(anonymous_12)
FN:501,(anonymous_13)
FN:520,addSaved
FN:522,(anonymous_15)
FN:552,addTask
FN:596,createCloseButtons
FN:602,(anonymous_18)
FN:610,(anonymous_19)
FN:623,doubleDigit
FNF:21
FNH:21
FNDA:121,(anonymous_0)
FNDA:121,update
FNDA:286291,(anonymous_2)
FNDA:121,(anonymous_3)
FNDA:268168,updateDOM
FNDA:602,(anonymous_5)
FNDA:3,(anonymous_6)
FNDA:268168,setProgress
FNDA:125,initDOM
FNDA:75,(anonymous_9)
FNDA:126,(anonymous_10)
FNDA:18,(anonymous_11)
FNDA:10,(anonymous_12)
FNDA:5,(anonymous_13)
FNDA:8,addSaved
FNDA:8,(anonymous_15)
FNDA:24,addTask
FNDA:24,createCloseButtons
FNDA:5,(anonymous_18)
FNDA:8,(anonymous_19)
FNDA:536338,doubleDigit
DA:11,121
DA:16,121
DA:21,121
DA:26,121
DA:31,121
DA:36,121
DA:42,121
DA:49,121
DA:54,121
DA:59,121
DA:64,121
DA:69,121
DA:74,121
DA:79,121
DA:84,121
DA:95,121
DA:105,121
DA:117,121
DA:128,121
DA:140,121
DA:146,121
DA:151,121
DA:156,121
DA:161,121
DA:166,121
DA:171,121
DA:177,121
DA:183,121
DA:204,121
DA:225,121
DA:226,120
DA:238,121
DA:241,286291
DA:242,286291
DA:245,286291
DA:247,30459
DA:248,30459
DA:249,30459
DA:251,4143
DA:252,4143
DA:253,4143
DA:255,251689
DA:259,286291
DA:260,286276
DA:261,5034
DA:263,264
DA:266,162
DA:267,162
DA:271,32
DA:272,32
DA:273,32
DA:274,32
DA:275,32
DA:280,130
DA:281,130
DA:282,130
DA:283,130
DA:284,130
DA:290,102
DA:291,102
DA:292,102
DA:293,102
DA:294,102
DA:297,264
DA:301,4770
DA:302,4770
DA:305,4770
DA:310,281242
DA:313,281242
DA:318,15
DA:319,15
DA:320,15
DA:321,15
DA:322,15
DA:326,286291
DA:332,121
DA:333,121
DA:342,268168
DA:344,268168
DA:345,268168
DA:346,268168
DA:349,268168
DA:350,268168
DA:351,268168
DA:356,268168
DA:357,268082
DA:358,268082
DA:361,86
DA:362,86
DA:364,268168
DA:365,236380
DA:366,236380
DA:367,236380
DA:368,236380
DA:369,236380
DA:370,602
DA:373,31788
DA:374,31788
DA:375,31788
DA:376,31788
DA:377,31788
DA:378,3
DA:383,268168
DA:384,236466
DA:385,31702
DA:387,28407
DA:390,3295
DA:400,268168
DA:401,268168
DA:402,268168
DA:411,125
DA:412,125
DA:413,125
DA:414,125
DA:415,125
DA:417,125
DA:420,75
DA:421,73
DA:422,73
DA:423,73
DA:424,73
DA:425,73
DA:426,73
DA:430,2
DA:431,2
DA:432,2
DA:433,2
DA:434,2
DA:435,2
DA:436,2
DA:437,2
DA:440,75
DA:447,124
DA:449,126
DA:450,126
DA:452,36
DA:453,36
DA:454,36
DA:455,36
DA:456,36
DA:457,90
DA:459,36
DA:460,36
DA:461,36
DA:462,36
DA:463,36
DA:464,54
DA:466,36
DA:467,36
DA:468,36
DA:469,36
DA:470,36
DA:473,18
DA:474,18
DA:475,18
DA:476,18
DA:477,18
DA:481,126
DA:483,126
DA:487,124
DA:488,18
DA:492,124
DA:495,124
DA:496,10
DA:497,5
DA:498,5
DA:499,5
DA:500,5
DA:501,5
DA:502,5
DA:503,5
DA:506,5
DA:510,124
DA:511,6
DA:521,8
DA:522,8
DA:523,8
DA:524,8
DA:525,8
DA:526,8
DA:527,8
DA:528,8
DA:529,3
DA:531,8
DA:532,8
DA:534,8
DA:536,8
DA:537,8
DA:539,8
DA:554,24
DA:556,24
DA:558,24
DA:561,24
DA:562,24
DA:563,24
DA:566,21
DA:567,21
DA:568,21
DA:569,21
DA:570,5
DA:572,21
DA:577,21
DA:580,24
DA:582,24
DA:584,24
DA:586,24
DA:587,24
DA:589,24
DA:598,24
DA:601,24
DA:602,26
DA:604,5
DA:606,5
DA:607,5
DA:608,5
DA:609,5
DA:610,5
DA:611,8
DA:613,5
DA:626,536338
DA:627,167657
DA:630,368681
DA:634,121
DA:635,3
DA:636,3
DA:637,3
DA:638,3
DA:639,3
DA:640,3
DA:641,3
DA:642,3
DA:643,3
DA:644,3
DA:645,3
DA:646,3
DA:647,3
DA:648,3
DA:649,3
LF:238
LH:238
BRDA:245,0,0,30459
BRDA:245,0,1,4143
BRDA:245,0,2,251689
BRDA:259,1,0,286276
BRDA:259,1,1,15
BRDA:260,2,0,5034
BRDA:260,2,1,281242
BRDA:261,3,0,264
BRDA:261,3,1,4770
BRDA:263,4,0,162
BRDA:263,4,1,102
BRDA:267,5,0,32
BRDA:267,5,1,130
BRDA:356,6,0,268082
BRDA:356,6,1,86
BRDA:364,7,0,236380
BRDA:364,7,1,31788
BRDA:383,8,0,236466
BRDA:383,8,1,31702
BRDA:383,9,0,268168
BRDA:383,9,1,268082
BRDA:385,10,0,28407
BRDA:385,10,1,3295
BRDA:420,11,0,73
BRDA:420,11,1,2
BRDA:450,12,0,36
BRDA:450,12,1,90
BRDA:457,13,0,36
BRDA:457,13,1,54
BRDA:464,14,0,36
BRDA:464,14,1,18
BRDA:496,15,0,5
BRDA:496,15,1,5
BRDA:502,16,0,5
BRDA:502,16,1,0
BRDA:510,17,0,6
BRDA:510,17,1,118
BRDA:528,18,0,3
BRDA:528,18,1,5
BRDA:563,19,0,3
BRDA:563,19,1,21
BRDA:569,20,0,5
BRDA:569,20,1,16
BRDA:626,21,0,167657
BRDA:626,21,1,368681
BRDA:634,22,0,3
BRDA:634,22,1,118
BRF:47
BRH:46
end_of_record
TN:
SF:cypress/plugins/index.js
FN:18,(anonymous_0)
FNF:1
FNH:1
FNDA:1,(anonymous_0)
DA:18,1
DA:21,1
DA:26,1
LF:3
LH:3
BRF:0
BRH:0
end_of_record
