<?xml version="1.0" encoding="UTF-8"?>
<coverage generated="1613961235837" clover="3.2.0">
  <project timestamp="1613961235837" name="All files">
    <metrics statements="86" coveredstatements="86" conditionals="17" coveredconditionals="16" methods="4" coveredmethods="4" elements="107" coveredelements="106" complexity="0" loc="86" ncloc="86" packages="1" files="1" classes="1"/>
    <file name="index.js" path="/Users/Calvin/Desktop/Winter 2021/CSE110/cse110-w21-group3/timer/index.js">
      <metrics statements="86" coveredstatements="86" conditionals="17" coveredconditionals="16" methods="4" coveredmethods="4"/>
      <line num="1" count="1" type="stmt"/>
      <line num="2" count="1" type="stmt"/>
      <line num="3" count="1" type="stmt"/>
      <line num="4" count="1" type="stmt"/>
      <line num="5" count="1" type="stmt"/>
      <line num="6" count="1" type="stmt"/>
      <line num="7" count="1" type="stmt"/>
      <line num="8" count="1" type="stmt"/>
      <line num="9" count="1" type="stmt"/>
      <line num="10" count="1" type="stmt"/>
      <line num="11" count="1" type="stmt"/>
      <line num="12" count="1" type="stmt"/>
      <line num="13" count="1" type="stmt"/>
      <line num="14" count="1" type="stmt"/>
      <line num="16" count="1" type="stmt"/>
      <line num="23" count="1" type="stmt"/>
      <line num="29" count="1" type="stmt"/>
      <line num="30" count="1" type="stmt"/>
      <line num="31" count="1" type="stmt"/>
      <line num="32" count="1" type="stmt"/>
      <line num="33" count="1" type="stmt"/>
      <line num="34" count="1" type="stmt"/>
      <line num="35" count="1" type="stmt"/>
      <line num="36" count="1" type="stmt"/>
      <line num="37" count="1" type="stmt"/>
      <line num="39" count="1" type="stmt"/>
      <line num="54" count="1" type="stmt"/>
      <line num="55" count="1" type="stmt"/>
      <line num="65" count="1" type="stmt"/>
      <line num="66" count="18328" type="stmt"/>
      <line num="67" count="18328" type="stmt"/>
      <line num="68" count="18328" type="cond" truecount="3" falsecount="0"/>
      <line num="70" count="2107" type="stmt"/>
      <line num="71" count="2107" type="stmt"/>
      <line num="72" count="2107" type="stmt"/>
      <line num="74" count="901" type="stmt"/>
      <line num="75" count="901" type="stmt"/>
      <line num="76" count="901" type="stmt"/>
      <line num="78" count="15320" type="stmt"/>
      <line num="80" count="18328" type="cond" truecount="2" falsecount="0"/>
      <line num="81" count="18318" type="cond" truecount="2" falsecount="0"/>
      <line num="82" count="323" type="cond" truecount="2" falsecount="0"/>
      <line num="84" count="18" type="cond" truecount="2" falsecount="0"/>
      <line num="86" count="10" type="stmt"/>
      <line num="87" count="10" type="cond" truecount="2" falsecount="0"/>
      <line num="89" count="2" type="stmt"/>
      <line num="90" count="2" type="stmt"/>
      <line num="91" count="2" type="stmt"/>
      <line num="92" count="2" type="stmt"/>
      <line num="93" count="2" type="stmt"/>
      <line num="95" count="8" type="stmt"/>
      <line num="96" count="8" type="stmt"/>
      <line num="97" count="8" type="stmt"/>
      <line num="98" count="8" type="stmt"/>
      <line num="99" count="8" type="stmt"/>
      <line num="103" count="8" type="stmt"/>
      <line num="104" count="8" type="stmt"/>
      <line num="105" count="8" type="stmt"/>
      <line num="106" count="8" type="stmt"/>
      <line num="107" count="8" type="stmt"/>
      <line num="109" count="18" type="stmt"/>
      <line num="111" count="305" type="stmt"/>
      <line num="112" count="305" type="stmt"/>
      <line num="113" count="305" type="stmt"/>
      <line num="116" count="17995" type="stmt"/>
      <line num="117" count="17995" type="stmt"/>
      <line num="120" count="10" type="stmt"/>
      <line num="121" count="10" type="stmt"/>
      <line num="122" count="10" type="stmt"/>
      <line num="123" count="10" type="stmt"/>
      <line num="124" count="10" type="stmt"/>
      <line num="126" count="18328" type="stmt"/>
      <line num="135" count="2" type="cond" truecount="2" falsecount="0"/>
      <line num="136" count="1" type="stmt"/>
      <line num="138" count="1" type="stmt"/>
      <line num="141" count="1" type="cond" truecount="1" falsecount="1"/>
      <line num="142" count="1" type="stmt"/>
      <line num="143" count="1" type="stmt"/>
      <line num="144" count="1" type="stmt"/>
      <line num="145" count="1" type="stmt"/>
      <line num="146" count="1" type="stmt"/>
      <line num="147" count="1" type="stmt"/>
      <line num="148" count="1" type="stmt"/>
      <line num="149" count="1" type="stmt"/>
      <line num="150" count="1" type="stmt"/>
      <line num="151" count="1" type="stmt"/>
    </file>
  </project>
</coverage>
