{"/Users/Calvin/Desktop/Winter 2021/CSE110/cse110-w21-group3/timer/index.js": {"path":"/Users/Calvin/Desktop/Winter 2021/CSE110/cse110-w21-group3/timer/index.js","statementMap":{"0":{"start":{"line":1,"column":20},"end":{"line":1,"column":22}},"1":{"start":{"line":2,"column":20},"end":{"line":2,"column":21}},"2":{"start":{"line":3,"column":20},"end":{"line":3,"column":21}},"3":{"start":{"line":4,"column":20},"end":{"line":4,"column":21}},"4":{"start":{"line":5,"column":21},"end":{"line":5,"column":23}},"5":{"start":{"line":6,"column":21},"end":{"line":6,"column":22}},"6":{"start":{"line":7,"column":22},"end":{"line":7,"column":75}},"7":{"start":{"line":8,"column":23},"end":{"line":8,"column":40}},"8":{"start":{"line":9,"column":22},"end":{"line":9,"column":49}},"9":{"start":{"line":10,"column":21},"end":{"line":10,"column":53}},"10":{"start":{"line":11,"column":23},"end":{"line":11,"column":58}},"11":{"start":{"line":12,"column":23},"end":{"line":12,"column":35}},"12":{"start":{"line":13,"column":22},"end":{"line":13,"column":34}},"13":{"start":{"line":14,"column":24},"end":{"line":14,"column":36}},"14":{"start":{"line":16,"column":15},"end":{"line":21,"column":1}},"15":{"start":{"line":23,"column":16},"end":{"line":28,"column":1}},"16":{"start":{"line":30,"column":16},"end":{"line":35,"column":1}},"17":{"start":{"line":37,"column":14},"end":{"line":42,"column":1}},"18":{"start":{"line":44,"column":17},"end":{"line":49,"column":1}},"19":{"start":{"line":51,"column":18},"end":{"line":51,"column":28}},"20":{"start":{"line":52,"column":19},"end":{"line":52,"column":30}},"21":{"start":{"line":53,"column":18},"end":{"line":53,"column":52}},"22":{"start":{"line":54,"column":13},"end":{"line":54,"column":42}},"23":{"start":{"line":55,"column":19},"end":{"line":55,"column":54}},"24":{"start":{"line":56,"column":17},"end":{"line":56,"column":50}},"25":{"start":{"line":57,"column":14},"end":{"line":57,"column":42}},"26":{"start":{"line":58,"column":12},"end":{"line":58,"column":40}},"27":{"start":{"line":59,"column":12},"end":{"line":59,"column":16}},"28":{"start":{"line":61,"column":13},"end":{"line":80,"column":1}},"29":{"start":{"line":77,"column":4},"end":{"line":77,"column":13}},"30":{"start":{"line":78,"column":4},"end":{"line":78,"column":21}},"31":{"start":{"line":88,"column":2},"end":{"line":150,"column":10}},"32":{"start":{"line":89,"column":18},"end":{"line":89,"column":29}},"33":{"start":{"line":90,"column":18},"end":{"line":90,"column":29}},"34":{"start":{"line":91,"column":4},"end":{"line":102,"column":5}},"35":{"start":{"line":93,"column":8},"end":{"line":93,"column":29}},"36":{"start":{"line":94,"column":8},"end":{"line":94,"column":29}},"37":{"start":{"line":95,"column":8},"end":{"line":95,"column":14}},"38":{"start":{"line":97,"column":8},"end":{"line":97,"column":30}},"39":{"start":{"line":98,"column":8},"end":{"line":98,"column":30}},"40":{"start":{"line":99,"column":8},"end":{"line":99,"column":14}},"41":{"start":{"line":101,"column":8},"end":{"line":101,"column":14}},"42":{"start":{"line":103,"column":4},"end":{"line":148,"column":5}},"43":{"start":{"line":104,"column":6},"end":{"line":141,"column":7}},"44":{"start":{"line":105,"column":8},"end":{"line":137,"column":9}},"45":{"start":{"line":107,"column":10},"end":{"line":131,"column":11}},"46":{"start":{"line":109,"column":12},"end":{"line":109,"column":24}},"47":{"start":{"line":110,"column":12},"end":{"line":123,"column":13}},"48":{"start":{"line":112,"column":14},"end":{"line":112,"column":41}},"49":{"start":{"line":113,"column":14},"end":{"line":113,"column":41}},"50":{"start":{"line":114,"column":14},"end":{"line":114,"column":41}},"51":{"start":{"line":115,"column":14},"end":{"line":115,"column":32}},"52":{"start":{"line":116,"column":14},"end":{"line":116,"column":26}},"53":{"start":{"line":118,"column":14},"end":{"line":118,"column":40}},"54":{"start":{"line":119,"column":14},"end":{"line":119,"column":40}},"55":{"start":{"line":120,"column":14},"end":{"line":120,"column":41}},"56":{"start":{"line":121,"column":14},"end":{"line":121,"column":27}},"57":{"start":{"line":122,"column":14},"end":{"line":122,"column":26}},"58":{"start":{"line":126,"column":12},"end":{"line":126,"column":38}},"59":{"start":{"line":127,"column":12},"end":{"line":127,"column":38}},"60":{"start":{"line":128,"column":12},"end":{"line":128,"column":39}},"61":{"start":{"line":129,"column":12},"end":{"line":129,"column":29}},"62":{"start":{"line":130,"column":12},"end":{"line":130,"column":24}},"63":{"start":{"line":132,"column":10},"end":{"line":132,"column":23}},"64":{"start":{"line":134,"column":10},"end":{"line":134,"column":27}},"65":{"start":{"line":135,"column":10},"end":{"line":135,"column":24}},"66":{"start":{"line":136,"column":10},"end":{"line":136,"column":122}},"67":{"start":{"line":139,"column":8},"end":{"line":139,"column":22}},"68":{"start":{"line":140,"column":8},"end":{"line":140,"column":120}},"69":{"start":{"line":143,"column":6},"end":{"line":143,"column":19}},"70":{"start":{"line":144,"column":6},"end":{"line":144,"column":32}},"71":{"start":{"line":145,"column":6},"end":{"line":145,"column":32}},"72":{"start":{"line":146,"column":6},"end":{"line":146,"column":20}},"73":{"start":{"line":147,"column":6},"end":{"line":147,"column":33}},"74":{"start":{"line":149,"column":4},"end":{"line":149,"column":26}},"75":{"start":{"line":155,"column":0},"end":{"line":157,"column":1}},"76":{"start":{"line":156,"column":2},"end":{"line":156,"column":31}},"77":{"start":{"line":165,"column":4},"end":{"line":165,"column":26}},"78":{"start":{"line":166,"column":4},"end":{"line":166,"column":90}},"79":{"start":{"line":167,"column":4},"end":{"line":167,"column":42}},"80":{"start":{"line":168,"column":4},"end":{"line":168,"column":44}},"81":{"start":{"line":169,"column":4},"end":{"line":169,"column":61}},"82":{"start":{"line":170,"column":4},"end":{"line":170,"column":71}},"83":{"start":{"line":171,"column":4},"end":{"line":171,"column":71}},"84":{"start":{"line":172,"column":4},"end":{"line":178,"column":5}},"85":{"start":{"line":173,"column":6},"end":{"line":173,"column":69}},"86":{"start":{"line":174,"column":6},"end":{"line":174,"column":69}},"87":{"start":{"line":176,"column":6},"end":{"line":176,"column":69}},"88":{"start":{"line":177,"column":6},"end":{"line":177,"column":73}},"89":{"start":{"line":179,"column":4},"end":{"line":185,"column":5}},"90":{"start":{"line":180,"column":6},"end":{"line":180,"column":37}},"91":{"start":{"line":181,"column":11},"end":{"line":185,"column":5}},"92":{"start":{"line":182,"column":6},"end":{"line":182,"column":37}},"93":{"start":{"line":184,"column":6},"end":{"line":184,"column":37}},"94":{"start":{"line":189,"column":12},"end":{"line":189,"column":23}},"95":{"start":{"line":190,"column":2},"end":{"line":190,"column":31}},"96":{"start":{"line":191,"column":2},"end":{"line":191,"column":49}},"97":{"start":{"line":195,"column":2},"end":{"line":195,"column":48}},"98":{"start":{"line":196,"column":2},"end":{"line":196,"column":50}},"99":{"start":{"line":197,"column":2},"end":{"line":197,"column":52}},"100":{"start":{"line":198,"column":2},"end":{"line":198,"column":46}},"101":{"start":{"line":199,"column":2},"end":{"line":199,"column":51}},"102":{"start":{"line":200,"column":2},"end":{"line":214,"column":4}},"103":{"start":{"line":201,"column":4},"end":{"line":212,"column":5}},"104":{"start":{"line":202,"column":6},"end":{"line":202,"column":33}},"105":{"start":{"line":203,"column":6},"end":{"line":203,"column":32}},"106":{"start":{"line":204,"column":6},"end":{"line":204,"column":32}},"107":{"start":{"line":205,"column":6},"end":{"line":205,"column":25}},"108":{"start":{"line":206,"column":6},"end":{"line":206,"column":17}},"109":{"start":{"line":207,"column":6},"end":{"line":207,"column":18}},"110":{"start":{"line":209,"column":6},"end":{"line":209,"column":26}},"111":{"start":{"line":210,"column":6},"end":{"line":210,"column":22}},"112":{"start":{"line":211,"column":6},"end":{"line":211,"column":18}},"113":{"start":{"line":213,"column":4},"end":{"line":213,"column":26}},"114":{"start":{"line":216,"column":2},"end":{"line":246,"column":3}},"115":{"start":{"line":217,"column":18},"end":{"line":217,"column":49}},"116":{"start":{"line":218,"column":21},"end":{"line":218,"column":88}},"117":{"start":{"line":219,"column":4},"end":{"line":243,"column":5}},"118":{"start":{"line":220,"column":6},"end":{"line":220,"column":29}},"119":{"start":{"line":221,"column":6},"end":{"line":221,"column":31}},"120":{"start":{"line":222,"column":6},"end":{"line":222,"column":32}},"121":{"start":{"line":223,"column":6},"end":{"line":223,"column":29}},"122":{"start":{"line":224,"column":6},"end":{"line":224,"column":38}},"123":{"start":{"line":225,"column":11},"end":{"line":243,"column":5}},"124":{"start":{"line":226,"column":6},"end":{"line":226,"column":29}},"125":{"start":{"line":227,"column":6},"end":{"line":227,"column":31}},"126":{"start":{"line":228,"column":6},"end":{"line":228,"column":32}},"127":{"start":{"line":229,"column":6},"end":{"line":229,"column":29}},"128":{"start":{"line":230,"column":6},"end":{"line":230,"column":38}},"129":{"start":{"line":231,"column":11},"end":{"line":243,"column":5}},"130":{"start":{"line":232,"column":6},"end":{"line":232,"column":29}},"131":{"start":{"line":233,"column":6},"end":{"line":233,"column":31}},"132":{"start":{"line":234,"column":6},"end":{"line":234,"column":32}},"133":{"start":{"line":235,"column":6},"end":{"line":235,"column":29}},"134":{"start":{"line":236,"column":6},"end":{"line":236,"column":38}},"135":{"start":{"line":237,"column":11},"end":{"line":243,"column":5}},"136":{"start":{"line":238,"column":6},"end":{"line":238,"column":30}},"137":{"start":{"line":239,"column":6},"end":{"line":239,"column":32}},"138":{"start":{"line":240,"column":6},"end":{"line":240,"column":33}},"139":{"start":{"line":241,"column":6},"end":{"line":241,"column":30}},"140":{"start":{"line":242,"column":6},"end":{"line":242,"column":39}},"141":{"start":{"line":244,"column":4},"end":{"line":244,"column":35}},"142":{"start":{"line":245,"column":4},"end":{"line":245,"column":26}},"143":{"start":{"line":254,"column":2},"end":{"line":256,"column":3}},"144":{"start":{"line":255,"column":4},"end":{"line":255,"column":20}},"145":{"start":{"line":257,"column":2},"end":{"line":257,"column":23}},"146":{"start":{"line":260,"column":0},"end":{"line":274,"column":1}},"147":{"start":{"line":261,"column":2},"end":{"line":261,"column":25}},"148":{"start":{"line":262,"column":2},"end":{"line":262,"column":21}},"149":{"start":{"line":263,"column":2},"end":{"line":263,"column":27}},"150":{"start":{"line":264,"column":2},"end":{"line":264,"column":35}},"151":{"start":{"line":265,"column":2},"end":{"line":265,"column":31}},"152":{"start":{"line":266,"column":2},"end":{"line":266,"column":35}},"153":{"start":{"line":267,"column":2},"end":{"line":267,"column":35}},"154":{"start":{"line":268,"column":2},"end":{"line":268,"column":35}},"155":{"start":{"line":269,"column":2},"end":{"line":269,"column":35}},"156":{"start":{"line":270,"column":2},"end":{"line":270,"column":37}},"157":{"start":{"line":271,"column":2},"end":{"line":271,"column":37}},"158":{"start":{"line":272,"column":2},"end":{"line":272,"column":35}},"159":{"start":{"line":273,"column":2},"end":{"line":273,"column":35}}},"fnMap":{"0":{"name":"(anonymous_0)","decl":{"start":{"line":76,"column":8},"end":{"line":76,"column":9}},"loc":{"start":{"line":76,"column":37},"end":{"line":79,"column":3}},"line":76},"1":{"name":"update","decl":{"start":{"line":87,"column":9},"end":{"line":87,"column":15}},"loc":{"start":{"line":87,"column":27},"end":{"line":151,"column":1}},"line":87},"2":{"name":"(anonymous_2)","decl":{"start":{"line":88,"column":14},"end":{"line":88,"column":15}},"loc":{"start":{"line":88,"column":20},"end":{"line":150,"column":3}},"line":88},"3":{"name":"(anonymous_3)","decl":{"start":{"line":155,"column":16},"end":{"line":155,"column":17}},"loc":{"start":{"line":155,"column":22},"end":{"line":157,"column":1}},"line":155},"4":{"name":"updateDOM","decl":{"start":{"line":164,"column":9},"end":{"line":164,"column":18}},"loc":{"start":{"line":164,"column":32},"end":{"line":186,"column":1}},"line":164},"5":{"name":"setProgress","decl":{"start":{"line":188,"column":9},"end":{"line":188,"column":20}},"loc":{"start":{"line":188,"column":30},"end":{"line":192,"column":1}},"line":188},"6":{"name":"initDOM","decl":{"start":{"line":194,"column":9},"end":{"line":194,"column":16}},"loc":{"start":{"line":194,"column":19},"end":{"line":247,"column":1}},"line":194},"7":{"name":"(anonymous_7)","decl":{"start":{"line":200,"column":62},"end":{"line":200,"column":63}},"loc":{"start":{"line":200,"column":68},"end":{"line":214,"column":3}},"line":200},"8":{"name":"(anonymous_8)","decl":{"start":{"line":216,"column":63},"end":{"line":216,"column":64}},"loc":{"start":{"line":216,"column":74},"end":{"line":246,"column":3}},"line":216},"9":{"name":"doubleDigit","decl":{"start":{"line":253,"column":9},"end":{"line":253,"column":20}},"loc":{"start":{"line":253,"column":26},"end":{"line":258,"column":1}},"line":253}},"branchMap":{"0":{"loc":{"start":{"line":91,"column":4},"end":{"line":102,"column":5}},"type":"switch","locations":[{"start":{"line":92,"column":6},"end":{"line":95,"column":14}},{"start":{"line":96,"column":6},"end":{"line":99,"column":14}},{"start":{"line":100,"column":6},"end":{"line":101,"column":14}}],"line":91},"1":{"loc":{"start":{"line":103,"column":4},"end":{"line":148,"column":5}},"type":"if","locations":[{"start":{"line":103,"column":4},"end":{"line":148,"column":5}},{"start":{"line":103,"column":4},"end":{"line":148,"column":5}}],"line":103},"2":{"loc":{"start":{"line":104,"column":6},"end":{"line":141,"column":7}},"type":"if","locations":[{"start":{"line":104,"column":6},"end":{"line":141,"column":7}},{"start":{"line":104,"column":6},"end":{"line":141,"column":7}}],"line":104},"3":{"loc":{"start":{"line":105,"column":8},"end":{"line":137,"column":9}},"type":"if","locations":[{"start":{"line":105,"column":8},"end":{"line":137,"column":9}},{"start":{"line":105,"column":8},"end":{"line":137,"column":9}}],"line":105},"4":{"loc":{"start":{"line":107,"column":10},"end":{"line":131,"column":11}},"type":"if","locations":[{"start":{"line":107,"column":10},"end":{"line":131,"column":11}},{"start":{"line":107,"column":10},"end":{"line":131,"column":11}}],"line":107},"5":{"loc":{"start":{"line":110,"column":12},"end":{"line":123,"column":13}},"type":"if","locations":[{"start":{"line":110,"column":12},"end":{"line":123,"column":13}},{"start":{"line":110,"column":12},"end":{"line":123,"column":13}}],"line":110},"6":{"loc":{"start":{"line":172,"column":4},"end":{"line":178,"column":5}},"type":"if","locations":[{"start":{"line":172,"column":4},"end":{"line":178,"column":5}},{"start":{"line":172,"column":4},"end":{"line":178,"column":5}}],"line":172},"7":{"loc":{"start":{"line":179,"column":4},"end":{"line":185,"column":5}},"type":"if","locations":[{"start":{"line":179,"column":4},"end":{"line":185,"column":5}},{"start":{"line":179,"column":4},"end":{"line":185,"column":5}}],"line":179},"8":{"loc":{"start":{"line":179,"column":8},"end":{"line":179,"column":70}},"type":"binary-expr","locations":[{"start":{"line":179,"column":8},"end":{"line":179,"column":37}},{"start":{"line":179,"column":41},"end":{"line":179,"column":70}}],"line":179},"9":{"loc":{"start":{"line":181,"column":11},"end":{"line":185,"column":5}},"type":"if","locations":[{"start":{"line":181,"column":11},"end":{"line":185,"column":5}},{"start":{"line":181,"column":11},"end":{"line":185,"column":5}}],"line":181},"10":{"loc":{"start":{"line":201,"column":4},"end":{"line":212,"column":5}},"type":"if","locations":[{"start":{"line":201,"column":4},"end":{"line":212,"column":5}},{"start":{"line":201,"column":4},"end":{"line":212,"column":5}}],"line":201},"11":{"loc":{"start":{"line":219,"column":4},"end":{"line":243,"column":5}},"type":"if","locations":[{"start":{"line":219,"column":4},"end":{"line":243,"column":5}},{"start":{"line":219,"column":4},"end":{"line":243,"column":5}}],"line":219},"12":{"loc":{"start":{"line":225,"column":11},"end":{"line":243,"column":5}},"type":"if","locations":[{"start":{"line":225,"column":11},"end":{"line":243,"column":5}},{"start":{"line":225,"column":11},"end":{"line":243,"column":5}}],"line":225},"13":{"loc":{"start":{"line":231,"column":11},"end":{"line":243,"column":5}},"type":"if","locations":[{"start":{"line":231,"column":11},"end":{"line":243,"column":5}},{"start":{"line":231,"column":11},"end":{"line":243,"column":5}}],"line":231},"14":{"loc":{"start":{"line":237,"column":11},"end":{"line":243,"column":5}},"type":"if","locations":[{"start":{"line":237,"column":11},"end":{"line":243,"column":5}},{"start":{"line":237,"column":11},"end":{"line":243,"column":5}}],"line":237},"15":{"loc":{"start":{"line":254,"column":2},"end":{"line":256,"column":3}},"type":"if","locations":[{"start":{"line":254,"column":2},"end":{"line":256,"column":3}},{"start":{"line":254,"column":2},"end":{"line":256,"column":3}}],"line":254},"16":{"loc":{"start":{"line":260,"column":0},"end":{"line":274,"column":1}},"type":"if","locations":[{"start":{"line":260,"column":0},"end":{"line":274,"column":1}},{"start":{"line":260,"column":0},"end":{"line":274,"column":1}}],"line":260}},"s":{"0":2,"1":2,"2":2,"3":2,"4":2,"5":2,"6":2,"7":2,"8":2,"9":2,"10":2,"11":2,"12":2,"13":2,"14":2,"15":2,"16":2,"17":2,"18":2,"19":2,"20":2,"21":2,"22":2,"23":2,"24":2,"25":2,"26":2,"27":2,"28":2,"29":1,"30":1,"31":1,"32":18328,"33":18328,"34":18328,"35":2107,"36":2107,"37":2107,"38":901,"39":901,"40":901,"41":15320,"42":18328,"43":18318,"44":323,"45":18,"46":10,"47":10,"48":2,"49":2,"50":2,"51":2,"52":2,"53":8,"54":8,"55":8,"56":8,"57":8,"58":8,"59":8,"60":8,"61":8,"62":8,"63":18,"64":305,"65":305,"66":305,"67":17995,"68":17995,"69":10,"70":10,"71":10,"72":10,"73":10,"74":18328,"75":2,"76":0,"77":3,"78":3,"79":3,"80":3,"81":3,"82":3,"83":3,"84":3,"85":3,"86":3,"87":0,"88":0,"89":3,"90":1,"91":2,"92":1,"93":1,"94":3,"95":3,"96":3,"97":3,"98":3,"99":3,"100":3,"101":3,"102":3,"103":0,"104":0,"105":0,"106":0,"107":0,"108":0,"109":0,"110":0,"111":0,"112":0,"113":0,"114":3,"115":0,"116":0,"117":0,"118":0,"119":0,"120":0,"121":0,"122":0,"123":0,"124":0,"125":0,"126":0,"127":0,"128":0,"129":0,"130":0,"131":0,"132":0,"133":0,"134":0,"135":0,"136":0,"137":0,"138":0,"139":0,"140":0,"141":0,"142":0,"143":8,"144":1,"145":7,"146":2,"147":2,"148":2,"149":2,"150":2,"151":2,"152":2,"153":2,"154":2,"155":2,"156":2,"157":2,"158":2,"159":2},"f":{"0":1,"1":1,"2":18328,"3":0,"4":3,"5":3,"6":3,"7":0,"8":0,"9":8},"b":{"0":[2107,901,15320],"1":[18318,10],"2":[323,17995],"3":[18,305],"4":[10,8],"5":[2,8],"6":[3,0],"7":[1,2],"8":[3,3],"9":[1,1],"10":[0,0],"11":[0,0],"12":[0,0],"13":[0,0],"14":[0,0],"15":[1,7],"16":[2,0]},"_coverageSchema":"1a1c01bbd47fc00a2c39e90264f33305004495a9","hash":"2b78447864a9c56e6c1e0c8d77fceaee952856e8"}
}
