{"/Users/Calvin/Desktop/Winter 2021/CSE110/cse110-w21-group3/timer/index.js": {"path":"/Users/Calvin/Desktop/Winter 2021/CSE110/cse110-w21-group3/timer/index.js","statementMap":{"0":{"start":{"line":1,"column":20},"end":{"line":1,"column":22}},"1":{"start":{"line":2,"column":20},"end":{"line":2,"column":21}},"2":{"start":{"line":3,"column":20},"end":{"line":3,"column":21}},"3":{"start":{"line":4,"column":20},"end":{"line":4,"column":21}},"4":{"start":{"line":5,"column":21},"end":{"line":5,"column":23}},"5":{"start":{"line":6,"column":21},"end":{"line":6,"column":22}},"6":{"start":{"line":7,"column":22},"end":{"line":7,"column":75}},"7":{"start":{"line":8,"column":23},"end":{"line":8,"column":40}},"8":{"start":{"line":9,"column":22},"end":{"line":9,"column":49}},"9":{"start":{"line":10,"column":21},"end":{"line":10,"column":53}},"10":{"start":{"line":11,"column":23},"end":{"line":11,"column":58}},"11":{"start":{"line":12,"column":23},"end":{"line":12,"column":35}},"12":{"start":{"line":13,"column":22},"end":{"line":13,"column":34}},"13":{"start":{"line":14,"column":24},"end":{"line":14,"column":36}},"14":{"start":{"line":16,"column":15},"end":{"line":21,"column":1}},"15":{"start":{"line":23,"column":16},"end":{"line":28,"column":1}},"16":{"start":{"line":29,"column":18},"end":{"line":29,"column":28}},"17":{"start":{"line":30,"column":19},"end":{"line":30,"column":30}},"18":{"start":{"line":31,"column":18},"end":{"line":31,"column":52}},"19":{"start":{"line":32,"column":13},"end":{"line":32,"column":42}},"20":{"start":{"line":33,"column":19},"end":{"line":33,"column":54}},"21":{"start":{"line":34,"column":17},"end":{"line":34,"column":50}},"22":{"start":{"line":35,"column":14},"end":{"line":35,"column":42}},"23":{"start":{"line":36,"column":12},"end":{"line":36,"column":40}},"24":{"start":{"line":37,"column":12},"end":{"line":37,"column":16}},"25":{"start":{"line":39,"column":13},"end":{"line":57,"column":1}},"26":{"start":{"line":54,"column":4},"end":{"line":54,"column":13}},"27":{"start":{"line":55,"column":4},"end":{"line":55,"column":21}},"28":{"start":{"line":65,"column":2},"end":{"line":127,"column":10}},"29":{"start":{"line":66,"column":18},"end":{"line":66,"column":29}},"30":{"start":{"line":67,"column":18},"end":{"line":67,"column":29}},"31":{"start":{"line":68,"column":4},"end":{"line":79,"column":5}},"32":{"start":{"line":70,"column":8},"end":{"line":70,"column":29}},"33":{"start":{"line":71,"column":8},"end":{"line":71,"column":29}},"34":{"start":{"line":72,"column":8},"end":{"line":72,"column":14}},"35":{"start":{"line":74,"column":8},"end":{"line":74,"column":30}},"36":{"start":{"line":75,"column":8},"end":{"line":75,"column":30}},"37":{"start":{"line":76,"column":8},"end":{"line":76,"column":14}},"38":{"start":{"line":78,"column":8},"end":{"line":78,"column":14}},"39":{"start":{"line":80,"column":4},"end":{"line":125,"column":5}},"40":{"start":{"line":81,"column":6},"end":{"line":118,"column":7}},"41":{"start":{"line":82,"column":8},"end":{"line":114,"column":9}},"42":{"start":{"line":84,"column":10},"end":{"line":108,"column":11}},"43":{"start":{"line":86,"column":12},"end":{"line":86,"column":24}},"44":{"start":{"line":87,"column":12},"end":{"line":100,"column":13}},"45":{"start":{"line":89,"column":14},"end":{"line":89,"column":41}},"46":{"start":{"line":90,"column":14},"end":{"line":90,"column":41}},"47":{"start":{"line":91,"column":14},"end":{"line":91,"column":41}},"48":{"start":{"line":92,"column":14},"end":{"line":92,"column":32}},"49":{"start":{"line":93,"column":14},"end":{"line":93,"column":26}},"50":{"start":{"line":95,"column":14},"end":{"line":95,"column":40}},"51":{"start":{"line":96,"column":14},"end":{"line":96,"column":40}},"52":{"start":{"line":97,"column":14},"end":{"line":97,"column":41}},"53":{"start":{"line":98,"column":14},"end":{"line":98,"column":27}},"54":{"start":{"line":99,"column":14},"end":{"line":99,"column":26}},"55":{"start":{"line":103,"column":12},"end":{"line":103,"column":38}},"56":{"start":{"line":104,"column":12},"end":{"line":104,"column":38}},"57":{"start":{"line":105,"column":12},"end":{"line":105,"column":39}},"58":{"start":{"line":106,"column":12},"end":{"line":106,"column":29}},"59":{"start":{"line":107,"column":12},"end":{"line":107,"column":24}},"60":{"start":{"line":109,"column":10},"end":{"line":109,"column":23}},"61":{"start":{"line":111,"column":10},"end":{"line":111,"column":27}},"62":{"start":{"line":112,"column":10},"end":{"line":112,"column":24}},"63":{"start":{"line":113,"column":10},"end":{"line":113,"column":122}},"64":{"start":{"line":116,"column":8},"end":{"line":116,"column":22}},"65":{"start":{"line":117,"column":8},"end":{"line":117,"column":120}},"66":{"start":{"line":120,"column":6},"end":{"line":120,"column":19}},"67":{"start":{"line":121,"column":6},"end":{"line":121,"column":32}},"68":{"start":{"line":122,"column":6},"end":{"line":122,"column":32}},"69":{"start":{"line":123,"column":6},"end":{"line":123,"column":20}},"70":{"start":{"line":124,"column":6},"end":{"line":124,"column":33}},"71":{"start":{"line":126,"column":4},"end":{"line":126,"column":15}},"72":{"start":{"line":135,"column":2},"end":{"line":137,"column":3}},"73":{"start":{"line":136,"column":4},"end":{"line":136,"column":20}},"74":{"start":{"line":138,"column":2},"end":{"line":138,"column":23}},"75":{"start":{"line":141,"column":0},"end":{"line":152,"column":1}},"76":{"start":{"line":142,"column":2},"end":{"line":142,"column":25}},"77":{"start":{"line":143,"column":2},"end":{"line":143,"column":21}},"78":{"start":{"line":144,"column":2},"end":{"line":144,"column":35}},"79":{"start":{"line":145,"column":2},"end":{"line":145,"column":35}},"80":{"start":{"line":146,"column":2},"end":{"line":146,"column":35}},"81":{"start":{"line":147,"column":2},"end":{"line":147,"column":35}},"82":{"start":{"line":148,"column":2},"end":{"line":148,"column":37}},"83":{"start":{"line":149,"column":2},"end":{"line":149,"column":37}},"84":{"start":{"line":150,"column":2},"end":{"line":150,"column":35}},"85":{"start":{"line":151,"column":2},"end":{"line":151,"column":35}}},"fnMap":{"0":{"name":"(anonymous_0)","decl":{"start":{"line":53,"column":8},"end":{"line":53,"column":9}},"loc":{"start":{"line":53,"column":37},"end":{"line":56,"column":3}},"line":53},"1":{"name":"update","decl":{"start":{"line":64,"column":9},"end":{"line":64,"column":15}},"loc":{"start":{"line":64,"column":27},"end":{"line":128,"column":1}},"line":64},"2":{"name":"(anonymous_2)","decl":{"start":{"line":65,"column":14},"end":{"line":65,"column":15}},"loc":{"start":{"line":65,"column":20},"end":{"line":127,"column":3}},"line":65},"3":{"name":"doubleDigit","decl":{"start":{"line":134,"column":9},"end":{"line":134,"column":20}},"loc":{"start":{"line":134,"column":26},"end":{"line":139,"column":1}},"line":134}},"branchMap":{"0":{"loc":{"start":{"line":68,"column":4},"end":{"line":79,"column":5}},"type":"switch","locations":[{"start":{"line":69,"column":6},"end":{"line":72,"column":14}},{"start":{"line":73,"column":6},"end":{"line":76,"column":14}},{"start":{"line":77,"column":6},"end":{"line":78,"column":14}}],"line":68},"1":{"loc":{"start":{"line":80,"column":4},"end":{"line":125,"column":5}},"type":"if","locations":[{"start":{"line":80,"column":4},"end":{"line":125,"column":5}},{"start":{"line":80,"column":4},"end":{"line":125,"column":5}}],"line":80},"2":{"loc":{"start":{"line":81,"column":6},"end":{"line":118,"column":7}},"type":"if","locations":[{"start":{"line":81,"column":6},"end":{"line":118,"column":7}},{"start":{"line":81,"column":6},"end":{"line":118,"column":7}}],"line":81},"3":{"loc":{"start":{"line":82,"column":8},"end":{"line":114,"column":9}},"type":"if","locations":[{"start":{"line":82,"column":8},"end":{"line":114,"column":9}},{"start":{"line":82,"column":8},"end":{"line":114,"column":9}}],"line":82},"4":{"loc":{"start":{"line":84,"column":10},"end":{"line":108,"column":11}},"type":"if","locations":[{"start":{"line":84,"column":10},"end":{"line":108,"column":11}},{"start":{"line":84,"column":10},"end":{"line":108,"column":11}}],"line":84},"5":{"loc":{"start":{"line":87,"column":12},"end":{"line":100,"column":13}},"type":"if","locations":[{"start":{"line":87,"column":12},"end":{"line":100,"column":13}},{"start":{"line":87,"column":12},"end":{"line":100,"column":13}}],"line":87},"6":{"loc":{"start":{"line":135,"column":2},"end":{"line":137,"column":3}},"type":"if","locations":[{"start":{"line":135,"column":2},"end":{"line":137,"column":3}},{"start":{"line":135,"column":2},"end":{"line":137,"column":3}}],"line":135},"7":{"loc":{"start":{"line":141,"column":0},"end":{"line":152,"column":1}},"type":"if","locations":[{"start":{"line":141,"column":0},"end":{"line":152,"column":1}},{"start":{"line":141,"column":0},"end":{"line":152,"column":1}}],"line":141}},"s":{"0":1,"1":1,"2":1,"3":1,"4":1,"5":1,"6":1,"7":1,"8":1,"9":1,"10":1,"11":1,"12":1,"13":1,"14":1,"15":1,"16":1,"17":1,"18":1,"19":1,"20":1,"21":1,"22":1,"23":1,"24":1,"25":1,"26":1,"27":1,"28":1,"29":18328,"30":18328,"31":18328,"32":2107,"33":2107,"34":2107,"35":901,"36":901,"37":901,"38":15320,"39":18328,"40":18318,"41":323,"42":18,"43":10,"44":10,"45":2,"46":2,"47":2,"48":2,"49":2,"50":8,"51":8,"52":8,"53":8,"54":8,"55":8,"56":8,"57":8,"58":8,"59":8,"60":18,"61":305,"62":305,"63":305,"64":17995,"65":17995,"66":10,"67":10,"68":10,"69":10,"70":10,"71":18328,"72":2,"73":1,"74":1,"75":1,"76":1,"77":1,"78":1,"79":1,"80":1,"81":1,"82":1,"83":1,"84":1,"85":1},"f":{"0":1,"1":1,"2":18328,"3":2},"b":{"0":[2107,901,15320],"1":[18318,10],"2":[323,17995],"3":[18,305],"4":[10,8],"5":[2,8],"6":[1,1],"7":[1,0]},"_coverageSchema":"1a1c01bbd47fc00a2c39e90264f33305004495a9","hash":"624de45f001b6bac90313c5a43683dffe389c9eb"}
}
