TN:
SF:timer/index.js
FN:76,(anonymous_0)
FN:87,update
FN:88,(anonymous_2)
FN:156,(anonymous_3)
FN:165,updateDOM
FN:189,setProgress
FN:195,initDOM
FN:201,(anonymous_7)
FN:217,(anonymous_8)
FN:257,doubleDigit
FNF:10
FNH:8
FNDA:3,(anonymous_0)
FNDA:2,update
FNDA:18328,(anonymous_2)
FNDA:2,(anonymous_3)
FNDA:3,updateDOM
FNDA:3,setProgress
FNDA:5,initDOM
FNDA:0,(anonymous_7)
FNDA:0,(anonymous_8)
FNDA:8,doubleDigit
DA:1,2
DA:2,2
DA:3,2
DA:4,2
DA:5,2
DA:6,2
DA:7,2
DA:8,2
DA:9,2
DA:10,2
DA:11,2
DA:12,2
DA:13,2
DA:14,2
DA:16,2
DA:23,2
DA:30,2
DA:37,2
DA:44,2
DA:51,2
DA:52,2
DA:53,2
DA:54,2
DA:55,2
DA:56,2
DA:57,2
DA:58,2
DA:59,2
DA:61,2
DA:77,3
DA:78,2
DA:88,2
DA:89,18328
DA:90,18328
DA:91,18328
DA:93,2107
DA:94,2107
DA:95,2107
DA:97,901
DA:98,901
DA:99,901
DA:101,15320
DA:103,18328
DA:104,18318
DA:105,323
DA:107,18
DA:109,10
DA:110,10
DA:112,2
DA:113,2
DA:114,2
DA:115,2
DA:116,2
DA:118,8
DA:119,8
DA:120,8
DA:121,8
DA:122,8
DA:126,8
DA:127,8
DA:128,8
DA:129,8
DA:130,8
DA:132,18
DA:134,305
DA:135,305
DA:136,305
DA:139,17995
DA:140,17995
DA:143,10
DA:144,10
DA:145,10
DA:146,10
DA:147,10
DA:149,18328
DA:156,2
DA:157,2
DA:166,3
DA:167,3
DA:168,3
DA:169,3
DA:170,3
DA:171,3
DA:172,3
DA:173,3
DA:174,3
DA:175,3
DA:177,0
DA:178,0
DA:180,3
DA:181,1
DA:182,2
DA:183,1
DA:185,1
DA:190,3
DA:191,3
DA:192,3
DA:196,5
DA:197,5
DA:198,5
DA:199,5
DA:200,5
DA:201,5
DA:202,0
DA:203,0
DA:204,0
DA:205,0
DA:206,0
DA:207,0
DA:208,0
DA:210,0
DA:211,0
DA:212,0
DA:214,0
DA:217,4
DA:218,0
DA:219,0
DA:220,0
DA:221,0
DA:222,0
DA:223,0
DA:224,0
DA:225,0
DA:226,0
DA:227,0
DA:228,0
DA:229,0
DA:230,0
DA:231,0
DA:232,0
DA:233,0
DA:234,0
DA:235,0
DA:236,0
DA:237,0
DA:238,0
DA:239,0
DA:240,0
DA:241,0
DA:242,0
DA:243,0
DA:245,0
DA:246,0
DA:258,8
DA:259,1
DA:261,7
DA:264,2
DA:265,2
DA:266,2
DA:267,2
DA:268,2
DA:269,2
DA:270,2
DA:271,2
DA:272,2
DA:273,2
DA:274,2
DA:275,2
DA:276,2
DA:277,2
LF:160
LH:119
BRDA:91,0,0,2107
BRDA:91,0,1,901
BRDA:91,0,2,15320
BRDA:103,1,0,18318
BRDA:103,1,1,10
BRDA:104,2,0,323
BRDA:104,2,1,17995
BRDA:105,3,0,18
BRDA:105,3,1,305
BRDA:107,4,0,10
BRDA:107,4,1,8
BRDA:110,5,0,2
BRDA:110,5,1,8
BRDA:173,6,0,3
BRDA:173,6,1,0
BRDA:180,7,0,1
BRDA:180,7,1,2
BRDA:180,8,0,3
BRDA:180,8,1,3
BRDA:182,9,0,1
BRDA:182,9,1,1
BRDA:202,10,0,0
BRDA:202,10,1,0
BRDA:220,11,0,0
BRDA:220,11,1,0
BRDA:226,12,0,0
BRDA:226,12,1,0
BRDA:232,13,0,0
BRDA:232,13,1,0
BRDA:238,14,0,0
BRDA:238,14,1,0
BRDA:258,15,0,1
BRDA:258,15,1,7
BRDA:264,16,0,2
BRDA:264,16,1,0
BRF:35
BRH:23
end_of_record
