TN:
SF:timer/index.js
FN:53,(anonymous_0)
FN:64,update
FN:65,(anonymous_2)
FN:133,(anonymous_3)
FN:142,updateDOM
FN:156,setProgress
FN:166,initDOM
FN:172,(anonymous_7)
FN:191,(anonymous_8)
FN:233,doubleDigit
FNF:10
FNH:7
FNDA:3,(anonymous_0)
FNDA:2,update
FNDA:18328,(anonymous_2)
FNDA:2,(anonymous_3)
FNDA:3,updateDOM
FNDA:0,setProgress
FNDA:5,initDOM
FNDA:0,(anonymous_7)
FNDA:0,(anonymous_8)
FNDA:8,doubleDigit
DA:1,2
DA:2,2
DA:3,2
DA:4,2
DA:5,2
DA:6,2
DA:7,2
DA:8,2
DA:9,2
DA:10,2
DA:11,2
DA:12,2
DA:13,2
DA:14,2
DA:16,2
DA:23,2
DA:29,2
DA:30,2
DA:31,2
DA:32,2
DA:33,2
DA:34,2
DA:35,2
DA:36,2
DA:37,2
DA:39,2
DA:54,3
DA:55,2
DA:65,2
DA:66,18328
DA:67,18328
DA:68,18328
DA:70,2107
DA:71,2107
DA:72,2107
DA:74,901
DA:75,901
DA:76,901
DA:78,15320
DA:80,18328
DA:81,18318
DA:82,323
DA:84,18
DA:86,10
DA:87,10
DA:89,2
DA:90,2
DA:91,2
DA:92,2
DA:93,2
DA:95,8
DA:96,8
DA:97,8
DA:98,8
DA:99,8
DA:103,8
DA:104,8
DA:105,8
DA:106,8
DA:107,8
DA:109,18
DA:111,305
DA:112,305
DA:113,305
DA:116,17995
DA:117,17995
DA:120,10
DA:121,10
DA:122,10
DA:123,10
DA:124,10
DA:126,18328
DA:133,2
DA:134,2
DA:143,3
DA:144,3
DA:145,3
DA:146,3
DA:147,3
DA:148,1
DA:149,2
DA:150,1
DA:151,1
DA:152,1
DA:157,0
DA:158,0
DA:159,0
DA:160,0
DA:161,0
DA:162,0
DA:163,0
DA:167,5
DA:168,5
DA:169,5
DA:170,5
DA:172,5
DA:173,0
DA:174,0
DA:175,0
DA:176,0
DA:177,0
DA:178,0
DA:179,0
DA:180,0
DA:181,0
DA:183,0
DA:184,0
DA:185,0
DA:186,0
DA:187,0
DA:191,4
DA:192,0
DA:193,0
DA:194,0
DA:195,0
DA:196,0
DA:197,0
DA:198,0
DA:199,0
DA:200,0
DA:201,0
DA:202,0
DA:203,0
DA:204,0
DA:205,0
DA:206,0
DA:207,0
DA:208,0
DA:209,0
DA:210,0
DA:211,0
DA:212,0
DA:213,0
DA:214,0
DA:215,0
DA:216,0
DA:217,0
DA:219,0
DA:220,0
DA:221,0
DA:222,0
DA:234,8
DA:235,1
DA:237,7
DA:240,2
DA:241,2
DA:242,2
DA:243,2
DA:244,2
DA:245,2
DA:246,2
DA:247,2
DA:248,2
DA:249,2
DA:250,2
DA:251,2
DA:252,2
DA:253,2
LF:158
LH:107
BRDA:68,0,0,2107
BRDA:68,0,1,901
BRDA:68,0,2,15320
BRDA:80,1,0,18318
BRDA:80,1,1,10
BRDA:81,2,0,323
BRDA:81,2,1,17995
BRDA:82,3,0,18
BRDA:82,3,1,305
BRDA:84,4,0,10
BRDA:84,4,1,8
BRDA:87,5,0,2
BRDA:87,5,1,8
BRDA:147,6,0,1
BRDA:147,6,1,2
BRDA:147,7,0,3
BRDA:147,7,1,3
BRDA:149,8,0,1
BRDA:149,8,1,1
BRDA:151,9,0,1
BRDA:151,9,1,0
BRDA:173,10,0,0
BRDA:173,10,1,0
BRDA:194,11,0,0
BRDA:194,11,1,0
BRDA:200,12,0,0
BRDA:200,12,1,0
BRDA:206,13,0,0
BRDA:206,13,1,0
BRDA:212,14,0,0
BRDA:212,14,1,0
BRDA:234,15,0,1
BRDA:234,15,1,7
BRDA:240,16,0,2
BRDA:240,16,1,0
BRF:35
BRH:23
end_of_record
